2022-06-03 12:06:42.781 INFO  [acme.Launcher@main] Starting Launcher using Java 1.8.0_281 on LAPTOP-2KFP8ESS with PID 13236 (C:\Users\river\Downloads\Workspace-22.0\Frameworks\Acme-Framework-22.7\target\classes started by river in C:\Users\river\Downloads\Workspace-22.0\Projects\jesrivgal-D06) 
2022-06-03 12:06:42.784 DEBUG [acme.Launcher@main] Running with Spring Boot v2.4.2, Spring v5.3.3 
2022-06-03 12:06:42.787 INFO  [acme.Launcher@main] The following profiles are active: development,default 
2022-06-03 12:06:56.751 DEBUG [org.apache.jasper.servlet.JasperInitializer@main] Initializing Jasper for context [application] 
2022-06-03 12:07:15.735 DEBUG [org.apache.jasper.servlet.JspServlet@main] Scratch dir for the JSP engine is: [C:\Users\river\AppData\Local\Temp\tomcat.8080.5462978905924778254\work\Tomcat\localhost\acme-toolkits-22.1] 
2022-06-03 12:07:15.736 DEBUG [org.apache.jasper.servlet.JspServlet@main] IMPORTANT: Do not modify the generated servlets 
2022-06-03 12:07:15.765 INFO  [acme.Launcher@main] Started Launcher in 35.929 seconds (JVM running for 38.434) 
2022-06-03 12:07:15.777 DEBUG [acme.Launcher@main] Found classpath entry '/C:/Users/river/Downloads/Workspace-22.0/Projects/jesrivgal-D06/target/test-classes/' 
2022-06-03 12:07:15.777 DEBUG [acme.Launcher@main] Found classpath entry '/C:/Users/river/Downloads/Workspace-22.0/Projects/jesrivgal-D06/target/classes/' 
2022-06-03 12:07:15.777 DEBUG [acme.Launcher@main] Found classpath entry '/C:/Users/river/Downloads/Workspace-22.0/Projects/jesrivgal-D06/library/spamDetector.jar' 
2022-06-03 12:07:15.778 DEBUG [acme.Launcher@main] Found classpath entry '/C:/Users/river/Downloads/Workspace-22.0/Frameworks/Acme-Framework-22.7/target/classes/' 
2022-06-03 12:07:15.780 DEBUG [acme.Launcher@main] Found classpath entry '/C:/Users/river/Downloads/Workspace-22.0/Frameworks/Acme-Framework-22.7/target/test-classes/' 
2022-06-03 12:07:15.780 DEBUG [acme.Launcher@main] Found classpath entry '/C:/Users/river/.m2/repository/org/springframework/boot/spring-boot-starter-tomcat/2.4.2/spring-boot-starter-tomcat-2.4.2.jar' 
2022-06-03 12:07:15.781 DEBUG [acme.Launcher@main] Found classpath entry '/C:/Users/river/.m2/repository/jakarta/annotation/jakarta.annotation-api/1.3.5/jakarta.annotation-api-1.3.5.jar' 
2022-06-03 12:07:15.782 DEBUG [acme.Launcher@main] Found classpath entry '/C:/Users/river/.m2/repository/org/apache/tomcat/embed/tomcat-embed-core/9.0.41/tomcat-embed-core-9.0.41.jar' 
2022-06-03 12:07:15.782 DEBUG [acme.Launcher@main] Found classpath entry '/C:/Users/river/.m2/repository/org/glassfish/jakarta.el/3.0.3/jakarta.el-3.0.3.jar' 
2022-06-03 12:07:15.783 DEBUG [acme.Launcher@main] Found classpath entry '/C:/Users/river/.m2/repository/org/apache/tomcat/embed/tomcat-embed-websocket/9.0.41/tomcat-embed-websocket-9.0.41.jar' 
2022-06-03 12:07:15.785 DEBUG [acme.Launcher@main] Found classpath entry '/C:/Users/river/.m2/repository/org/apache/tomcat/embed/tomcat-embed-jasper/9.0.41/tomcat-embed-jasper-9.0.41.jar' 
2022-06-03 12:07:15.786 DEBUG [acme.Launcher@main] Found classpath entry '/C:/Users/river/.m2/repository/org/apache/tomcat/embed/tomcat-embed-el/9.0.41/tomcat-embed-el-9.0.41.jar' 
2022-06-03 12:07:15.786 DEBUG [acme.Launcher@main] Found classpath entry '/C:/Users/river/.m2/repository/org/eclipse/jdt/ecj/3.18.0/ecj-3.18.0.jar' 
2022-06-03 12:07:15.787 DEBUG [acme.Launcher@main] Found classpath entry '/C:/Users/river/.m2/repository/javax/servlet/jstl/1.2/jstl-1.2.jar' 
2022-06-03 12:07:15.789 DEBUG [acme.Launcher@main] Found classpath entry '/C:/Users/river/.m2/repository/org/springframework/boot/spring-boot-starter-security/2.4.2/spring-boot-starter-security-2.4.2.jar' 
2022-06-03 12:07:15.789 DEBUG [acme.Launcher@main] Found classpath entry '/C:/Users/river/.m2/repository/org/springframework/boot/spring-boot-starter/2.4.2/spring-boot-starter-2.4.2.jar' 
2022-06-03 12:07:15.789 DEBUG [acme.Launcher@main] Found classpath entry '/C:/Users/river/.m2/repository/org/springframework/boot/spring-boot/2.4.2/spring-boot-2.4.2.jar' 
2022-06-03 12:07:15.790 DEBUG [acme.Launcher@main] Found classpath entry '/C:/Users/river/.m2/repository/org/springframework/boot/spring-boot-autoconfigure/2.4.2/spring-boot-autoconfigure-2.4.2.jar' 
2022-06-03 12:07:15.791 DEBUG [acme.Launcher@main] Found classpath entry '/C:/Users/river/.m2/repository/org/springframework/boot/spring-boot-starter-logging/2.4.2/spring-boot-starter-logging-2.4.2.jar' 
2022-06-03 12:07:15.791 DEBUG [acme.Launcher@main] Found classpath entry '/C:/Users/river/.m2/repository/ch/qos/logback/logback-classic/1.2.3/logback-classic-1.2.3.jar' 
2022-06-03 12:07:15.792 DEBUG [acme.Launcher@main] Found classpath entry '/C:/Users/river/.m2/repository/ch/qos/logback/logback-core/1.2.3/logback-core-1.2.3.jar' 
2022-06-03 12:07:15.792 DEBUG [acme.Launcher@main] Found classpath entry '/C:/Users/river/.m2/repository/org/apache/logging/log4j/log4j-to-slf4j/2.13.3/log4j-to-slf4j-2.13.3.jar' 
2022-06-03 12:07:15.793 DEBUG [acme.Launcher@main] Found classpath entry '/C:/Users/river/.m2/repository/org/apache/logging/log4j/log4j-api/2.13.3/log4j-api-2.13.3.jar' 
2022-06-03 12:07:15.793 DEBUG [acme.Launcher@main] Found classpath entry '/C:/Users/river/.m2/repository/org/slf4j/jul-to-slf4j/1.7.30/jul-to-slf4j-1.7.30.jar' 
2022-06-03 12:07:15.796 DEBUG [acme.Launcher@main] Found classpath entry '/C:/Users/river/.m2/repository/org/yaml/snakeyaml/1.27/snakeyaml-1.27.jar' 
2022-06-03 12:07:15.797 DEBUG [acme.Launcher@main] Found classpath entry '/C:/Users/river/.m2/repository/org/springframework/spring-aop/5.3.3/spring-aop-5.3.3.jar' 
2022-06-03 12:07:15.797 DEBUG [acme.Launcher@main] Found classpath entry '/C:/Users/river/.m2/repository/org/springframework/security/spring-security-web/5.4.2/spring-security-web-5.4.2.jar' 
2022-06-03 12:07:15.801 DEBUG [acme.Launcher@main] Found classpath entry '/C:/Users/river/.m2/repository/org/springframework/security/spring-security-core/5.4.2/spring-security-core-5.4.2.jar' 
2022-06-03 12:07:15.802 DEBUG [acme.Launcher@main] Found classpath entry '/C:/Users/river/.m2/repository/org/springframework/spring-beans/5.3.3/spring-beans-5.3.3.jar' 
2022-06-03 12:07:15.802 DEBUG [acme.Launcher@main] Found classpath entry '/C:/Users/river/.m2/repository/org/springframework/spring-context/5.3.3/spring-context-5.3.3.jar' 
2022-06-03 12:07:15.802 DEBUG [acme.Launcher@main] Found classpath entry '/C:/Users/river/.m2/repository/org/springframework/spring-core/5.3.3/spring-core-5.3.3.jar' 
2022-06-03 12:07:15.802 DEBUG [acme.Launcher@main] Found classpath entry '/C:/Users/river/.m2/repository/org/springframework/spring-jcl/5.3.3/spring-jcl-5.3.3.jar' 
2022-06-03 12:07:15.803 DEBUG [acme.Launcher@main] Found classpath entry '/C:/Users/river/.m2/repository/org/springframework/spring-expression/5.3.3/spring-expression-5.3.3.jar' 
2022-06-03 12:07:15.803 DEBUG [acme.Launcher@main] Found classpath entry '/C:/Users/river/.m2/repository/org/springframework/spring-web/5.3.3/spring-web-5.3.3.jar' 
2022-06-03 12:07:15.804 DEBUG [acme.Launcher@main] Found classpath entry '/C:/Users/river/.m2/repository/org/springframework/security/spring-security-config/5.4.2/spring-security-config-5.4.2.jar' 
2022-06-03 12:07:15.804 DEBUG [acme.Launcher@main] Found classpath entry '/C:/Users/river/.m2/repository/org/springframework/security/spring-security-taglibs/5.4.2/spring-security-taglibs-5.4.2.jar' 
2022-06-03 12:07:15.804 DEBUG [acme.Launcher@main] Found classpath entry '/C:/Users/river/.m2/repository/org/springframework/security/spring-security-acl/5.4.2/spring-security-acl-5.4.2.jar' 
2022-06-03 12:07:15.804 DEBUG [acme.Launcher@main] Found classpath entry '/C:/Users/river/.m2/repository/org/springframework/spring-jdbc/5.3.3/spring-jdbc-5.3.3.jar' 
2022-06-03 12:07:15.804 DEBUG [acme.Launcher@main] Found classpath entry '/C:/Users/river/.m2/repository/org/springframework/spring-tx/5.3.3/spring-tx-5.3.3.jar' 
2022-06-03 12:07:15.806 DEBUG [acme.Launcher@main] Found classpath entry '/C:/Users/river/.m2/repository/org/springframework/boot/spring-boot-starter-web/2.4.2/spring-boot-starter-web-2.4.2.jar' 
2022-06-03 12:07:15.808 DEBUG [acme.Launcher@main] Found classpath entry '/C:/Users/river/.m2/repository/org/springframework/boot/spring-boot-starter-json/2.4.2/spring-boot-starter-json-2.4.2.jar' 
2022-06-03 12:07:15.808 DEBUG [acme.Launcher@main] Found classpath entry '/C:/Users/river/.m2/repository/com/fasterxml/jackson/core/jackson-databind/2.11.4/jackson-databind-2.11.4.jar' 
2022-06-03 12:07:15.809 DEBUG [acme.Launcher@main] Found classpath entry '/C:/Users/river/.m2/repository/com/fasterxml/jackson/core/jackson-annotations/2.11.4/jackson-annotations-2.11.4.jar' 
2022-06-03 12:07:15.809 DEBUG [acme.Launcher@main] Found classpath entry '/C:/Users/river/.m2/repository/com/fasterxml/jackson/core/jackson-core/2.11.4/jackson-core-2.11.4.jar' 
2022-06-03 12:07:15.809 DEBUG [acme.Launcher@main] Found classpath entry '/C:/Users/river/.m2/repository/com/fasterxml/jackson/datatype/jackson-datatype-jdk8/2.11.4/jackson-datatype-jdk8-2.11.4.jar' 
2022-06-03 12:07:15.809 DEBUG [acme.Launcher@main] Found classpath entry '/C:/Users/river/.m2/repository/com/fasterxml/jackson/datatype/jackson-datatype-jsr310/2.11.4/jackson-datatype-jsr310-2.11.4.jar' 
2022-06-03 12:07:15.810 DEBUG [acme.Launcher@main] Found classpath entry '/C:/Users/river/.m2/repository/com/fasterxml/jackson/module/jackson-module-parameter-names/2.11.4/jackson-module-parameter-names-2.11.4.jar' 
2022-06-03 12:07:15.811 DEBUG [acme.Launcher@main] Found classpath entry '/C:/Users/river/.m2/repository/org/springframework/spring-webmvc/5.3.3/spring-webmvc-5.3.3.jar' 
2022-06-03 12:07:15.811 DEBUG [acme.Launcher@main] Found classpath entry '/C:/Users/river/.m2/repository/org/apache/tiles/tiles-jsp/3.0.8/tiles-jsp-3.0.8.jar' 
2022-06-03 12:07:15.811 DEBUG [acme.Launcher@main] Found classpath entry '/C:/Users/river/.m2/repository/org/apache/tiles/tiles-servlet/3.0.8/tiles-servlet-3.0.8.jar' 
2022-06-03 12:07:15.812 DEBUG [acme.Launcher@main] Found classpath entry '/C:/Users/river/.m2/repository/org/apache/tiles/tiles-core/3.0.8/tiles-core-3.0.8.jar' 
2022-06-03 12:07:15.813 DEBUG [acme.Launcher@main] Found classpath entry '/C:/Users/river/.m2/repository/commons-digester/commons-digester/2.0/commons-digester-2.0.jar' 
2022-06-03 12:07:15.813 DEBUG [acme.Launcher@main] Found classpath entry '/C:/Users/river/.m2/repository/org/slf4j/jcl-over-slf4j/1.7.30/jcl-over-slf4j-1.7.30.jar' 
2022-06-03 12:07:15.813 DEBUG [acme.Launcher@main] Found classpath entry '/C:/Users/river/.m2/repository/org/apache/tiles/tiles-request-servlet/1.0.7/tiles-request-servlet-1.0.7.jar' 
2022-06-03 12:07:15.815 DEBUG [acme.Launcher@main] Found classpath entry '/C:/Users/river/.m2/repository/org/apache/tiles/tiles-template/3.0.8/tiles-template-3.0.8.jar' 
2022-06-03 12:07:15.815 DEBUG [acme.Launcher@main] Found classpath entry '/C:/Users/river/.m2/repository/org/apache/tiles/tiles-api/3.0.8/tiles-api-3.0.8.jar' 
2022-06-03 12:07:15.815 DEBUG [acme.Launcher@main] Found classpath entry '/C:/Users/river/.m2/repository/org/apache/tiles/tiles-autotag-core-runtime/1.2/tiles-autotag-core-runtime-1.2.jar' 
2022-06-03 12:07:15.824 DEBUG [acme.Launcher@main] Found classpath entry '/C:/Users/river/.m2/repository/org/slf4j/slf4j-api/1.7.30/slf4j-api-1.7.30.jar' 
2022-06-03 12:07:15.824 DEBUG [acme.Launcher@main] Found classpath entry '/C:/Users/river/.m2/repository/org/apache/tiles/tiles-request-jsp/1.0.7/tiles-request-jsp-1.0.7.jar' 
2022-06-03 12:07:15.824 DEBUG [acme.Launcher@main] Found classpath entry '/C:/Users/river/.m2/repository/org/apache/tiles/tiles-request-api/1.0.7/tiles-request-api-1.0.7.jar' 
2022-06-03 12:07:15.824 DEBUG [acme.Launcher@main] Found classpath entry '/C:/Users/river/.m2/repository/org/springframework/boot/spring-boot-starter-data-jpa/2.4.2/spring-boot-starter-data-jpa-2.4.2.jar' 
2022-06-03 12:07:15.824 DEBUG [acme.Launcher@main] Found classpath entry '/C:/Users/river/.m2/repository/org/springframework/boot/spring-boot-starter-aop/2.4.2/spring-boot-starter-aop-2.4.2.jar' 
2022-06-03 12:07:15.824 DEBUG [acme.Launcher@main] Found classpath entry '/C:/Users/river/.m2/repository/org/aspectj/aspectjweaver/1.9.6/aspectjweaver-1.9.6.jar' 
2022-06-03 12:07:15.825 DEBUG [acme.Launcher@main] Found classpath entry '/C:/Users/river/.m2/repository/org/springframework/boot/spring-boot-starter-jdbc/2.4.2/spring-boot-starter-jdbc-2.4.2.jar' 
2022-06-03 12:07:15.825 DEBUG [acme.Launcher@main] Found classpath entry '/C:/Users/river/.m2/repository/jakarta/transaction/jakarta.transaction-api/1.3.3/jakarta.transaction-api-1.3.3.jar' 
2022-06-03 12:07:15.825 DEBUG [acme.Launcher@main] Found classpath entry '/C:/Users/river/.m2/repository/jakarta/persistence/jakarta.persistence-api/2.2.3/jakarta.persistence-api-2.2.3.jar' 
2022-06-03 12:07:15.826 DEBUG [acme.Launcher@main] Found classpath entry '/C:/Users/river/.m2/repository/org/hibernate/hibernate-core/5.4.27.Final/hibernate-core-5.4.27.Final.jar' 
2022-06-03 12:07:15.826 DEBUG [acme.Launcher@main] Found classpath entry '/C:/Users/river/.m2/repository/org/jboss/logging/jboss-logging/3.4.1.Final/jboss-logging-3.4.1.Final.jar' 
2022-06-03 12:07:15.826 DEBUG [acme.Launcher@main] Found classpath entry '/C:/Users/river/.m2/repository/org/javassist/javassist/3.27.0-GA/javassist-3.27.0-GA.jar' 
2022-06-03 12:07:15.826 DEBUG [acme.Launcher@main] Found classpath entry '/C:/Users/river/.m2/repository/antlr/antlr/2.7.7/antlr-2.7.7.jar' 
2022-06-03 12:07:15.826 DEBUG [acme.Launcher@main] Found classpath entry '/C:/Users/river/.m2/repository/org/jboss/jandex/2.1.3.Final/jandex-2.1.3.Final.jar' 
2022-06-03 12:07:15.826 DEBUG [acme.Launcher@main] Found classpath entry '/C:/Users/river/.m2/repository/com/fasterxml/classmate/1.5.1/classmate-1.5.1.jar' 
2022-06-03 12:07:15.827 DEBUG [acme.Launcher@main] Found classpath entry '/C:/Users/river/.m2/repository/org/dom4j/dom4j/2.1.3/dom4j-2.1.3.jar' 
2022-06-03 12:07:15.827 DEBUG [acme.Launcher@main] Found classpath entry '/C:/Users/river/.m2/repository/org/hibernate/common/hibernate-commons-annotations/5.1.2.Final/hibernate-commons-annotations-5.1.2.Final.jar' 
2022-06-03 12:07:15.828 DEBUG [acme.Launcher@main] Found classpath entry '/C:/Users/river/.m2/repository/org/glassfish/jaxb/jaxb-runtime/2.3.3/jaxb-runtime-2.3.3.jar' 
2022-06-03 12:07:15.829 DEBUG [acme.Launcher@main] Found classpath entry '/C:/Users/river/.m2/repository/org/glassfish/jaxb/txw2/2.3.3/txw2-2.3.3.jar' 
2022-06-03 12:07:15.830 DEBUG [acme.Launcher@main] Found classpath entry '/C:/Users/river/.m2/repository/com/sun/istack/istack-commons-runtime/3.0.11/istack-commons-runtime-3.0.11.jar' 
2022-06-03 12:07:15.830 DEBUG [acme.Launcher@main] Found classpath entry '/C:/Users/river/.m2/repository/com/sun/activation/jakarta.activation/1.2.2/jakarta.activation-1.2.2.jar' 
2022-06-03 12:07:15.831 DEBUG [acme.Launcher@main] Found classpath entry '/C:/Users/river/.m2/repository/org/springframework/data/spring-data-jpa/2.4.3/spring-data-jpa-2.4.3.jar' 
2022-06-03 12:07:15.831 DEBUG [acme.Launcher@main] Found classpath entry '/C:/Users/river/.m2/repository/org/springframework/data/spring-data-commons/2.4.3/spring-data-commons-2.4.3.jar' 
2022-06-03 12:07:15.831 DEBUG [acme.Launcher@main] Found classpath entry '/C:/Users/river/.m2/repository/org/springframework/spring-orm/5.3.3/spring-orm-5.3.3.jar' 
2022-06-03 12:07:15.831 DEBUG [acme.Launcher@main] Found classpath entry '/C:/Users/river/.m2/repository/org/springframework/spring-aspects/5.3.3/spring-aspects-5.3.3.jar' 
2022-06-03 12:07:15.832 DEBUG [acme.Launcher@main] Found classpath entry '/C:/Users/river/.m2/repository/org/springframework/boot/spring-boot-starter-validation/2.4.2/spring-boot-starter-validation-2.4.2.jar' 
2022-06-03 12:07:15.832 DEBUG [acme.Launcher@main] Found classpath entry '/C:/Users/river/.m2/repository/org/hibernate/validator/hibernate-validator/6.1.7.Final/hibernate-validator-6.1.7.Final.jar' 
2022-06-03 12:07:15.833 DEBUG [acme.Launcher@main] Found classpath entry '/C:/Users/river/.m2/repository/jakarta/validation/jakarta.validation-api/2.0.2/jakarta.validation-api-2.0.2.jar' 
2022-06-03 12:07:15.833 DEBUG [acme.Launcher@main] Found classpath entry '/C:/Users/river/.m2/repository/mysql/mysql-connector-java/8.0.22/mysql-connector-java-8.0.22.jar' 
2022-06-03 12:07:15.852 DEBUG [acme.Launcher@main] Found classpath entry '/C:/Users/river/.m2/repository/com/zaxxer/HikariCP/3.4.5/HikariCP-3.4.5.jar' 
2022-06-03 12:07:15.852 DEBUG [acme.Launcher@main] Found classpath entry '/C:/Users/river/.m2/repository/org/springframework/boot/spring-boot-starter-test/2.4.2/spring-boot-starter-test-2.4.2.jar' 
2022-06-03 12:07:15.853 DEBUG [acme.Launcher@main] Found classpath entry '/C:/Users/river/.m2/repository/org/springframework/boot/spring-boot-test/2.4.2/spring-boot-test-2.4.2.jar' 
2022-06-03 12:07:15.853 DEBUG [acme.Launcher@main] Found classpath entry '/C:/Users/river/.m2/repository/org/springframework/boot/spring-boot-test-autoconfigure/2.4.2/spring-boot-test-autoconfigure-2.4.2.jar' 
2022-06-03 12:07:15.853 DEBUG [acme.Launcher@main] Found classpath entry '/C:/Users/river/.m2/repository/com/jayway/jsonpath/json-path/2.4.0/json-path-2.4.0.jar' 
2022-06-03 12:07:15.853 DEBUG [acme.Launcher@main] Found classpath entry '/C:/Users/river/.m2/repository/net/minidev/json-smart/2.3/json-smart-2.3.jar' 
2022-06-03 12:07:15.854 DEBUG [acme.Launcher@main] Found classpath entry '/C:/Users/river/.m2/repository/net/minidev/accessors-smart/1.2/accessors-smart-1.2.jar' 
2022-06-03 12:07:15.854 DEBUG [acme.Launcher@main] Found classpath entry '/C:/Users/river/.m2/repository/org/ow2/asm/asm/5.0.4/asm-5.0.4.jar' 
2022-06-03 12:07:15.854 DEBUG [acme.Launcher@main] Found classpath entry '/C:/Users/river/.m2/repository/jakarta/xml/bind/jakarta.xml.bind-api/2.3.3/jakarta.xml.bind-api-2.3.3.jar' 
2022-06-03 12:07:15.854 DEBUG [acme.Launcher@main] Found classpath entry '/C:/Users/river/.m2/repository/jakarta/activation/jakarta.activation-api/1.2.2/jakarta.activation-api-1.2.2.jar' 
2022-06-03 12:07:15.855 DEBUG [acme.Launcher@main] Found classpath entry '/C:/Users/river/.m2/repository/org/assertj/assertj-core/3.18.1/assertj-core-3.18.1.jar' 
2022-06-03 12:07:15.855 DEBUG [acme.Launcher@main] Found classpath entry '/C:/Users/river/.m2/repository/org/hamcrest/hamcrest/2.2/hamcrest-2.2.jar' 
2022-06-03 12:07:15.855 DEBUG [acme.Launcher@main] Found classpath entry '/C:/Users/river/.m2/repository/org/junit/jupiter/junit-jupiter/5.7.0/junit-jupiter-5.7.0.jar' 
2022-06-03 12:07:15.855 DEBUG [acme.Launcher@main] Found classpath entry '/C:/Users/river/.m2/repository/org/mockito/mockito-core/3.6.28/mockito-core-3.6.28.jar' 
2022-06-03 12:07:15.856 DEBUG [acme.Launcher@main] Found classpath entry '/C:/Users/river/.m2/repository/net/bytebuddy/byte-buddy-agent/1.10.19/byte-buddy-agent-1.10.19.jar' 
2022-06-03 12:07:15.856 DEBUG [acme.Launcher@main] Found classpath entry '/C:/Users/river/.m2/repository/org/objenesis/objenesis/3.1/objenesis-3.1.jar' 
2022-06-03 12:07:15.857 DEBUG [acme.Launcher@main] Found classpath entry '/C:/Users/river/.m2/repository/org/mockito/mockito-junit-jupiter/3.6.28/mockito-junit-jupiter-3.6.28.jar' 
2022-06-03 12:07:15.857 DEBUG [acme.Launcher@main] Found classpath entry '/C:/Users/river/.m2/repository/org/skyscreamer/jsonassert/1.5.0/jsonassert-1.5.0.jar' 
2022-06-03 12:07:15.858 DEBUG [acme.Launcher@main] Found classpath entry '/C:/Users/river/.m2/repository/com/vaadin/external/google/android-json/0.0.20131108.vaadin1/android-json-0.0.20131108.vaadin1.jar' 
2022-06-03 12:07:15.858 DEBUG [acme.Launcher@main] Found classpath entry '/C:/Users/river/.m2/repository/org/springframework/spring-test/5.3.3/spring-test-5.3.3.jar' 
2022-06-03 12:07:15.859 DEBUG [acme.Launcher@main] Found classpath entry '/C:/Users/river/.m2/repository/org/xmlunit/xmlunit-core/2.7.0/xmlunit-core-2.7.0.jar' 
2022-06-03 12:07:15.860 DEBUG [acme.Launcher@main] Found classpath entry '/C:/Users/river/.m2/repository/org/junit/jupiter/junit-jupiter-engine/5.7.0/junit-jupiter-engine-5.7.0.jar' 
2022-06-03 12:07:15.860 DEBUG [acme.Launcher@main] Found classpath entry '/C:/Users/river/.m2/repository/org/apiguardian/apiguardian-api/1.1.0/apiguardian-api-1.1.0.jar' 
2022-06-03 12:07:15.860 DEBUG [acme.Launcher@main] Found classpath entry '/C:/Users/river/.m2/repository/org/junit/platform/junit-platform-engine/1.7.0/junit-platform-engine-1.7.0.jar' 
2022-06-03 12:07:15.860 DEBUG [acme.Launcher@main] Found classpath entry '/C:/Users/river/.m2/repository/org/junit/jupiter/junit-jupiter-api/5.7.0/junit-jupiter-api-5.7.0.jar' 
2022-06-03 12:07:15.860 DEBUG [acme.Launcher@main] Found classpath entry '/C:/Users/river/.m2/repository/org/opentest4j/opentest4j/1.2.0/opentest4j-1.2.0.jar' 
2022-06-03 12:07:15.861 DEBUG [acme.Launcher@main] Found classpath entry '/C:/Users/river/.m2/repository/org/junit/platform/junit-platform-commons/1.7.0/junit-platform-commons-1.7.0.jar' 
2022-06-03 12:07:15.861 DEBUG [acme.Launcher@main] Found classpath entry '/C:/Users/river/.m2/repository/org/junit/jupiter/junit-jupiter-params/5.7.0/junit-jupiter-params-5.7.0.jar' 
2022-06-03 12:07:15.862 DEBUG [acme.Launcher@main] Found classpath entry '/C:/Users/river/.m2/repository/org/junit/platform/junit-platform-launcher/1.7.0/junit-platform-launcher-1.7.0.jar' 
2022-06-03 12:07:15.862 DEBUG [acme.Launcher@main] Found classpath entry '/C:/Users/river/.m2/repository/org/seleniumhq/selenium/selenium-java/3.141.59/selenium-java-3.141.59.jar' 
2022-06-03 12:07:15.862 DEBUG [acme.Launcher@main] Found classpath entry '/C:/Users/river/.m2/repository/org/seleniumhq/selenium/selenium-api/3.141.59/selenium-api-3.141.59.jar' 
2022-06-03 12:07:15.866 DEBUG [acme.Launcher@main] Found classpath entry '/C:/Users/river/.m2/repository/org/seleniumhq/selenium/selenium-chrome-driver/3.141.59/selenium-chrome-driver-3.141.59.jar' 
2022-06-03 12:07:15.870 DEBUG [acme.Launcher@main] Found classpath entry '/C:/Users/river/.m2/repository/org/seleniumhq/selenium/selenium-edge-driver/3.141.59/selenium-edge-driver-3.141.59.jar' 
2022-06-03 12:07:15.870 DEBUG [acme.Launcher@main] Found classpath entry '/C:/Users/river/.m2/repository/org/seleniumhq/selenium/selenium-firefox-driver/3.141.59/selenium-firefox-driver-3.141.59.jar' 
2022-06-03 12:07:15.874 DEBUG [acme.Launcher@main] Found classpath entry '/C:/Users/river/.m2/repository/org/seleniumhq/selenium/selenium-ie-driver/3.141.59/selenium-ie-driver-3.141.59.jar' 
2022-06-03 12:07:15.876 DEBUG [acme.Launcher@main] Found classpath entry '/C:/Users/river/.m2/repository/org/seleniumhq/selenium/selenium-opera-driver/3.141.59/selenium-opera-driver-3.141.59.jar' 
2022-06-03 12:07:15.876 DEBUG [acme.Launcher@main] Found classpath entry '/C:/Users/river/.m2/repository/org/seleniumhq/selenium/selenium-remote-driver/3.141.59/selenium-remote-driver-3.141.59.jar' 
2022-06-03 12:07:15.876 DEBUG [acme.Launcher@main] Found classpath entry '/C:/Users/river/.m2/repository/org/seleniumhq/selenium/selenium-safari-driver/3.141.59/selenium-safari-driver-3.141.59.jar' 
2022-06-03 12:07:15.877 DEBUG [acme.Launcher@main] Found classpath entry '/C:/Users/river/.m2/repository/org/seleniumhq/selenium/selenium-support/3.141.59/selenium-support-3.141.59.jar' 
2022-06-03 12:07:15.877 DEBUG [acme.Launcher@main] Found classpath entry '/C:/Users/river/.m2/repository/net/bytebuddy/byte-buddy/1.10.19/byte-buddy-1.10.19.jar' 
2022-06-03 12:07:15.878 DEBUG [acme.Launcher@main] Found classpath entry '/C:/Users/river/.m2/repository/org/apache/commons/commons-exec/1.3/commons-exec-1.3.jar' 
2022-06-03 12:07:15.878 DEBUG [acme.Launcher@main] Found classpath entry '/C:/Users/river/.m2/repository/com/google/guava/guava/25.0-jre/guava-25.0-jre.jar' 
2022-06-03 12:07:15.878 DEBUG [acme.Launcher@main] Found classpath entry '/C:/Users/river/.m2/repository/com/google/code/findbugs/jsr305/1.3.9/jsr305-1.3.9.jar' 
2022-06-03 12:07:15.878 DEBUG [acme.Launcher@main] Found classpath entry '/C:/Users/river/.m2/repository/org/checkerframework/checker-compat-qual/2.0.0/checker-compat-qual-2.0.0.jar' 
2022-06-03 12:07:15.879 DEBUG [acme.Launcher@main] Found classpath entry '/C:/Users/river/.m2/repository/com/google/errorprone/error_prone_annotations/2.1.3/error_prone_annotations-2.1.3.jar' 
2022-06-03 12:07:15.879 DEBUG [acme.Launcher@main] Found classpath entry '/C:/Users/river/.m2/repository/com/google/j2objc/j2objc-annotations/1.1/j2objc-annotations-1.1.jar' 
2022-06-03 12:07:15.879 DEBUG [acme.Launcher@main] Found classpath entry '/C:/Users/river/.m2/repository/org/codehaus/mojo/animal-sniffer-annotations/1.14/animal-sniffer-annotations-1.14.jar' 
2022-06-03 12:07:15.879 DEBUG [acme.Launcher@main] Found classpath entry '/C:/Users/river/.m2/repository/com/squareup/okhttp3/okhttp/3.14.9/okhttp-3.14.9.jar' 
2022-06-03 12:07:15.880 DEBUG [acme.Launcher@main] Found classpath entry '/C:/Users/river/.m2/repository/com/squareup/okio/okio/1.14.0/okio-1.14.0.jar' 
2022-06-03 12:07:15.881 DEBUG [acme.Launcher@main] Found classpath entry '/C:/Users/river/.m2/repository/org/apache/commons/commons-lang3/3.11/commons-lang3-3.11.jar' 
2022-06-03 12:07:15.881 DEBUG [acme.Launcher@main] Found classpath entry '/C:/Users/river/.m2/repository/org/apache/commons/commons-text/1.8/commons-text-1.8.jar' 
2022-06-03 12:07:15.882 DEBUG [acme.Launcher@main] Found classpath entry '/C:/Users/river/.m2/repository/commons-io/commons-io/2.6/commons-io-2.6.jar' 
2022-06-03 12:07:15.882 DEBUG [acme.Launcher@main] Found classpath entry '/C:/Users/river/.m2/repository/commons-cli/commons-cli/1.4/commons-cli-1.4.jar' 
2022-06-03 12:07:15.882 DEBUG [acme.Launcher@main] Found classpath entry '/C:/Users/river/.m2/repository/org/projectlombok/lombok/1.18.16/lombok-1.18.16.jar' 
2022-06-03 12:07:15.882 DEBUG [acme.Launcher@main] Found classpath entry '/C:/Users/river/.m2/repository/com/opencsv/opencsv/5.4/opencsv-5.4.jar' 
2022-06-03 12:07:15.882 DEBUG [acme.Launcher@main] Found classpath entry '/C:/Users/river/.m2/repository/commons-beanutils/commons-beanutils/1.9.4/commons-beanutils-1.9.4.jar' 
2022-06-03 12:07:15.882 DEBUG [acme.Launcher@main] Found classpath entry '/C:/Users/river/.m2/repository/commons-logging/commons-logging/1.2/commons-logging-1.2.jar' 
2022-06-03 12:07:15.882 DEBUG [acme.Launcher@main] Found classpath entry '/C:/Users/river/.m2/repository/commons-collections/commons-collections/3.2.2/commons-collections-3.2.2.jar' 
2022-06-03 12:07:15.883 DEBUG [acme.Launcher@main] Found classpath entry '/C:/Users/river/.m2/repository/org/apache/commons/commons-collections4/4.4/commons-collections4-4.4.jar' 
2022-06-03 12:07:15.883 DEBUG [acme.Launcher@main] Found classpath entry '/C:/Users/river/Downloads/Workspace-22.0/Tools/IDEs/eclipse-jee-2021-12-R/configuration/org.eclipse.osgi/418/0/.cp/lib/javaagent-shaded.jar' 
2022-06-03 12:07:16.408 DEBUG [acme.Launcher@main] Found entity class 'acme.components.Currencies 
2022-06-03 12:07:16.409 DEBUG [acme.Launcher@main] Found entity class 'acme.entities.announcement.Announcement 
2022-06-03 12:07:16.410 DEBUG [acme.Launcher@main] Found entity class 'acme.entities.chimpum.Chimpum 
2022-06-03 12:07:16.410 DEBUG [acme.Launcher@main] Found entity class 'acme.entities.chirp.Chirp 
2022-06-03 12:07:16.410 DEBUG [acme.Launcher@main] Found entity class 'acme.entities.item.Item 
2022-06-03 12:07:16.410 DEBUG [acme.Launcher@main] Found entity class 'acme.entities.moneyExchange.MoneyExchange 
2022-06-03 12:07:16.410 DEBUG [acme.Launcher@main] Found entity class 'acme.entities.patronage.Patronage 
2022-06-03 12:07:16.411 DEBUG [acme.Launcher@main] Found entity class 'acme.entities.patronageReport.PatronageReport 
2022-06-03 12:07:16.411 DEBUG [acme.Launcher@main] Found entity class 'acme.entities.quantity.Quantity 
2022-06-03 12:07:16.411 DEBUG [acme.Launcher@main] Found entity class 'acme.entities.systemConfiguration.SystemConfiguration 
2022-06-03 12:07:16.411 DEBUG [acme.Launcher@main] Found entity class 'acme.entities.toolkit.Toolkit 
2022-06-03 12:07:16.411 DEBUG [acme.Launcher@main] Found entity class 'acme.roles.Consumer 
2022-06-03 12:07:16.411 DEBUG [acme.Launcher@main] Found entity class 'acme.roles.Inventor 
2022-06-03 12:07:16.411 DEBUG [acme.Launcher@main] Found entity class 'acme.roles.Patron 
2022-06-03 12:07:16.411 DEBUG [acme.Launcher@main] Found entity class 'acme.roles.Provider 
2022-06-03 12:07:16.411 DEBUG [acme.Launcher@main] Found entity class 'acme.framework.entities.UserAccount 
2022-06-03 12:07:16.412 DEBUG [acme.Launcher@main] Found entity class 'acme.framework.roles.Administrator 
2022-06-03 12:07:16.412 DEBUG [acme.Launcher@main] Found entity class 'acme.framework.roles.Anonymous 
2022-06-03 12:07:16.412 DEBUG [acme.Launcher@main] Found entity class 'acme.framework.roles.Any 
2022-06-03 12:07:16.412 DEBUG [acme.Launcher@main] Found entity class 'acme.framework.roles.Authenticated 
2022-06-03 12:07:16.422 INFO  [acme.Launcher@main] Running application (Standalone) 
2022-06-03 12:07:42.270 DEBUG [acme.framework.components.tiles.DynamicTilesView@http-nio-8080-exec-8] View name 'fragments/welcome', model {} 
2022-06-03 12:07:42.325 DEBUG [org.apache.tiles.definition.dao.BaseLocaleUrlDefinitionDAO@http-nio-8080-exec-8] File Resource file:/C:/Users/river/Downloads/Workspace-22.0/Projects/jesrivgal-D06/target/classes/WEB-INF/views/master/tiles_en.xml at file:/C:/Users/river/Downloads/Workspace-22.0/Projects/jesrivgal-D06/target/classes/WEB-INF/views/master/tiles_en.xml not found, continue 
2022-06-03 12:07:42.348 DEBUG [org.apache.jasper.servlet.JspServlet@http-nio-8080-exec-8] JspEngine --> /WEB-INF/views/master/page.jsp 
2022-06-03 12:07:42.349 DEBUG [org.apache.jasper.servlet.JspServlet@http-nio-8080-exec-8] ServletPath: /WEB-INF/views/master/page.jsp 
2022-06-03 12:07:42.350 DEBUG [org.apache.jasper.servlet.JspServlet@http-nio-8080-exec-8] PathInfo: null 
2022-06-03 12:07:42.359 DEBUG [org.apache.jasper.servlet.JspServlet@http-nio-8080-exec-8] RealPath: C:\Users\river\Downloads\Workspace-22.0\Projects\jesrivgal-D06\target\classes\WEB-INF\views\master\page.jsp 
2022-06-03 12:07:42.359 DEBUG [org.apache.jasper.servlet.JspServlet@http-nio-8080-exec-8] RequestURI: /acme-toolkits-22.1/WEB-INF/views/master/page.jsp 
2022-06-03 12:07:42.360 DEBUG [org.apache.jasper.servlet.JspServlet@http-nio-8080-exec-8] QueryString: null 
2022-06-03 12:08:00.183 DEBUG [acme.framework.configuration.ExtendedMessageSource@http-nio-8080-exec-8] Loading properties [C:\Users\river\Downloads\Workspace-22.0\Projects\jesrivgal-D06\target\classes\WEB-INF\views\administrator\administrator-dashboard\messages-en.i18n] with encoding 'utf-8' 
2022-06-03 12:08:00.189 DEBUG [acme.framework.configuration.ExtendedMessageSource@http-nio-8080-exec-8] Loading properties [C:\Users\river\Downloads\Workspace-22.0\Projects\jesrivgal-D06\target\classes\WEB-INF\views\administrator\announcement\messages-en.i18n] with encoding 'utf-8' 
2022-06-03 12:08:00.191 DEBUG [acme.framework.configuration.ExtendedMessageSource@http-nio-8080-exec-8] Loading properties [C:\Users\river\Downloads\Workspace-22.0\Projects\jesrivgal-D06\target\classes\WEB-INF\views\administrator\system-configuration\messages-en.i18n] with encoding 'utf-8' 
2022-06-03 12:08:00.194 DEBUG [acme.framework.configuration.ExtendedMessageSource@http-nio-8080-exec-8] Loading properties [C:\Users\river\Downloads\Workspace-22.0\Projects\jesrivgal-D06\target\classes\WEB-INF\views\administrator\user-account\messages-en.i18n] with encoding 'utf-8' 
2022-06-03 12:08:00.198 DEBUG [acme.framework.configuration.ExtendedMessageSource@http-nio-8080-exec-8] Loading properties [C:\Users\river\Downloads\Workspace-22.0\Projects\jesrivgal-D06\target\classes\WEB-INF\views\anonymous\user-account\messages-en.i18n] with encoding 'utf-8' 
2022-06-03 12:08:00.203 DEBUG [acme.framework.configuration.ExtendedMessageSource@http-nio-8080-exec-8] Loading properties [C:\Users\river\Downloads\Workspace-22.0\Projects\jesrivgal-D06\target\classes\WEB-INF\views\any\chirp\messages-en.i18n] with encoding 'utf-8' 
2022-06-03 12:08:00.205 DEBUG [acme.framework.configuration.ExtendedMessageSource@http-nio-8080-exec-8] Loading properties [C:\Users\river\Downloads\Workspace-22.0\Projects\jesrivgal-D06\target\classes\WEB-INF\views\any\item\messages-en.i18n] with encoding 'utf-8' 
2022-06-03 12:08:00.207 DEBUG [acme.framework.configuration.ExtendedMessageSource@http-nio-8080-exec-8] Loading properties [C:\Users\river\Downloads\Workspace-22.0\Projects\jesrivgal-D06\target\classes\WEB-INF\views\any\toolkit\messages-en.i18n] with encoding 'utf-8' 
2022-06-03 12:08:00.209 DEBUG [acme.framework.configuration.ExtendedMessageSource@http-nio-8080-exec-8] Loading properties [C:\Users\river\Downloads\Workspace-22.0\Projects\jesrivgal-D06\target\classes\WEB-INF\views\any\user-account\messages-en.i18n] with encoding 'utf-8' 
2022-06-03 12:08:00.212 DEBUG [acme.framework.configuration.ExtendedMessageSource@http-nio-8080-exec-8] Loading properties [C:\Users\river\Downloads\Workspace-22.0\Projects\jesrivgal-D06\target\classes\WEB-INF\views\authenticated\announcement\messsages-en.i18n] with encoding 'utf-8' 
2022-06-03 12:08:00.214 DEBUG [acme.framework.configuration.ExtendedMessageSource@http-nio-8080-exec-8] Loading properties [C:\Users\river\Downloads\Workspace-22.0\Projects\jesrivgal-D06\target\classes\WEB-INF\views\authenticated\consumer\messsages-en.i18n] with encoding 'utf-8' 
2022-06-03 12:08:00.217 DEBUG [acme.framework.configuration.ExtendedMessageSource@http-nio-8080-exec-8] Loading properties [C:\Users\river\Downloads\Workspace-22.0\Projects\jesrivgal-D06\target\classes\WEB-INF\views\authenticated\inventor\messsages-en.i18n] with encoding 'utf-8' 
2022-06-03 12:08:00.219 DEBUG [acme.framework.configuration.ExtendedMessageSource@http-nio-8080-exec-8] Loading properties [C:\Users\river\Downloads\Workspace-22.0\Projects\jesrivgal-D06\target\classes\WEB-INF\views\authenticated\patron\messsages-en.i18n] with encoding 'utf-8' 
2022-06-03 12:08:00.221 DEBUG [acme.framework.configuration.ExtendedMessageSource@http-nio-8080-exec-8] Loading properties [C:\Users\river\Downloads\Workspace-22.0\Projects\jesrivgal-D06\target\classes\WEB-INF\views\authenticated\provider\messsages-en.i18n] with encoding 'utf-8' 
2022-06-03 12:08:00.223 DEBUG [acme.framework.configuration.ExtendedMessageSource@http-nio-8080-exec-8] Loading properties [C:\Users\river\Downloads\Workspace-22.0\Projects\jesrivgal-D06\target\classes\WEB-INF\views\authenticated\system-configuration\messages-en.i18n] with encoding 'utf-8' 
2022-06-03 12:08:00.224 DEBUG [acme.framework.configuration.ExtendedMessageSource@http-nio-8080-exec-8] Loading properties [C:\Users\river\Downloads\Workspace-22.0\Projects\jesrivgal-D06\target\classes\WEB-INF\views\authenticated\user-account\messages-en.i18n] with encoding 'utf-8' 
2022-06-03 12:08:00.226 DEBUG [acme.framework.configuration.ExtendedMessageSource@http-nio-8080-exec-8] Loading properties [C:\Users\river\Downloads\Workspace-22.0\Projects\jesrivgal-D06\target\classes\WEB-INF\views\fragments\banner-en.i18n] with encoding 'utf-8' 
2022-06-03 12:08:00.228 DEBUG [acme.framework.configuration.ExtendedMessageSource@http-nio-8080-exec-8] Loading properties [C:\Users\river\Downloads\Workspace-22.0\Projects\jesrivgal-D06\target\classes\WEB-INF\views\fragments\company-en.i18n] with encoding 'utf-8' 
2022-06-03 12:08:00.230 DEBUG [acme.framework.configuration.ExtendedMessageSource@http-nio-8080-exec-8] Loading properties [C:\Users\river\Downloads\Workspace-22.0\Projects\jesrivgal-D06\target\classes\WEB-INF\views\fragments\footer-en.i18n] with encoding 'utf-8' 
2022-06-03 12:08:00.232 DEBUG [acme.framework.configuration.ExtendedMessageSource@http-nio-8080-exec-8] Loading properties [C:\Users\river\Downloads\Workspace-22.0\Projects\jesrivgal-D06\target\classes\WEB-INF\views\fragments\license-en.i18n] with encoding 'utf-8' 
2022-06-03 12:08:00.234 DEBUG [acme.framework.configuration.ExtendedMessageSource@http-nio-8080-exec-8] Loading properties [C:\Users\river\Downloads\Workspace-22.0\Projects\jesrivgal-D06\target\classes\WEB-INF\views\fragments\menu-en.i18n] with encoding 'utf-8' 
2022-06-03 12:08:00.255 DEBUG [acme.framework.configuration.ExtendedMessageSource@http-nio-8080-exec-8] Loading properties [C:\Users\river\Downloads\Workspace-22.0\Projects\jesrivgal-D06\target\classes\WEB-INF\views\fragments\messsages-en.i18n] with encoding 'utf-8' 
2022-06-03 12:08:00.257 DEBUG [acme.framework.configuration.ExtendedMessageSource@http-nio-8080-exec-8] Loading properties [C:\Users\river\Downloads\Workspace-22.0\Projects\jesrivgal-D06\target\classes\WEB-INF\views\fragments\title-en.i18n] with encoding 'utf-8' 
2022-06-03 12:08:00.260 DEBUG [acme.framework.configuration.ExtendedMessageSource@http-nio-8080-exec-8] Loading properties [C:\Users\river\Downloads\Workspace-22.0\Projects\jesrivgal-D06\target\classes\WEB-INF\views\fragments\welcome-en.i18n] with encoding 'utf-8' 
2022-06-03 12:08:00.263 DEBUG [acme.framework.configuration.ExtendedMessageSource@http-nio-8080-exec-8] Loading properties [C:\Users\river\Downloads\Workspace-22.0\Projects\jesrivgal-D06\target\classes\WEB-INF\views\inventor\chimpum\messages-en.i18n] with encoding 'utf-8' 
2022-06-03 12:08:00.268 DEBUG [acme.framework.configuration.ExtendedMessageSource@http-nio-8080-exec-8] Loading properties [C:\Users\river\Downloads\Workspace-22.0\Projects\jesrivgal-D06\target\classes\WEB-INF\views\inventor\item\messages-en.i18n] with encoding 'utf-8' 
2022-06-03 12:08:00.271 DEBUG [acme.framework.configuration.ExtendedMessageSource@http-nio-8080-exec-8] Loading properties [C:\Users\river\Downloads\Workspace-22.0\Projects\jesrivgal-D06\target\classes\WEB-INF\views\inventor\patronage\messages-en.i18n] with encoding 'utf-8' 
2022-06-03 12:08:00.274 DEBUG [acme.framework.configuration.ExtendedMessageSource@http-nio-8080-exec-8] Loading properties [C:\Users\river\Downloads\Workspace-22.0\Projects\jesrivgal-D06\target\classes\WEB-INF\views\inventor\patronage-report\messages-en.i18n] with encoding 'utf-8' 
2022-06-03 12:08:00.276 DEBUG [acme.framework.configuration.ExtendedMessageSource@http-nio-8080-exec-8] Loading properties [C:\Users\river\Downloads\Workspace-22.0\Projects\jesrivgal-D06\target\classes\WEB-INF\views\inventor\quantity\messages-en.i18n] with encoding 'utf-8' 
2022-06-03 12:08:00.279 DEBUG [acme.framework.configuration.ExtendedMessageSource@http-nio-8080-exec-8] Loading properties [C:\Users\river\Downloads\Workspace-22.0\Projects\jesrivgal-D06\target\classes\WEB-INF\views\inventor\toolkit\messages-en.i18n] with encoding 'utf-8' 
2022-06-03 12:08:00.281 DEBUG [acme.framework.configuration.ExtendedMessageSource@http-nio-8080-exec-8] Loading properties [C:\Users\river\Downloads\Workspace-22.0\Projects\jesrivgal-D06\target\classes\WEB-INF\views\master\defaults-en.i18n] with encoding 'utf-8' 
2022-06-03 12:08:00.283 DEBUG [acme.framework.configuration.ExtendedMessageSource@http-nio-8080-exec-8] Loading properties [C:\Users\river\Downloads\Workspace-22.0\Projects\jesrivgal-D06\target\classes\WEB-INF\views\master\master-en.i18n] with encoding 'utf-8' 
2022-06-03 12:08:00.286 DEBUG [acme.framework.configuration.ExtendedMessageSource@http-nio-8080-exec-8] Loading properties [C:\Users\river\Downloads\Workspace-22.0\Projects\jesrivgal-D06\target\classes\WEB-INF\views\master\throwables-en.i18n] with encoding 'utf-8' 
2022-06-03 12:08:00.289 DEBUG [acme.framework.configuration.ExtendedMessageSource@http-nio-8080-exec-8] Loading properties [C:\Users\river\Downloads\Workspace-22.0\Projects\jesrivgal-D06\target\classes\WEB-INF\views\master\validation-en.i18n] with encoding 'utf-8' 
2022-06-03 12:08:00.291 DEBUG [acme.framework.configuration.ExtendedMessageSource@http-nio-8080-exec-8] Loading properties [C:\Users\river\Downloads\Workspace-22.0\Projects\jesrivgal-D06\target\classes\WEB-INF\views\patron\patron-dashboard\messages-en.i18n] with encoding 'utf-8' 
2022-06-03 12:08:00.293 DEBUG [acme.framework.configuration.ExtendedMessageSource@http-nio-8080-exec-8] Loading properties [C:\Users\river\Downloads\Workspace-22.0\Projects\jesrivgal-D06\target\classes\WEB-INF\views\patron\patronage\messages-en.i18n] with encoding 'utf-8' 
2022-06-03 12:08:00.296 DEBUG [acme.framework.configuration.ExtendedMessageSource@http-nio-8080-exec-8] Loading properties [C:\Users\river\Downloads\Workspace-22.0\Projects\jesrivgal-D06\target\classes\WEB-INF\views\patron\patronage-report\messages-en.i18n] with encoding 'utf-8' 
2022-06-03 12:08:00.941 DEBUG [org.apache.jasper.servlet.JspServlet@http-nio-8080-exec-8] JspEngine --> /WEB-INF/views/fragments/welcome.jsp 
2022-06-03 12:08:00.942 DEBUG [org.apache.jasper.servlet.JspServlet@http-nio-8080-exec-8] ServletPath: /WEB-INF/views/master/page.jsp 
2022-06-03 12:08:00.943 DEBUG [org.apache.jasper.servlet.JspServlet@http-nio-8080-exec-8] PathInfo: null 
2022-06-03 12:08:00.947 DEBUG [org.apache.jasper.servlet.JspServlet@http-nio-8080-exec-8] RealPath: C:\Users\river\Downloads\Workspace-22.0\Projects\jesrivgal-D06\target\classes\WEB-INF\views\fragments\welcome.jsp 
2022-06-03 12:08:00.948 DEBUG [org.apache.jasper.servlet.JspServlet@http-nio-8080-exec-8] RequestURI: /acme-toolkits-22.1/WEB-INF/views/master/page.jsp 
2022-06-03 12:08:00.949 DEBUG [org.apache.jasper.servlet.JspServlet@http-nio-8080-exec-8] QueryString: null 
2022-06-03 12:08:02.001 DEBUG [org.hibernate.SQL@http-nio-8080-exec-8] select useraccoun0_.id as id1_0_, useraccoun0_.version as version2_0_, useraccoun0_.enabled as enabled1_20_, useraccoun0_.identity as identity2_20_, useraccoun0_.password as password3_20_, useraccoun0_.username as username4_20_ from user_account useraccoun0_ where useraccoun0_.username=? 
2022-06-03 12:08:02.049 TRACE [org.hibernate.type.descriptor.sql.BasicBinder@http-nio-8080-exec-8] binding parameter [1] as [VARCHAR] - [anonymous] 
2022-06-03 12:08:02.227 DEBUG [org.hibernate.SQL@http-nio-8080-exec-8] select roles0_.user_account_id as user_acc1_21_0_, roles0_.id as id1_21_0_, roles0_.id as id1_0_1_, roles0_.version as version2_0_1_, roles0_.user_account_id as user_acc1_21_1_, roles0_.company as company1_8_1_, roles0_.sector as sector2_8_1_, roles0_.company as company1_10_1_, roles0_.info as info2_10_1_, roles0_.statement as statemen3_10_1_, roles0_.company as company1_13_1_, roles0_.info as info2_13_1_, roles0_.statement as statemen3_13_1_, roles0_.company as company1_16_1_, roles0_.sector as sector2_16_1_, roles0_.clazz_ as clazz_1_ from ( select id, version, user_account_id, company, sector, null as info, null as statement, 13 as clazz_ from consumer union all select id, version, user_account_id, company, null as sector, info, statement, 14 as clazz_ from inventor union all select id, version, user_account_id, company, null as sector, info, statement, 15 as clazz_ from patron union all select id, version, user_account_id, company, sector, null as info, null as statement, 16 as clazz_ from provider union all select id, version, user_account_id, null as company, null as sector, null as info, null as statement, 18 as clazz_ from administrator union all select id, version, user_account_id, null as company, null as sector, null as info, null as statement, 19 as clazz_ from anonymous union all select id, version, user_account_id, null as company, null as sector, null as info, null as statement, 20 as clazz_ from any union all select id, version, user_account_id, null as company, null as sector, null as info, null as statement, 21 as clazz_ from authenticated ) roles0_ where roles0_.user_account_id=? 
2022-06-03 12:08:02.231 TRACE [org.hibernate.type.descriptor.sql.BasicBinder@http-nio-8080-exec-8] binding parameter [1] as [INTEGER] - [1] 
2022-06-03 12:08:13.230 DEBUG [acme.framework.components.tiles.DynamicTilesView@http-nio-8080-exec-4] View name 'fragments/welcome', model {} 
2022-06-03 12:08:13.235 DEBUG [org.apache.jasper.servlet.JspServlet@http-nio-8080-exec-4] JspEngine --> /WEB-INF/views/master/page.jsp 
2022-06-03 12:08:13.243 DEBUG [org.apache.jasper.servlet.JspServlet@http-nio-8080-exec-4] ServletPath: /WEB-INF/views/master/page.jsp 
2022-06-03 12:08:13.244 DEBUG [org.apache.jasper.servlet.JspServlet@http-nio-8080-exec-4] PathInfo: null 
2022-06-03 12:08:13.249 DEBUG [org.apache.jasper.servlet.JspServlet@http-nio-8080-exec-4] RealPath: C:\Users\river\Downloads\Workspace-22.0\Projects\jesrivgal-D06\target\classes\WEB-INF\views\master\page.jsp 
2022-06-03 12:08:13.251 DEBUG [org.apache.jasper.servlet.JspServlet@http-nio-8080-exec-4] RequestURI: /acme-toolkits-22.1/WEB-INF/views/master/page.jsp 
2022-06-03 12:08:13.252 DEBUG [org.apache.jasper.servlet.JspServlet@http-nio-8080-exec-4] QueryString: null 
2022-06-03 12:08:14.247 DEBUG [org.apache.jasper.servlet.JspServlet@http-nio-8080-exec-4] JspEngine --> /WEB-INF/views/fragments/welcome.jsp 
2022-06-03 12:08:14.248 DEBUG [org.apache.jasper.servlet.JspServlet@http-nio-8080-exec-4] ServletPath: /WEB-INF/views/master/page.jsp 
2022-06-03 12:08:14.249 DEBUG [org.apache.jasper.servlet.JspServlet@http-nio-8080-exec-4] PathInfo: null 
2022-06-03 12:08:14.257 DEBUG [org.apache.jasper.servlet.JspServlet@http-nio-8080-exec-4] RealPath: C:\Users\river\Downloads\Workspace-22.0\Projects\jesrivgal-D06\target\classes\WEB-INF\views\fragments\welcome.jsp 
2022-06-03 12:08:14.257 DEBUG [org.apache.jasper.servlet.JspServlet@http-nio-8080-exec-4] RequestURI: /acme-toolkits-22.1/WEB-INF/views/master/page.jsp 
2022-06-03 12:08:14.276 DEBUG [org.apache.jasper.servlet.JspServlet@http-nio-8080-exec-4] QueryString: null 
2022-06-03 12:08:14.623 DEBUG [org.hibernate.SQL@http-nio-8080-exec-4] select useraccoun0_.id as id1_0_, useraccoun0_.version as version2_0_, useraccoun0_.enabled as enabled1_20_, useraccoun0_.identity as identity2_20_, useraccoun0_.password as password3_20_, useraccoun0_.username as username4_20_ from user_account useraccoun0_ where useraccoun0_.username=? 
2022-06-03 12:08:14.624 TRACE [org.hibernate.type.descriptor.sql.BasicBinder@http-nio-8080-exec-4] binding parameter [1] as [VARCHAR] - [anonymous] 
2022-06-03 12:08:14.629 DEBUG [org.hibernate.SQL@http-nio-8080-exec-4] select roles0_.user_account_id as user_acc1_21_0_, roles0_.id as id1_21_0_, roles0_.id as id1_0_1_, roles0_.version as version2_0_1_, roles0_.user_account_id as user_acc1_21_1_, roles0_.company as company1_8_1_, roles0_.sector as sector2_8_1_, roles0_.company as company1_10_1_, roles0_.info as info2_10_1_, roles0_.statement as statemen3_10_1_, roles0_.company as company1_13_1_, roles0_.info as info2_13_1_, roles0_.statement as statemen3_13_1_, roles0_.company as company1_16_1_, roles0_.sector as sector2_16_1_, roles0_.clazz_ as clazz_1_ from ( select id, version, user_account_id, company, sector, null as info, null as statement, 13 as clazz_ from consumer union all select id, version, user_account_id, company, null as sector, info, statement, 14 as clazz_ from inventor union all select id, version, user_account_id, company, null as sector, info, statement, 15 as clazz_ from patron union all select id, version, user_account_id, company, sector, null as info, null as statement, 16 as clazz_ from provider union all select id, version, user_account_id, null as company, null as sector, null as info, null as statement, 18 as clazz_ from administrator union all select id, version, user_account_id, null as company, null as sector, null as info, null as statement, 19 as clazz_ from anonymous union all select id, version, user_account_id, null as company, null as sector, null as info, null as statement, 20 as clazz_ from any union all select id, version, user_account_id, null as company, null as sector, null as info, null as statement, 21 as clazz_ from authenticated ) roles0_ where roles0_.user_account_id=? 
2022-06-03 12:08:14.631 TRACE [org.hibernate.type.descriptor.sql.BasicBinder@http-nio-8080-exec-4] binding parameter [1] as [INTEGER] - [1] 
2022-06-03 12:08:19.672 DEBUG [acme.framework.components.tiles.DynamicTilesView@http-nio-8080-exec-6] View name 'master/sign-in', model {username=, password=, remember=false} 
2022-06-03 12:08:19.677 DEBUG [org.apache.jasper.servlet.JspServlet@http-nio-8080-exec-6] JspEngine --> /WEB-INF/views/master/page.jsp 
2022-06-03 12:08:19.677 DEBUG [org.apache.jasper.servlet.JspServlet@http-nio-8080-exec-6] ServletPath: /WEB-INF/views/master/page.jsp 
2022-06-03 12:08:19.678 DEBUG [org.apache.jasper.servlet.JspServlet@http-nio-8080-exec-6] PathInfo: null 
2022-06-03 12:08:19.680 DEBUG [org.apache.jasper.servlet.JspServlet@http-nio-8080-exec-6] RealPath: C:\Users\river\Downloads\Workspace-22.0\Projects\jesrivgal-D06\target\classes\WEB-INF\views\master\page.jsp 
2022-06-03 12:08:19.681 DEBUG [org.apache.jasper.servlet.JspServlet@http-nio-8080-exec-6] RequestURI: /acme-toolkits-22.1/WEB-INF/views/master/page.jsp 
2022-06-03 12:08:19.682 DEBUG [org.apache.jasper.servlet.JspServlet@http-nio-8080-exec-6] QueryString: null 
2022-06-03 12:08:20.363 DEBUG [org.apache.jasper.servlet.JspServlet@http-nio-8080-exec-6] JspEngine --> /WEB-INF/views/master/sign-in.jsp 
2022-06-03 12:08:20.364 DEBUG [org.apache.jasper.servlet.JspServlet@http-nio-8080-exec-6] ServletPath: /WEB-INF/views/master/page.jsp 
2022-06-03 12:08:20.365 DEBUG [org.apache.jasper.servlet.JspServlet@http-nio-8080-exec-6] PathInfo: null 
2022-06-03 12:08:20.373 DEBUG [org.apache.jasper.servlet.JspServlet@http-nio-8080-exec-6] RealPath: C:\Users\river\Downloads\Workspace-22.0\Projects\jesrivgal-D06\target\classes\WEB-INF\views\master\sign-in.jsp 
2022-06-03 12:08:20.374 DEBUG [org.apache.jasper.servlet.JspServlet@http-nio-8080-exec-6] RequestURI: /acme-toolkits-22.1/WEB-INF/views/master/page.jsp 
2022-06-03 12:08:20.375 DEBUG [org.apache.jasper.servlet.JspServlet@http-nio-8080-exec-6] QueryString: null 
2022-06-03 12:08:27.611 DEBUG [org.hibernate.SQL@http-nio-8080-exec-6] select useraccoun0_.id as id1_0_, useraccoun0_.version as version2_0_, useraccoun0_.enabled as enabled1_20_, useraccoun0_.identity as identity2_20_, useraccoun0_.password as password3_20_, useraccoun0_.username as username4_20_ from user_account useraccoun0_ where useraccoun0_.username=? 
2022-06-03 12:08:27.614 TRACE [org.hibernate.type.descriptor.sql.BasicBinder@http-nio-8080-exec-6] binding parameter [1] as [VARCHAR] - [anonymous] 
2022-06-03 12:08:27.622 DEBUG [org.hibernate.SQL@http-nio-8080-exec-6] select roles0_.user_account_id as user_acc1_21_0_, roles0_.id as id1_21_0_, roles0_.id as id1_0_1_, roles0_.version as version2_0_1_, roles0_.user_account_id as user_acc1_21_1_, roles0_.company as company1_8_1_, roles0_.sector as sector2_8_1_, roles0_.company as company1_10_1_, roles0_.info as info2_10_1_, roles0_.statement as statemen3_10_1_, roles0_.company as company1_13_1_, roles0_.info as info2_13_1_, roles0_.statement as statemen3_13_1_, roles0_.company as company1_16_1_, roles0_.sector as sector2_16_1_, roles0_.clazz_ as clazz_1_ from ( select id, version, user_account_id, company, sector, null as info, null as statement, 13 as clazz_ from consumer union all select id, version, user_account_id, company, null as sector, info, statement, 14 as clazz_ from inventor union all select id, version, user_account_id, company, null as sector, info, statement, 15 as clazz_ from patron union all select id, version, user_account_id, company, sector, null as info, null as statement, 16 as clazz_ from provider union all select id, version, user_account_id, null as company, null as sector, null as info, null as statement, 18 as clazz_ from administrator union all select id, version, user_account_id, null as company, null as sector, null as info, null as statement, 19 as clazz_ from anonymous union all select id, version, user_account_id, null as company, null as sector, null as info, null as statement, 20 as clazz_ from any union all select id, version, user_account_id, null as company, null as sector, null as info, null as statement, 21 as clazz_ from authenticated ) roles0_ where roles0_.user_account_id=? 
2022-06-03 12:08:27.623 TRACE [org.hibernate.type.descriptor.sql.BasicBinder@http-nio-8080-exec-6] binding parameter [1] as [INTEGER] - [1] 
2022-06-03 12:08:39.376 DEBUG [org.hibernate.SQL@http-nio-8080-exec-2] select useraccoun0_.id as id1_0_, useraccoun0_.version as version2_0_, useraccoun0_.enabled as enabled1_20_, useraccoun0_.identity as identity2_20_, useraccoun0_.password as password3_20_, useraccoun0_.username as username4_20_ from user_account useraccoun0_ where useraccoun0_.username=? 
2022-06-03 12:08:39.379 TRACE [org.hibernate.type.descriptor.sql.BasicBinder@http-nio-8080-exec-2] binding parameter [1] as [VARCHAR] - [inventor1] 
2022-06-03 12:08:39.387 DEBUG [org.hibernate.SQL@http-nio-8080-exec-2] select roles0_.user_account_id as user_acc1_21_0_, roles0_.id as id1_21_0_, roles0_.id as id1_0_1_, roles0_.version as version2_0_1_, roles0_.user_account_id as user_acc1_21_1_, roles0_.company as company1_8_1_, roles0_.sector as sector2_8_1_, roles0_.company as company1_10_1_, roles0_.info as info2_10_1_, roles0_.statement as statemen3_10_1_, roles0_.company as company1_13_1_, roles0_.info as info2_13_1_, roles0_.statement as statemen3_13_1_, roles0_.company as company1_16_1_, roles0_.sector as sector2_16_1_, roles0_.clazz_ as clazz_1_ from ( select id, version, user_account_id, company, sector, null as info, null as statement, 13 as clazz_ from consumer union all select id, version, user_account_id, company, null as sector, info, statement, 14 as clazz_ from inventor union all select id, version, user_account_id, company, null as sector, info, statement, 15 as clazz_ from patron union all select id, version, user_account_id, company, sector, null as info, null as statement, 16 as clazz_ from provider union all select id, version, user_account_id, null as company, null as sector, null as info, null as statement, 18 as clazz_ from administrator union all select id, version, user_account_id, null as company, null as sector, null as info, null as statement, 19 as clazz_ from anonymous union all select id, version, user_account_id, null as company, null as sector, null as info, null as statement, 20 as clazz_ from any union all select id, version, user_account_id, null as company, null as sector, null as info, null as statement, 21 as clazz_ from authenticated ) roles0_ where roles0_.user_account_id=? 
2022-06-03 12:08:39.390 TRACE [org.hibernate.type.descriptor.sql.BasicBinder@http-nio-8080-exec-2] binding parameter [1] as [INTEGER] - [7] 
2022-06-03 12:08:39.493 DEBUG [acme.framework.components.tiles.DynamicTilesView@http-nio-8080-exec-7] View name 'fragments/welcome', model {} 
2022-06-03 12:08:39.498 DEBUG [org.apache.jasper.servlet.JspServlet@http-nio-8080-exec-7] JspEngine --> /WEB-INF/views/master/page.jsp 
2022-06-03 12:08:39.499 DEBUG [org.apache.jasper.servlet.JspServlet@http-nio-8080-exec-7] ServletPath: /WEB-INF/views/master/page.jsp 
2022-06-03 12:08:39.500 DEBUG [org.apache.jasper.servlet.JspServlet@http-nio-8080-exec-7] PathInfo: null 
2022-06-03 12:08:39.513 DEBUG [org.apache.jasper.servlet.JspServlet@http-nio-8080-exec-7] RealPath: C:\Users\river\Downloads\Workspace-22.0\Projects\jesrivgal-D06\target\classes\WEB-INF\views\master\page.jsp 
2022-06-03 12:08:39.513 DEBUG [org.apache.jasper.servlet.JspServlet@http-nio-8080-exec-7] RequestURI: /acme-toolkits-22.1/WEB-INF/views/master/page.jsp 
2022-06-03 12:08:39.514 DEBUG [org.apache.jasper.servlet.JspServlet@http-nio-8080-exec-7] QueryString: null 
2022-06-03 12:08:40.277 DEBUG [org.apache.jasper.servlet.JspServlet@http-nio-8080-exec-7] JspEngine --> /WEB-INF/views/fragments/welcome.jsp 
2022-06-03 12:08:40.278 DEBUG [org.apache.jasper.servlet.JspServlet@http-nio-8080-exec-7] ServletPath: /WEB-INF/views/master/page.jsp 
2022-06-03 12:08:40.278 DEBUG [org.apache.jasper.servlet.JspServlet@http-nio-8080-exec-7] PathInfo: null 
2022-06-03 12:08:40.282 DEBUG [org.apache.jasper.servlet.JspServlet@http-nio-8080-exec-7] RealPath: C:\Users\river\Downloads\Workspace-22.0\Projects\jesrivgal-D06\target\classes\WEB-INF\views\fragments\welcome.jsp 
2022-06-03 12:08:40.283 DEBUG [org.apache.jasper.servlet.JspServlet@http-nio-8080-exec-7] RequestURI: /acme-toolkits-22.1/WEB-INF/views/master/page.jsp 
2022-06-03 12:08:40.284 DEBUG [org.apache.jasper.servlet.JspServlet@http-nio-8080-exec-7] QueryString: null 
2022-06-03 12:08:45.260 DEBUG [acme.framework.controllers.AbstractController@http-nio-8080-exec-1] DISPATCHING GET /acme-toolkits-22.1/inventor/item/list-my-components 
2022-06-03 12:08:45.260 DEBUG [acme.framework.controllers.AbstractController@http-nio-8080-exec-1] Command: list-my-components 
2022-06-03 12:08:45.260 DEBUG [acme.framework.controllers.AbstractController@http-nio-8080-exec-1] Model:   {} 
2022-06-03 12:08:45.260 DEBUG [acme.framework.controllers.AbstractController@http-nio-8080-exec-1] Locale:  en 
2022-06-03 12:08:45.261 DEBUG [acme.framework.controllers.AbstractController@http-nio-8080-exec-1] Starting transaction b278e297-3ac0-4534-9d0f-d3e237702303 
2022-06-03 12:08:45.296 DEBUG [org.hibernate.SQL@http-nio-8080-exec-1] select item0_.id as id1_0_, item0_.version as version2_0_, item0_.chimpum_id as chimpum10_11_, item0_.code as code1_11_, item0_.description as descript2_11_, item0_.info as info3_11_, item0_.inventor_id as invento11_11_, item0_.item_type as item_typ4_11_, item0_.name as name5_11_, item0_.published as publishe6_11_, item0_.retail_price_amount as retail_p7_11_, item0_.retail_price_currency as retail_p8_11_, item0_.technology as technolo9_11_ from item item0_ where item0_.item_type='COMPONENT' and item0_.inventor_id=? 
2022-06-03 12:08:45.297 TRACE [org.hibernate.type.descriptor.sql.BasicBinder@http-nio-8080-exec-1] binding parameter [1] as [INTEGER] - [12] 
2022-06-03 12:08:45.310 DEBUG [org.hibernate.SQL@http-nio-8080-exec-1] select inventor0_.id as id1_0_0_, inventor0_.version as version2_0_0_, inventor0_.user_account_id as user_acc1_21_0_, inventor0_.company as company1_10_0_, inventor0_.info as info2_10_0_, inventor0_.statement as statemen3_10_0_, useraccoun1_.id as id1_0_1_, useraccoun1_.version as version2_0_1_, useraccoun1_.enabled as enabled1_20_1_, useraccoun1_.identity as identity2_20_1_, useraccoun1_.password as password3_20_1_, useraccoun1_.username as username4_20_1_ from inventor inventor0_ inner join user_account useraccoun1_ on inventor0_.user_account_id=useraccoun1_.id where inventor0_.id=? 
2022-06-03 12:08:45.311 TRACE [org.hibernate.type.descriptor.sql.BasicBinder@http-nio-8080-exec-1] binding parameter [1] as [INTEGER] - [12] 
2022-06-03 12:08:45.441 DEBUG [org.hibernate.SQL@http-nio-8080-exec-1] select systemconf0_.id as id1_0_, systemconf0_.version as version2_0_, systemconf0_.accepted_currencies as accepted1_18_, systemconf0_.strong_spam_terms_en as strong_s2_18_, systemconf0_.strong_spam_terms_es as strong_s3_18_, systemconf0_.strong_threshold as strong_t4_18_, systemconf0_.system_currency as system_c5_18_, systemconf0_.weak_spam_terms_en as weak_spa6_18_, systemconf0_.weak_spam_terms_es as weak_spa7_18_, systemconf0_.weak_threshold as weak_thr8_18_ from system_configuration systemconf0_ 
2022-06-03 12:08:45.503 DEBUG [org.hibernate.SQL@http-nio-8080-exec-1] select systemconf0_.id as id1_0_, systemconf0_.version as version2_0_, systemconf0_.accepted_currencies as accepted1_18_, systemconf0_.strong_spam_terms_en as strong_s2_18_, systemconf0_.strong_spam_terms_es as strong_s3_18_, systemconf0_.strong_threshold as strong_t4_18_, systemconf0_.system_currency as system_c5_18_, systemconf0_.weak_spam_terms_en as weak_spa6_18_, systemconf0_.weak_spam_terms_es as weak_spa7_18_, systemconf0_.weak_threshold as weak_thr8_18_ from system_configuration systemconf0_ 
2022-06-03 12:08:45.509 DEBUG [org.hibernate.SQL@http-nio-8080-exec-1] select systemconf0_.id as id1_0_, systemconf0_.version as version2_0_, systemconf0_.accepted_currencies as accepted1_18_, systemconf0_.strong_spam_terms_en as strong_s2_18_, systemconf0_.strong_spam_terms_es as strong_s3_18_, systemconf0_.strong_threshold as strong_t4_18_, systemconf0_.system_currency as system_c5_18_, systemconf0_.weak_spam_terms_en as weak_spa6_18_, systemconf0_.weak_spam_terms_es as weak_spa7_18_, systemconf0_.weak_threshold as weak_thr8_18_ from system_configuration systemconf0_ 
2022-06-03 12:08:45.514 DEBUG [org.hibernate.SQL@http-nio-8080-exec-1] select systemconf0_.id as id1_0_, systemconf0_.version as version2_0_, systemconf0_.accepted_currencies as accepted1_18_, systemconf0_.strong_spam_terms_en as strong_s2_18_, systemconf0_.strong_spam_terms_es as strong_s3_18_, systemconf0_.strong_threshold as strong_t4_18_, systemconf0_.system_currency as system_c5_18_, systemconf0_.weak_spam_terms_en as weak_spa6_18_, systemconf0_.weak_spam_terms_es as weak_spa7_18_, systemconf0_.weak_threshold as weak_thr8_18_ from system_configuration systemconf0_ 
2022-06-03 12:08:45.524 DEBUG [acme.framework.controllers.AbstractController@http-nio-8080-exec-1] Committing transaction b278e297-3ac0-4534-9d0f-d3e237702303 
2022-06-03 12:08:45.540 DEBUG [acme.framework.controllers.AbstractController@http-nio-8080-exec-1] Starting transaction c0808113-13e9-46b3-807c-084d3c5c9102 
2022-06-03 12:08:45.542 DEBUG [acme.framework.controllers.AbstractController@http-nio-8080-exec-1] Committing transaction c0808113-13e9-46b3-807c-084d3c5c9102 
2022-06-03 12:08:45.545 DEBUG [acme.framework.controllers.AbstractController@http-nio-8080-exec-1] SERVING GET /acme-toolkits-22.1/inventor/item/list-my-components 
2022-06-03 12:08:45.548 DEBUG [acme.framework.controllers.AbstractController@http-nio-8080-exec-1] Result: ModelAndView [view="inventor/item/list"; model={published[1]=, newRetailPrice[3]=<<EUR 1025.00>>, version[3]=0, version[1]=0, retailPrice[2]=<<EUR 29.00>>, list$size=4, retailPrice[0]=<<EUR 28.00>>, published[3]=, retailPrice[3]=<<EUR 1025.00>>, code[0]=ABC-555-K, name[3]=keyboard, id[1]=39, code[2]=ABC-555-L, newRetailPrice[2]=<<EUR 29.00>>, id[3]=47, newRetailPrice[0]=<<EUR 28.00>>, name[1]=keyboardNP1, published[2]=, published[0]=, version[2]=0, retailPrice[1]=<<EUR 27.00>>, version[0]=0, code[1]=ABC-555-J, name[2]=keyboardNP3, id[0]=38, code[3]=ABC-124-C, newRetailPrice[1]=<<EUR 27.00>>, id[2]=42, name[0]=keyboardNP2, command=list-my-components, principal=acme.framework.entities.Principal@b056b34}] 
2022-06-03 12:08:45.572 DEBUG [acme.framework.components.tiles.DynamicTilesView@http-nio-8080-exec-1] View name 'inventor/item/list', model {published[1]=, newRetailPrice[3]=<<EUR 1025.00>>, version[3]=0, version[1]=0, retailPrice[2]=<<EUR 29.00>>, list$size=4, retailPrice[0]=<<EUR 28.00>>, published[3]=, retailPrice[3]=<<EUR 1025.00>>, code[0]=ABC-555-K, name[3]=keyboard, id[1]=39, code[2]=ABC-555-L, newRetailPrice[2]=<<EUR 29.00>>, id[3]=47, newRetailPrice[0]=<<EUR 28.00>>, name[1]=keyboardNP1, published[2]=, published[0]=, version[2]=0, retailPrice[1]=<<EUR 27.00>>, version[0]=0, code[1]=ABC-555-J, name[2]=keyboardNP3, id[0]=38, code[3]=ABC-124-C, newRetailPrice[1]=<<EUR 27.00>>, id[2]=42, name[0]=keyboardNP2, command=list-my-components, principal=acme.framework.entities.Principal@b056b34, org.springframework.validation.BindingResult.newRetailPrice[3]=org.springframework.validation.BeanPropertyBindingResult: 0 errors, org.springframework.validation.BindingResult.retailPrice[2]=org.springframework.validation.BeanPropertyBindingResult: 0 errors, org.springframework.validation.BindingResult.retailPrice[0]=org.springframework.validation.BeanPropertyBindingResult: 0 errors, org.springframework.validation.BindingResult.retailPrice[3]=org.springframework.validation.BeanPropertyBindingResult: 0 errors, org.springframework.validation.BindingResult.newRetailPrice[2]=org.springframework.validation.BeanPropertyBindingResult: 0 errors, org.springframework.validation.BindingResult.newRetailPrice[0]=org.springframework.validation.BeanPropertyBindingResult: 0 errors, org.springframework.validation.BindingResult.retailPrice[1]=org.springframework.validation.BeanPropertyBindingResult: 0 errors, org.springframework.validation.BindingResult.newRetailPrice[1]=org.springframework.validation.BeanPropertyBindingResult: 0 errors, org.springframework.validation.BindingResult.principal=org.springframework.validation.BeanPropertyBindingResult: 0 errors} 
2022-06-03 12:08:45.575 DEBUG [org.apache.jasper.servlet.JspServlet@http-nio-8080-exec-1] JspEngine --> /WEB-INF/views/master/page.jsp 
2022-06-03 12:08:45.576 DEBUG [org.apache.jasper.servlet.JspServlet@http-nio-8080-exec-1] ServletPath: /WEB-INF/views/master/page.jsp 
2022-06-03 12:08:45.577 DEBUG [org.apache.jasper.servlet.JspServlet@http-nio-8080-exec-1] PathInfo: null 
2022-06-03 12:08:45.580 DEBUG [org.apache.jasper.servlet.JspServlet@http-nio-8080-exec-1] RealPath: C:\Users\river\Downloads\Workspace-22.0\Projects\jesrivgal-D06\target\classes\WEB-INF\views\master\page.jsp 
2022-06-03 12:08:45.581 DEBUG [org.apache.jasper.servlet.JspServlet@http-nio-8080-exec-1] RequestURI: /acme-toolkits-22.1/WEB-INF/views/master/page.jsp 
2022-06-03 12:08:45.581 DEBUG [org.apache.jasper.servlet.JspServlet@http-nio-8080-exec-1] QueryString: null 
2022-06-03 12:08:46.424 DEBUG [org.apache.jasper.servlet.JspServlet@http-nio-8080-exec-1] JspEngine --> /WEB-INF/views/inventor/item/list.jsp 
2022-06-03 12:08:46.425 DEBUG [org.apache.jasper.servlet.JspServlet@http-nio-8080-exec-1] ServletPath: /WEB-INF/views/master/page.jsp 
2022-06-03 12:08:46.425 DEBUG [org.apache.jasper.servlet.JspServlet@http-nio-8080-exec-1] PathInfo: null 
2022-06-03 12:08:46.430 DEBUG [org.apache.jasper.servlet.JspServlet@http-nio-8080-exec-1] RealPath: C:\Users\river\Downloads\Workspace-22.0\Projects\jesrivgal-D06\target\classes\WEB-INF\views\inventor\item\list.jsp 
2022-06-03 12:08:46.431 DEBUG [org.apache.jasper.servlet.JspServlet@http-nio-8080-exec-1] RequestURI: /acme-toolkits-22.1/WEB-INF/views/master/page.jsp 
2022-06-03 12:08:46.431 DEBUG [org.apache.jasper.servlet.JspServlet@http-nio-8080-exec-1] QueryString: null 
2022-06-03 12:08:52.559 DEBUG [acme.framework.controllers.AbstractController@http-nio-8080-exec-10] DISPATCHING GET /acme-toolkits-22.1/inventor/item/show 
2022-06-03 12:08:52.559 DEBUG [acme.framework.controllers.AbstractController@http-nio-8080-exec-10] Command: show 
2022-06-03 12:08:52.559 DEBUG [acme.framework.controllers.AbstractController@http-nio-8080-exec-10] Model:   {id=47} 
2022-06-03 12:08:52.559 DEBUG [acme.framework.controllers.AbstractController@http-nio-8080-exec-10] Locale:  en 
2022-06-03 12:08:52.560 DEBUG [acme.framework.controllers.AbstractController@http-nio-8080-exec-10] Starting transaction 3312cb22-c38a-479a-98b8-09ed79a34fcd 
2022-06-03 12:08:52.565 DEBUG [org.hibernate.SQL@http-nio-8080-exec-10] select item0_.id as id1_0_, item0_.version as version2_0_, item0_.chimpum_id as chimpum10_11_, item0_.code as code1_11_, item0_.description as descript2_11_, item0_.info as info3_11_, item0_.inventor_id as invento11_11_, item0_.item_type as item_typ4_11_, item0_.name as name5_11_, item0_.published as publishe6_11_, item0_.retail_price_amount as retail_p7_11_, item0_.retail_price_currency as retail_p8_11_, item0_.technology as technolo9_11_ from item item0_ where item0_.id=? 
2022-06-03 12:08:52.566 TRACE [org.hibernate.type.descriptor.sql.BasicBinder@http-nio-8080-exec-10] binding parameter [1] as [INTEGER] - [47] 
2022-06-03 12:08:52.570 DEBUG [org.hibernate.SQL@http-nio-8080-exec-10] select inventor0_.id as id1_0_0_, inventor0_.version as version2_0_0_, inventor0_.user_account_id as user_acc1_21_0_, inventor0_.company as company1_10_0_, inventor0_.info as info2_10_0_, inventor0_.statement as statemen3_10_0_, useraccoun1_.id as id1_0_1_, useraccoun1_.version as version2_0_1_, useraccoun1_.enabled as enabled1_20_1_, useraccoun1_.identity as identity2_20_1_, useraccoun1_.password as password3_20_1_, useraccoun1_.username as username4_20_1_ from inventor inventor0_ inner join user_account useraccoun1_ on inventor0_.user_account_id=useraccoun1_.id where inventor0_.id=? 
2022-06-03 12:08:52.571 TRACE [org.hibernate.type.descriptor.sql.BasicBinder@http-nio-8080-exec-10] binding parameter [1] as [INTEGER] - [12] 
2022-06-03 12:08:52.605 DEBUG [org.hibernate.SQL@http-nio-8080-exec-10] select item0_.id as id1_0_, item0_.version as version2_0_, item0_.chimpum_id as chimpum10_11_, item0_.code as code1_11_, item0_.description as descript2_11_, item0_.info as info3_11_, item0_.inventor_id as invento11_11_, item0_.item_type as item_typ4_11_, item0_.name as name5_11_, item0_.published as publishe6_11_, item0_.retail_price_amount as retail_p7_11_, item0_.retail_price_currency as retail_p8_11_, item0_.technology as technolo9_11_ from item item0_ where item0_.id=? 
2022-06-03 12:08:52.606 TRACE [org.hibernate.type.descriptor.sql.BasicBinder@http-nio-8080-exec-10] binding parameter [1] as [INTEGER] - [47] 
2022-06-03 12:08:52.609 DEBUG [org.hibernate.SQL@http-nio-8080-exec-10] select systemconf0_.id as id1_0_, systemconf0_.version as version2_0_, systemconf0_.accepted_currencies as accepted1_18_, systemconf0_.strong_spam_terms_en as strong_s2_18_, systemconf0_.strong_spam_terms_es as strong_s3_18_, systemconf0_.strong_threshold as strong_t4_18_, systemconf0_.system_currency as system_c5_18_, systemconf0_.weak_spam_terms_en as weak_spa6_18_, systemconf0_.weak_spam_terms_es as weak_spa7_18_, systemconf0_.weak_threshold as weak_thr8_18_ from system_configuration systemconf0_ 
2022-06-03 12:08:52.612 DEBUG [acme.framework.controllers.AbstractController@http-nio-8080-exec-10] Committing transaction 3312cb22-c38a-479a-98b8-09ed79a34fcd 
2022-06-03 12:08:52.615 DEBUG [acme.framework.controllers.AbstractController@http-nio-8080-exec-10] Starting transaction 35f2da06-a5d8-47df-adf8-dc902bc5e937 
2022-06-03 12:08:52.616 DEBUG [acme.framework.controllers.AbstractController@http-nio-8080-exec-10] Committing transaction 35f2da06-a5d8-47df-adf8-dc902bc5e937 
2022-06-03 12:08:52.619 DEBUG [acme.framework.controllers.AbstractController@http-nio-8080-exec-10] SERVING GET /acme-toolkits-22.1/inventor/item/show 
2022-06-03 12:08:52.620 DEBUG [acme.framework.controllers.AbstractController@http-nio-8080-exec-10] Result: ModelAndView [view="inventor/item/form"; model={newRetailPrice=<<EUR 1025.00>>, itemId=47, itemType=COMPONENT, code=ABC-124-C, name=keyboard, description=Lorem Ipsum is simply dummy text of the printing and typesetting industry. Lorem Ipsum has been the industry's standard dummy text ever since the 1500s, when an unknown printer took a galley of type and scrambled it to make a type specimen book. It has s., technology=super, published=true, id=47, retailPrice=<<EUR 1025.00>>, version=0, info=https://regexr.com/, command=show, principal=acme.framework.entities.Principal@b056b34}] 
2022-06-03 12:08:52.621 DEBUG [acme.framework.components.tiles.DynamicTilesView@http-nio-8080-exec-10] View name 'inventor/item/form', model {newRetailPrice=<<EUR 1025.00>>, itemId=47, itemType=COMPONENT, code=ABC-124-C, name=keyboard, description=Lorem Ipsum is simply dummy text of the printing and typesetting industry. Lorem Ipsum has been the industry's standard dummy text ever since the 1500s, when an unknown printer took a galley of type and scrambled it to make a type specimen book. It has s., technology=super, published=true, id=47, retailPrice=<<EUR 1025.00>>, version=0, info=https://regexr.com/, command=show, principal=acme.framework.entities.Principal@b056b34, org.springframework.validation.BindingResult.newRetailPrice=org.springframework.validation.BeanPropertyBindingResult: 0 errors, org.springframework.validation.BindingResult.retailPrice=org.springframework.validation.BeanPropertyBindingResult: 0 errors, org.springframework.validation.BindingResult.principal=org.springframework.validation.BeanPropertyBindingResult: 0 errors} 
2022-06-03 12:08:52.624 DEBUG [org.apache.jasper.servlet.JspServlet@http-nio-8080-exec-10] JspEngine --> /WEB-INF/views/master/page.jsp 
2022-06-03 12:08:52.624 DEBUG [org.apache.jasper.servlet.JspServlet@http-nio-8080-exec-10] ServletPath: /WEB-INF/views/master/page.jsp 
2022-06-03 12:08:52.625 DEBUG [org.apache.jasper.servlet.JspServlet@http-nio-8080-exec-10] PathInfo: null 
2022-06-03 12:08:52.629 DEBUG [org.apache.jasper.servlet.JspServlet@http-nio-8080-exec-10] RealPath: C:\Users\river\Downloads\Workspace-22.0\Projects\jesrivgal-D06\target\classes\WEB-INF\views\master\page.jsp 
2022-06-03 12:08:52.630 DEBUG [org.apache.jasper.servlet.JspServlet@http-nio-8080-exec-10] RequestURI: /acme-toolkits-22.1/WEB-INF/views/master/page.jsp 
2022-06-03 12:08:52.630 DEBUG [org.apache.jasper.servlet.JspServlet@http-nio-8080-exec-10] QueryString: id=47 
2022-06-03 12:08:53.426 DEBUG [org.apache.jasper.servlet.JspServlet@http-nio-8080-exec-10] JspEngine --> /WEB-INF/views/inventor/item/form.jsp 
2022-06-03 12:08:53.427 DEBUG [org.apache.jasper.servlet.JspServlet@http-nio-8080-exec-10] ServletPath: /WEB-INF/views/master/page.jsp 
2022-06-03 12:08:53.428 DEBUG [org.apache.jasper.servlet.JspServlet@http-nio-8080-exec-10] PathInfo: null 
2022-06-03 12:08:53.432 DEBUG [org.apache.jasper.servlet.JspServlet@http-nio-8080-exec-10] RealPath: C:\Users\river\Downloads\Workspace-22.0\Projects\jesrivgal-D06\target\classes\WEB-INF\views\inventor\item\form.jsp 
2022-06-03 12:08:53.434 DEBUG [org.apache.jasper.servlet.JspServlet@http-nio-8080-exec-10] RequestURI: /acme-toolkits-22.1/WEB-INF/views/master/page.jsp 
2022-06-03 12:08:53.436 DEBUG [org.apache.jasper.servlet.JspServlet@http-nio-8080-exec-10] QueryString: id=47 
2022-06-03 12:09:03.310 DEBUG [acme.framework.controllers.AbstractController@http-nio-8080-exec-5] DISPATCHING GET /acme-toolkits-22.1/inventor/chimpum/create 
2022-06-03 12:09:03.311 DEBUG [acme.framework.controllers.AbstractController@http-nio-8080-exec-5] Command: create 
2022-06-03 12:09:03.312 DEBUG [acme.framework.controllers.AbstractController@http-nio-8080-exec-5] Model:   {itemId=47} 
2022-06-03 12:09:03.312 DEBUG [acme.framework.controllers.AbstractController@http-nio-8080-exec-5] Locale:  en 
2022-06-03 12:09:03.312 DEBUG [acme.framework.controllers.AbstractController@http-nio-8080-exec-5] Starting transaction bc548709-72a8-4c5d-9395-e3528c6560e5 
2022-06-03 12:09:03.321 DEBUG [org.hibernate.SQL@http-nio-8080-exec-5] select item0_.id as id1_0_, item0_.version as version2_0_, item0_.chimpum_id as chimpum10_11_, item0_.code as code1_11_, item0_.description as descript2_11_, item0_.info as info3_11_, item0_.inventor_id as invento11_11_, item0_.item_type as item_typ4_11_, item0_.name as name5_11_, item0_.published as publishe6_11_, item0_.retail_price_amount as retail_p7_11_, item0_.retail_price_currency as retail_p8_11_, item0_.technology as technolo9_11_ from item item0_ where item0_.id=? 
2022-06-03 12:09:03.323 TRACE [org.hibernate.type.descriptor.sql.BasicBinder@http-nio-8080-exec-5] binding parameter [1] as [INTEGER] - [47] 
2022-06-03 12:09:03.326 DEBUG [org.hibernate.SQL@http-nio-8080-exec-5] select inventor0_.id as id1_0_0_, inventor0_.version as version2_0_0_, inventor0_.user_account_id as user_acc1_21_0_, inventor0_.company as company1_10_0_, inventor0_.info as info2_10_0_, inventor0_.statement as statemen3_10_0_, useraccoun1_.id as id1_0_1_, useraccoun1_.version as version2_0_1_, useraccoun1_.enabled as enabled1_20_1_, useraccoun1_.identity as identity2_20_1_, useraccoun1_.password as password3_20_1_, useraccoun1_.username as username4_20_1_ from inventor inventor0_ inner join user_account useraccoun1_ on inventor0_.user_account_id=useraccoun1_.id where inventor0_.id=? 
2022-06-03 12:09:03.327 TRACE [org.hibernate.type.descriptor.sql.BasicBinder@http-nio-8080-exec-5] binding parameter [1] as [INTEGER] - [12] 
2022-06-03 12:09:03.340 DEBUG [org.hibernate.SQL@http-nio-8080-exec-5] select item0_.id as id1_0_, item0_.version as version2_0_, item0_.chimpum_id as chimpum10_11_, item0_.code as code1_11_, item0_.description as descript2_11_, item0_.info as info3_11_, item0_.inventor_id as invento11_11_, item0_.item_type as item_typ4_11_, item0_.name as name5_11_, item0_.published as publishe6_11_, item0_.retail_price_amount as retail_p7_11_, item0_.retail_price_currency as retail_p8_11_, item0_.technology as technolo9_11_ from item item0_ where item0_.id=? 
2022-06-03 12:09:03.341 TRACE [org.hibernate.type.descriptor.sql.BasicBinder@http-nio-8080-exec-5] binding parameter [1] as [INTEGER] - [47] 
2022-06-03 12:09:03.366 DEBUG [acme.framework.controllers.AbstractController@http-nio-8080-exec-5] Committing transaction bc548709-72a8-4c5d-9395-e3528c6560e5 
2022-06-03 12:09:03.375 DEBUG [acme.framework.controllers.AbstractController@http-nio-8080-exec-5] Starting transaction 65f3e264-507d-4df0-9285-b466857fa418 
2022-06-03 12:09:03.377 DEBUG [acme.framework.controllers.AbstractController@http-nio-8080-exec-5] Committing transaction 65f3e264-507d-4df0-9285-b466857fa418 
2022-06-03 12:09:03.378 DEBUG [acme.framework.controllers.AbstractController@http-nio-8080-exec-5] SERVING GET /acme-toolkits-22.1/inventor/chimpum/create 
2022-06-03 12:09:03.379 DEBUG [acme.framework.controllers.AbstractController@http-nio-8080-exec-5] Result: ModelAndView [view="inventor/chimpum/form"; model={itemId=47, code=22-06-03, endDate=null, creationMoment=Fri Jun 03 12:09:03 CEST 2022, description=null, id=0, title=null, moreInfo=null, version=0, startDate=null, budget=null, command=create, principal=acme.framework.entities.Principal@b056b34}] 
2022-06-03 12:09:03.380 DEBUG [acme.framework.components.tiles.DynamicTilesView@http-nio-8080-exec-5] View name 'inventor/chimpum/form', model {itemId=47, code=22-06-03, endDate=null, creationMoment=Fri Jun 03 12:09:03 CEST 2022, description=null, id=0, title=null, moreInfo=null, version=0, startDate=null, budget=null, command=create, principal=acme.framework.entities.Principal@b056b34, org.springframework.validation.BindingResult.principal=org.springframework.validation.BeanPropertyBindingResult: 0 errors} 
2022-06-03 12:09:03.382 DEBUG [org.apache.jasper.servlet.JspServlet@http-nio-8080-exec-5] JspEngine --> /WEB-INF/views/master/page.jsp 
2022-06-03 12:09:03.383 DEBUG [org.apache.jasper.servlet.JspServlet@http-nio-8080-exec-5] ServletPath: /WEB-INF/views/master/page.jsp 
2022-06-03 12:09:03.386 DEBUG [org.apache.jasper.servlet.JspServlet@http-nio-8080-exec-5] PathInfo: null 
2022-06-03 12:09:03.390 DEBUG [org.apache.jasper.servlet.JspServlet@http-nio-8080-exec-5] RealPath: C:\Users\river\Downloads\Workspace-22.0\Projects\jesrivgal-D06\target\classes\WEB-INF\views\master\page.jsp 
2022-06-03 12:09:03.390 DEBUG [org.apache.jasper.servlet.JspServlet@http-nio-8080-exec-5] RequestURI: /acme-toolkits-22.1/WEB-INF/views/master/page.jsp 
2022-06-03 12:09:03.391 DEBUG [org.apache.jasper.servlet.JspServlet@http-nio-8080-exec-5] QueryString: itemId=47 
2022-06-03 12:09:04.295 DEBUG [org.apache.jasper.servlet.JspServlet@http-nio-8080-exec-5] JspEngine --> /WEB-INF/views/inventor/chimpum/form.jsp 
2022-06-03 12:09:04.296 DEBUG [org.apache.jasper.servlet.JspServlet@http-nio-8080-exec-5] ServletPath: /WEB-INF/views/master/page.jsp 
2022-06-03 12:09:04.296 DEBUG [org.apache.jasper.servlet.JspServlet@http-nio-8080-exec-5] PathInfo: null 
2022-06-03 12:09:04.300 DEBUG [org.apache.jasper.servlet.JspServlet@http-nio-8080-exec-5] RealPath: C:\Users\river\Downloads\Workspace-22.0\Projects\jesrivgal-D06\target\classes\WEB-INF\views\inventor\chimpum\form.jsp 
2022-06-03 12:09:04.304 DEBUG [org.apache.jasper.servlet.JspServlet@http-nio-8080-exec-5] RequestURI: /acme-toolkits-22.1/WEB-INF/views/master/page.jsp 
2022-06-03 12:09:04.305 DEBUG [org.apache.jasper.servlet.JspServlet@http-nio-8080-exec-5] QueryString: itemId=47 
