2022-06-02 21:07:32.780 INFO  [acme.Launcher@main] Starting Launcher using Java 1.8.0_281 on DESKTOP-RFL1HOO with PID 27248 (C:\Users\Jesús\Downloads\Workspace-22.0\Frameworks\Acme-Framework-22.7\target\classes started by Jesús in C:\Users\Jesús\Downloads\Workspace-22.0\Projects\jesrivgal-D06) 
2022-06-02 21:07:32.781 DEBUG [acme.Launcher@main] Running with Spring Boot v2.4.2, Spring v5.3.3 
2022-06-02 21:07:32.781 INFO  [acme.Launcher@main] The following profiles are active: development,default 
2022-06-02 21:07:34.110 DEBUG [org.apache.jasper.servlet.JasperInitializer@main] Initializing Jasper for context [application] 
2022-06-02 21:07:36.959 DEBUG [org.apache.jasper.servlet.JspServlet@main] Scratch dir for the JSP engine is: [C:\Users\Jesús\AppData\Local\Temp\tomcat.8080.7948601935499675194\work\Tomcat\localhost\acme-toolkits-22.1] 
2022-06-02 21:07:36.960 DEBUG [org.apache.jasper.servlet.JspServlet@main] IMPORTANT: Do not modify the generated servlets 
2022-06-02 21:07:36.967 INFO  [acme.Launcher@main] Started Launcher in 4.529 seconds (JVM running for 4.856) 
2022-06-02 21:07:36.971 DEBUG [acme.Launcher@main] Found classpath entry '/C:/Users/Jes%c3%bas/Downloads/Workspace-22.0/Projects/jesrivgal-D06/target/classes/' 
2022-06-02 21:07:36.971 DEBUG [acme.Launcher@main] Found classpath entry '/C:/Users/Jes%c3%bas/Downloads/Workspace-22.0/Projects/jesrivgal-D06/target/test-classes/' 
2022-06-02 21:07:36.971 DEBUG [acme.Launcher@main] Found classpath entry '/C:/Users/Jes%c3%bas/.m2/repository/org/springframework/boot/spring-boot-starter-tomcat/2.4.2/spring-boot-starter-tomcat-2.4.2.jar' 
2022-06-02 21:07:36.971 DEBUG [acme.Launcher@main] Found classpath entry '/C:/Users/Jes%c3%bas/.m2/repository/jakarta/annotation/jakarta.annotation-api/1.3.5/jakarta.annotation-api-1.3.5.jar' 
2022-06-02 21:07:36.971 DEBUG [acme.Launcher@main] Found classpath entry '/C:/Users/Jes%c3%bas/.m2/repository/org/apache/tomcat/embed/tomcat-embed-core/9.0.41/tomcat-embed-core-9.0.41.jar' 
2022-06-02 21:07:36.971 DEBUG [acme.Launcher@main] Found classpath entry '/C:/Users/Jes%c3%bas/.m2/repository/org/glassfish/jakarta.el/3.0.3/jakarta.el-3.0.3.jar' 
2022-06-02 21:07:36.971 DEBUG [acme.Launcher@main] Found classpath entry '/C:/Users/Jes%c3%bas/.m2/repository/org/apache/tomcat/embed/tomcat-embed-websocket/9.0.41/tomcat-embed-websocket-9.0.41.jar' 
2022-06-02 21:07:36.971 DEBUG [acme.Launcher@main] Found classpath entry '/C:/Users/Jes%c3%bas/.m2/repository/org/apache/tomcat/embed/tomcat-embed-jasper/9.0.41/tomcat-embed-jasper-9.0.41.jar' 
2022-06-02 21:07:36.971 DEBUG [acme.Launcher@main] Found classpath entry '/C:/Users/Jes%c3%bas/.m2/repository/org/apache/tomcat/embed/tomcat-embed-el/9.0.41/tomcat-embed-el-9.0.41.jar' 
2022-06-02 21:07:36.971 DEBUG [acme.Launcher@main] Found classpath entry '/C:/Users/Jes%c3%bas/.m2/repository/org/eclipse/jdt/ecj/3.18.0/ecj-3.18.0.jar' 
2022-06-02 21:07:36.972 DEBUG [acme.Launcher@main] Found classpath entry '/C:/Users/Jes%c3%bas/.m2/repository/javax/servlet/jstl/1.2/jstl-1.2.jar' 
2022-06-02 21:07:36.972 DEBUG [acme.Launcher@main] Found classpath entry '/C:/Users/Jes%c3%bas/.m2/repository/org/springframework/boot/spring-boot-starter-test/2.4.2/spring-boot-starter-test-2.4.2.jar' 
2022-06-02 21:07:36.972 DEBUG [acme.Launcher@main] Found classpath entry '/C:/Users/Jes%c3%bas/.m2/repository/org/springframework/boot/spring-boot-starter/2.4.2/spring-boot-starter-2.4.2.jar' 
2022-06-02 21:07:36.972 DEBUG [acme.Launcher@main] Found classpath entry '/C:/Users/Jes%c3%bas/.m2/repository/org/springframework/boot/spring-boot/2.4.2/spring-boot-2.4.2.jar' 
2022-06-02 21:07:36.972 DEBUG [acme.Launcher@main] Found classpath entry '/C:/Users/Jes%c3%bas/.m2/repository/org/springframework/boot/spring-boot-autoconfigure/2.4.2/spring-boot-autoconfigure-2.4.2.jar' 
2022-06-02 21:07:36.972 DEBUG [acme.Launcher@main] Found classpath entry '/C:/Users/Jes%c3%bas/.m2/repository/org/springframework/boot/spring-boot-starter-logging/2.4.2/spring-boot-starter-logging-2.4.2.jar' 
2022-06-02 21:07:36.972 DEBUG [acme.Launcher@main] Found classpath entry '/C:/Users/Jes%c3%bas/.m2/repository/ch/qos/logback/logback-classic/1.2.3/logback-classic-1.2.3.jar' 
2022-06-02 21:07:36.972 DEBUG [acme.Launcher@main] Found classpath entry '/C:/Users/Jes%c3%bas/.m2/repository/ch/qos/logback/logback-core/1.2.3/logback-core-1.2.3.jar' 
2022-06-02 21:07:36.973 DEBUG [acme.Launcher@main] Found classpath entry '/C:/Users/Jes%c3%bas/.m2/repository/org/apache/logging/log4j/log4j-to-slf4j/2.13.3/log4j-to-slf4j-2.13.3.jar' 
2022-06-02 21:07:36.973 DEBUG [acme.Launcher@main] Found classpath entry '/C:/Users/Jes%c3%bas/.m2/repository/org/apache/logging/log4j/log4j-api/2.13.3/log4j-api-2.13.3.jar' 
2022-06-02 21:07:36.973 DEBUG [acme.Launcher@main] Found classpath entry '/C:/Users/Jes%c3%bas/.m2/repository/org/slf4j/jul-to-slf4j/1.7.30/jul-to-slf4j-1.7.30.jar' 
2022-06-02 21:07:36.973 DEBUG [acme.Launcher@main] Found classpath entry '/C:/Users/Jes%c3%bas/.m2/repository/org/yaml/snakeyaml/1.27/snakeyaml-1.27.jar' 
2022-06-02 21:07:36.973 DEBUG [acme.Launcher@main] Found classpath entry '/C:/Users/Jes%c3%bas/.m2/repository/org/springframework/boot/spring-boot-test/2.4.2/spring-boot-test-2.4.2.jar' 
2022-06-02 21:07:36.973 DEBUG [acme.Launcher@main] Found classpath entry '/C:/Users/Jes%c3%bas/.m2/repository/org/springframework/boot/spring-boot-test-autoconfigure/2.4.2/spring-boot-test-autoconfigure-2.4.2.jar' 
2022-06-02 21:07:36.973 DEBUG [acme.Launcher@main] Found classpath entry '/C:/Users/Jes%c3%bas/.m2/repository/com/jayway/jsonpath/json-path/2.4.0/json-path-2.4.0.jar' 
2022-06-02 21:07:36.973 DEBUG [acme.Launcher@main] Found classpath entry '/C:/Users/Jes%c3%bas/.m2/repository/net/minidev/json-smart/2.3/json-smart-2.3.jar' 
2022-06-02 21:07:36.973 DEBUG [acme.Launcher@main] Found classpath entry '/C:/Users/Jes%c3%bas/.m2/repository/net/minidev/accessors-smart/1.2/accessors-smart-1.2.jar' 
2022-06-02 21:07:36.974 DEBUG [acme.Launcher@main] Found classpath entry '/C:/Users/Jes%c3%bas/.m2/repository/org/ow2/asm/asm/5.0.4/asm-5.0.4.jar' 
2022-06-02 21:07:36.974 DEBUG [acme.Launcher@main] Found classpath entry '/C:/Users/Jes%c3%bas/.m2/repository/jakarta/xml/bind/jakarta.xml.bind-api/2.3.3/jakarta.xml.bind-api-2.3.3.jar' 
2022-06-02 21:07:36.974 DEBUG [acme.Launcher@main] Found classpath entry '/C:/Users/Jes%c3%bas/.m2/repository/jakarta/activation/jakarta.activation-api/1.2.2/jakarta.activation-api-1.2.2.jar' 
2022-06-02 21:07:36.974 DEBUG [acme.Launcher@main] Found classpath entry '/C:/Users/Jes%c3%bas/.m2/repository/org/assertj/assertj-core/3.18.1/assertj-core-3.18.1.jar' 
2022-06-02 21:07:36.974 DEBUG [acme.Launcher@main] Found classpath entry '/C:/Users/Jes%c3%bas/.m2/repository/org/hamcrest/hamcrest/2.2/hamcrest-2.2.jar' 
2022-06-02 21:07:36.974 DEBUG [acme.Launcher@main] Found classpath entry '/C:/Users/Jes%c3%bas/.m2/repository/org/junit/jupiter/junit-jupiter/5.7.0/junit-jupiter-5.7.0.jar' 
2022-06-02 21:07:36.974 DEBUG [acme.Launcher@main] Found classpath entry '/C:/Users/Jes%c3%bas/.m2/repository/org/mockito/mockito-core/3.6.28/mockito-core-3.6.28.jar' 
2022-06-02 21:07:36.974 DEBUG [acme.Launcher@main] Found classpath entry '/C:/Users/Jes%c3%bas/.m2/repository/net/bytebuddy/byte-buddy-agent/1.10.19/byte-buddy-agent-1.10.19.jar' 
2022-06-02 21:07:36.974 DEBUG [acme.Launcher@main] Found classpath entry '/C:/Users/Jes%c3%bas/.m2/repository/org/objenesis/objenesis/3.1/objenesis-3.1.jar' 
2022-06-02 21:07:36.974 DEBUG [acme.Launcher@main] Found classpath entry '/C:/Users/Jes%c3%bas/.m2/repository/org/mockito/mockito-junit-jupiter/3.6.28/mockito-junit-jupiter-3.6.28.jar' 
2022-06-02 21:07:36.974 DEBUG [acme.Launcher@main] Found classpath entry '/C:/Users/Jes%c3%bas/.m2/repository/org/skyscreamer/jsonassert/1.5.0/jsonassert-1.5.0.jar' 
2022-06-02 21:07:36.974 DEBUG [acme.Launcher@main] Found classpath entry '/C:/Users/Jes%c3%bas/.m2/repository/com/vaadin/external/google/android-json/0.0.20131108.vaadin1/android-json-0.0.20131108.vaadin1.jar' 
2022-06-02 21:07:36.974 DEBUG [acme.Launcher@main] Found classpath entry '/C:/Users/Jes%c3%bas/.m2/repository/org/springframework/spring-core/5.3.3/spring-core-5.3.3.jar' 
2022-06-02 21:07:36.975 DEBUG [acme.Launcher@main] Found classpath entry '/C:/Users/Jes%c3%bas/.m2/repository/org/springframework/spring-jcl/5.3.3/spring-jcl-5.3.3.jar' 
2022-06-02 21:07:36.975 DEBUG [acme.Launcher@main] Found classpath entry '/C:/Users/Jes%c3%bas/.m2/repository/org/springframework/spring-test/5.3.3/spring-test-5.3.3.jar' 
2022-06-02 21:07:36.975 DEBUG [acme.Launcher@main] Found classpath entry '/C:/Users/Jes%c3%bas/.m2/repository/org/xmlunit/xmlunit-core/2.7.0/xmlunit-core-2.7.0.jar' 
2022-06-02 21:07:36.975 DEBUG [acme.Launcher@main] Found classpath entry '/C:/Users/Jes%c3%bas/.m2/repository/org/springframework/boot/spring-boot-starter-security/2.4.2/spring-boot-starter-security-2.4.2.jar' 
2022-06-02 21:07:36.975 DEBUG [acme.Launcher@main] Found classpath entry '/C:/Users/Jes%c3%bas/.m2/repository/org/springframework/spring-aop/5.3.3/spring-aop-5.3.3.jar' 
2022-06-02 21:07:36.975 DEBUG [acme.Launcher@main] Found classpath entry '/C:/Users/Jes%c3%bas/.m2/repository/org/springframework/security/spring-security-web/5.4.2/spring-security-web-5.4.2.jar' 
2022-06-02 21:07:36.975 DEBUG [acme.Launcher@main] Found classpath entry '/C:/Users/Jes%c3%bas/.m2/repository/org/springframework/security/spring-security-core/5.4.2/spring-security-core-5.4.2.jar' 
2022-06-02 21:07:36.975 DEBUG [acme.Launcher@main] Found classpath entry '/C:/Users/Jes%c3%bas/.m2/repository/org/springframework/spring-beans/5.3.3/spring-beans-5.3.3.jar' 
2022-06-02 21:07:36.975 DEBUG [acme.Launcher@main] Found classpath entry '/C:/Users/Jes%c3%bas/.m2/repository/org/springframework/spring-context/5.3.3/spring-context-5.3.3.jar' 
2022-06-02 21:07:36.975 DEBUG [acme.Launcher@main] Found classpath entry '/C:/Users/Jes%c3%bas/.m2/repository/org/springframework/spring-expression/5.3.3/spring-expression-5.3.3.jar' 
2022-06-02 21:07:36.976 DEBUG [acme.Launcher@main] Found classpath entry '/C:/Users/Jes%c3%bas/.m2/repository/org/springframework/spring-web/5.3.3/spring-web-5.3.3.jar' 
2022-06-02 21:07:36.976 DEBUG [acme.Launcher@main] Found classpath entry '/C:/Users/Jes%c3%bas/.m2/repository/org/springframework/security/spring-security-config/5.4.2/spring-security-config-5.4.2.jar' 
2022-06-02 21:07:36.976 DEBUG [acme.Launcher@main] Found classpath entry '/C:/Users/Jes%c3%bas/.m2/repository/org/springframework/security/spring-security-taglibs/5.4.2/spring-security-taglibs-5.4.2.jar' 
2022-06-02 21:07:36.976 DEBUG [acme.Launcher@main] Found classpath entry '/C:/Users/Jes%c3%bas/.m2/repository/org/springframework/security/spring-security-acl/5.4.2/spring-security-acl-5.4.2.jar' 
2022-06-02 21:07:36.976 DEBUG [acme.Launcher@main] Found classpath entry '/C:/Users/Jes%c3%bas/.m2/repository/org/springframework/spring-jdbc/5.3.3/spring-jdbc-5.3.3.jar' 
2022-06-02 21:07:36.976 DEBUG [acme.Launcher@main] Found classpath entry '/C:/Users/Jes%c3%bas/.m2/repository/org/springframework/spring-tx/5.3.3/spring-tx-5.3.3.jar' 
2022-06-02 21:07:36.976 DEBUG [acme.Launcher@main] Found classpath entry '/C:/Users/Jes%c3%bas/.m2/repository/org/springframework/boot/spring-boot-starter-web/2.4.2/spring-boot-starter-web-2.4.2.jar' 
2022-06-02 21:07:36.976 DEBUG [acme.Launcher@main] Found classpath entry '/C:/Users/Jes%c3%bas/.m2/repository/org/springframework/boot/spring-boot-starter-json/2.4.2/spring-boot-starter-json-2.4.2.jar' 
2022-06-02 21:07:36.977 DEBUG [acme.Launcher@main] Found classpath entry '/C:/Users/Jes%c3%bas/.m2/repository/com/fasterxml/jackson/core/jackson-databind/2.11.4/jackson-databind-2.11.4.jar' 
2022-06-02 21:07:36.977 DEBUG [acme.Launcher@main] Found classpath entry '/C:/Users/Jes%c3%bas/.m2/repository/com/fasterxml/jackson/core/jackson-annotations/2.11.4/jackson-annotations-2.11.4.jar' 
2022-06-02 21:07:36.977 DEBUG [acme.Launcher@main] Found classpath entry '/C:/Users/Jes%c3%bas/.m2/repository/com/fasterxml/jackson/core/jackson-core/2.11.4/jackson-core-2.11.4.jar' 
2022-06-02 21:07:36.977 DEBUG [acme.Launcher@main] Found classpath entry '/C:/Users/Jes%c3%bas/.m2/repository/com/fasterxml/jackson/datatype/jackson-datatype-jdk8/2.11.4/jackson-datatype-jdk8-2.11.4.jar' 
2022-06-02 21:07:36.977 DEBUG [acme.Launcher@main] Found classpath entry '/C:/Users/Jes%c3%bas/.m2/repository/com/fasterxml/jackson/datatype/jackson-datatype-jsr310/2.11.4/jackson-datatype-jsr310-2.11.4.jar' 
2022-06-02 21:07:36.977 DEBUG [acme.Launcher@main] Found classpath entry '/C:/Users/Jes%c3%bas/.m2/repository/com/fasterxml/jackson/module/jackson-module-parameter-names/2.11.4/jackson-module-parameter-names-2.11.4.jar' 
2022-06-02 21:07:36.977 DEBUG [acme.Launcher@main] Found classpath entry '/C:/Users/Jes%c3%bas/.m2/repository/org/springframework/spring-webmvc/5.3.3/spring-webmvc-5.3.3.jar' 
2022-06-02 21:07:36.977 DEBUG [acme.Launcher@main] Found classpath entry '/C:/Users/Jes%c3%bas/.m2/repository/org/apache/tiles/tiles-jsp/3.0.8/tiles-jsp-3.0.8.jar' 
2022-06-02 21:07:36.977 DEBUG [acme.Launcher@main] Found classpath entry '/C:/Users/Jes%c3%bas/.m2/repository/org/apache/tiles/tiles-servlet/3.0.8/tiles-servlet-3.0.8.jar' 
2022-06-02 21:07:36.977 DEBUG [acme.Launcher@main] Found classpath entry '/C:/Users/Jes%c3%bas/.m2/repository/org/apache/tiles/tiles-core/3.0.8/tiles-core-3.0.8.jar' 
2022-06-02 21:07:36.977 DEBUG [acme.Launcher@main] Found classpath entry '/C:/Users/Jes%c3%bas/.m2/repository/commons-digester/commons-digester/2.0/commons-digester-2.0.jar' 
2022-06-02 21:07:36.977 DEBUG [acme.Launcher@main] Found classpath entry '/C:/Users/Jes%c3%bas/.m2/repository/org/slf4j/jcl-over-slf4j/1.7.30/jcl-over-slf4j-1.7.30.jar' 
2022-06-02 21:07:36.977 DEBUG [acme.Launcher@main] Found classpath entry '/C:/Users/Jes%c3%bas/.m2/repository/org/apache/tiles/tiles-request-servlet/1.0.7/tiles-request-servlet-1.0.7.jar' 
2022-06-02 21:07:36.978 DEBUG [acme.Launcher@main] Found classpath entry '/C:/Users/Jes%c3%bas/.m2/repository/org/apache/tiles/tiles-template/3.0.8/tiles-template-3.0.8.jar' 
2022-06-02 21:07:36.978 DEBUG [acme.Launcher@main] Found classpath entry '/C:/Users/Jes%c3%bas/.m2/repository/org/apache/tiles/tiles-api/3.0.8/tiles-api-3.0.8.jar' 
2022-06-02 21:07:36.978 DEBUG [acme.Launcher@main] Found classpath entry '/C:/Users/Jes%c3%bas/.m2/repository/org/apache/tiles/tiles-autotag-core-runtime/1.2/tiles-autotag-core-runtime-1.2.jar' 
2022-06-02 21:07:36.978 DEBUG [acme.Launcher@main] Found classpath entry '/C:/Users/Jes%c3%bas/.m2/repository/org/slf4j/slf4j-api/1.7.30/slf4j-api-1.7.30.jar' 
2022-06-02 21:07:36.978 DEBUG [acme.Launcher@main] Found classpath entry '/C:/Users/Jes%c3%bas/.m2/repository/org/apache/tiles/tiles-request-jsp/1.0.7/tiles-request-jsp-1.0.7.jar' 
2022-06-02 21:07:36.978 DEBUG [acme.Launcher@main] Found classpath entry '/C:/Users/Jes%c3%bas/.m2/repository/org/apache/tiles/tiles-request-api/1.0.7/tiles-request-api-1.0.7.jar' 
2022-06-02 21:07:36.978 DEBUG [acme.Launcher@main] Found classpath entry '/C:/Users/Jes%c3%bas/.m2/repository/org/springframework/boot/spring-boot-starter-data-jpa/2.4.2/spring-boot-starter-data-jpa-2.4.2.jar' 
2022-06-02 21:07:36.978 DEBUG [acme.Launcher@main] Found classpath entry '/C:/Users/Jes%c3%bas/.m2/repository/org/springframework/boot/spring-boot-starter-aop/2.4.2/spring-boot-starter-aop-2.4.2.jar' 
2022-06-02 21:07:36.978 DEBUG [acme.Launcher@main] Found classpath entry '/C:/Users/Jes%c3%bas/.m2/repository/org/aspectj/aspectjweaver/1.9.6/aspectjweaver-1.9.6.jar' 
2022-06-02 21:07:36.978 DEBUG [acme.Launcher@main] Found classpath entry '/C:/Users/Jes%c3%bas/.m2/repository/org/springframework/boot/spring-boot-starter-jdbc/2.4.2/spring-boot-starter-jdbc-2.4.2.jar' 
2022-06-02 21:07:36.978 DEBUG [acme.Launcher@main] Found classpath entry '/C:/Users/Jes%c3%bas/.m2/repository/jakarta/transaction/jakarta.transaction-api/1.3.3/jakarta.transaction-api-1.3.3.jar' 
2022-06-02 21:07:36.978 DEBUG [acme.Launcher@main] Found classpath entry '/C:/Users/Jes%c3%bas/.m2/repository/jakarta/persistence/jakarta.persistence-api/2.2.3/jakarta.persistence-api-2.2.3.jar' 
2022-06-02 21:07:36.978 DEBUG [acme.Launcher@main] Found classpath entry '/C:/Users/Jes%c3%bas/.m2/repository/org/hibernate/hibernate-core/5.4.27.Final/hibernate-core-5.4.27.Final.jar' 
2022-06-02 21:07:36.979 DEBUG [acme.Launcher@main] Found classpath entry '/C:/Users/Jes%c3%bas/.m2/repository/org/jboss/logging/jboss-logging/3.4.1.Final/jboss-logging-3.4.1.Final.jar' 
2022-06-02 21:07:36.979 DEBUG [acme.Launcher@main] Found classpath entry '/C:/Users/Jes%c3%bas/.m2/repository/org/javassist/javassist/3.27.0-GA/javassist-3.27.0-GA.jar' 
2022-06-02 21:07:36.979 DEBUG [acme.Launcher@main] Found classpath entry '/C:/Users/Jes%c3%bas/.m2/repository/antlr/antlr/2.7.7/antlr-2.7.7.jar' 
2022-06-02 21:07:36.979 DEBUG [acme.Launcher@main] Found classpath entry '/C:/Users/Jes%c3%bas/.m2/repository/org/jboss/jandex/2.1.3.Final/jandex-2.1.3.Final.jar' 
2022-06-02 21:07:36.979 DEBUG [acme.Launcher@main] Found classpath entry '/C:/Users/Jes%c3%bas/.m2/repository/com/fasterxml/classmate/1.5.1/classmate-1.5.1.jar' 
2022-06-02 21:07:36.979 DEBUG [acme.Launcher@main] Found classpath entry '/C:/Users/Jes%c3%bas/.m2/repository/org/dom4j/dom4j/2.1.3/dom4j-2.1.3.jar' 
2022-06-02 21:07:36.979 DEBUG [acme.Launcher@main] Found classpath entry '/C:/Users/Jes%c3%bas/.m2/repository/org/hibernate/common/hibernate-commons-annotations/5.1.2.Final/hibernate-commons-annotations-5.1.2.Final.jar' 
2022-06-02 21:07:36.979 DEBUG [acme.Launcher@main] Found classpath entry '/C:/Users/Jes%c3%bas/.m2/repository/org/glassfish/jaxb/jaxb-runtime/2.3.3/jaxb-runtime-2.3.3.jar' 
2022-06-02 21:07:36.979 DEBUG [acme.Launcher@main] Found classpath entry '/C:/Users/Jes%c3%bas/.m2/repository/org/glassfish/jaxb/txw2/2.3.3/txw2-2.3.3.jar' 
2022-06-02 21:07:36.979 DEBUG [acme.Launcher@main] Found classpath entry '/C:/Users/Jes%c3%bas/.m2/repository/com/sun/istack/istack-commons-runtime/3.0.11/istack-commons-runtime-3.0.11.jar' 
2022-06-02 21:07:36.979 DEBUG [acme.Launcher@main] Found classpath entry '/C:/Users/Jes%c3%bas/.m2/repository/com/sun/activation/jakarta.activation/1.2.2/jakarta.activation-1.2.2.jar' 
2022-06-02 21:07:36.979 DEBUG [acme.Launcher@main] Found classpath entry '/C:/Users/Jes%c3%bas/.m2/repository/org/springframework/data/spring-data-jpa/2.4.3/spring-data-jpa-2.4.3.jar' 
2022-06-02 21:07:36.980 DEBUG [acme.Launcher@main] Found classpath entry '/C:/Users/Jes%c3%bas/.m2/repository/org/springframework/data/spring-data-commons/2.4.3/spring-data-commons-2.4.3.jar' 
2022-06-02 21:07:36.980 DEBUG [acme.Launcher@main] Found classpath entry '/C:/Users/Jes%c3%bas/.m2/repository/org/springframework/spring-orm/5.3.3/spring-orm-5.3.3.jar' 
2022-06-02 21:07:36.980 DEBUG [acme.Launcher@main] Found classpath entry '/C:/Users/Jes%c3%bas/.m2/repository/org/springframework/spring-aspects/5.3.3/spring-aspects-5.3.3.jar' 
2022-06-02 21:07:36.980 DEBUG [acme.Launcher@main] Found classpath entry '/C:/Users/Jes%c3%bas/.m2/repository/org/springframework/boot/spring-boot-starter-validation/2.4.2/spring-boot-starter-validation-2.4.2.jar' 
2022-06-02 21:07:36.980 DEBUG [acme.Launcher@main] Found classpath entry '/C:/Users/Jes%c3%bas/.m2/repository/org/hibernate/validator/hibernate-validator/6.1.7.Final/hibernate-validator-6.1.7.Final.jar' 
2022-06-02 21:07:36.980 DEBUG [acme.Launcher@main] Found classpath entry '/C:/Users/Jes%c3%bas/.m2/repository/jakarta/validation/jakarta.validation-api/2.0.2/jakarta.validation-api-2.0.2.jar' 
2022-06-02 21:07:36.980 DEBUG [acme.Launcher@main] Found classpath entry '/C:/Users/Jes%c3%bas/.m2/repository/mysql/mysql-connector-java/8.0.22/mysql-connector-java-8.0.22.jar' 
2022-06-02 21:07:36.980 DEBUG [acme.Launcher@main] Found classpath entry '/C:/Users/Jes%c3%bas/.m2/repository/com/zaxxer/HikariCP/3.4.5/HikariCP-3.4.5.jar' 
2022-06-02 21:07:36.980 DEBUG [acme.Launcher@main] Found classpath entry '/C:/Users/Jes%c3%bas/.m2/repository/org/junit/jupiter/junit-jupiter-engine/5.7.0/junit-jupiter-engine-5.7.0.jar' 
2022-06-02 21:07:36.980 DEBUG [acme.Launcher@main] Found classpath entry '/C:/Users/Jes%c3%bas/.m2/repository/org/apiguardian/apiguardian-api/1.1.0/apiguardian-api-1.1.0.jar' 
2022-06-02 21:07:36.980 DEBUG [acme.Launcher@main] Found classpath entry '/C:/Users/Jes%c3%bas/.m2/repository/org/junit/platform/junit-platform-engine/1.7.0/junit-platform-engine-1.7.0.jar' 
2022-06-02 21:07:36.980 DEBUG [acme.Launcher@main] Found classpath entry '/C:/Users/Jes%c3%bas/.m2/repository/org/junit/jupiter/junit-jupiter-api/5.7.0/junit-jupiter-api-5.7.0.jar' 
2022-06-02 21:07:36.980 DEBUG [acme.Launcher@main] Found classpath entry '/C:/Users/Jes%c3%bas/.m2/repository/org/opentest4j/opentest4j/1.2.0/opentest4j-1.2.0.jar' 
2022-06-02 21:07:36.980 DEBUG [acme.Launcher@main] Found classpath entry '/C:/Users/Jes%c3%bas/.m2/repository/org/junit/platform/junit-platform-commons/1.7.0/junit-platform-commons-1.7.0.jar' 
2022-06-02 21:07:36.981 DEBUG [acme.Launcher@main] Found classpath entry '/C:/Users/Jes%c3%bas/.m2/repository/org/junit/jupiter/junit-jupiter-params/5.7.0/junit-jupiter-params-5.7.0.jar' 
2022-06-02 21:07:36.981 DEBUG [acme.Launcher@main] Found classpath entry '/C:/Users/Jes%c3%bas/.m2/repository/org/junit/platform/junit-platform-launcher/1.7.0/junit-platform-launcher-1.7.0.jar' 
2022-06-02 21:07:36.981 DEBUG [acme.Launcher@main] Found classpath entry '/C:/Users/Jes%c3%bas/.m2/repository/org/seleniumhq/selenium/selenium-java/3.141.59/selenium-java-3.141.59.jar' 
2022-06-02 21:07:36.981 DEBUG [acme.Launcher@main] Found classpath entry '/C:/Users/Jes%c3%bas/.m2/repository/org/seleniumhq/selenium/selenium-api/3.141.59/selenium-api-3.141.59.jar' 
2022-06-02 21:07:36.981 DEBUG [acme.Launcher@main] Found classpath entry '/C:/Users/Jes%c3%bas/.m2/repository/org/seleniumhq/selenium/selenium-chrome-driver/3.141.59/selenium-chrome-driver-3.141.59.jar' 
2022-06-02 21:07:36.981 DEBUG [acme.Launcher@main] Found classpath entry '/C:/Users/Jes%c3%bas/.m2/repository/org/seleniumhq/selenium/selenium-edge-driver/3.141.59/selenium-edge-driver-3.141.59.jar' 
2022-06-02 21:07:36.981 DEBUG [acme.Launcher@main] Found classpath entry '/C:/Users/Jes%c3%bas/.m2/repository/org/seleniumhq/selenium/selenium-firefox-driver/3.141.59/selenium-firefox-driver-3.141.59.jar' 
2022-06-02 21:07:36.981 DEBUG [acme.Launcher@main] Found classpath entry '/C:/Users/Jes%c3%bas/.m2/repository/org/seleniumhq/selenium/selenium-ie-driver/3.141.59/selenium-ie-driver-3.141.59.jar' 
2022-06-02 21:07:36.981 DEBUG [acme.Launcher@main] Found classpath entry '/C:/Users/Jes%c3%bas/.m2/repository/org/seleniumhq/selenium/selenium-opera-driver/3.141.59/selenium-opera-driver-3.141.59.jar' 
2022-06-02 21:07:36.981 DEBUG [acme.Launcher@main] Found classpath entry '/C:/Users/Jes%c3%bas/.m2/repository/org/seleniumhq/selenium/selenium-remote-driver/3.141.59/selenium-remote-driver-3.141.59.jar' 
2022-06-02 21:07:36.981 DEBUG [acme.Launcher@main] Found classpath entry '/C:/Users/Jes%c3%bas/.m2/repository/org/seleniumhq/selenium/selenium-safari-driver/3.141.59/selenium-safari-driver-3.141.59.jar' 
2022-06-02 21:07:36.981 DEBUG [acme.Launcher@main] Found classpath entry '/C:/Users/Jes%c3%bas/.m2/repository/org/seleniumhq/selenium/selenium-support/3.141.59/selenium-support-3.141.59.jar' 
2022-06-02 21:07:36.981 DEBUG [acme.Launcher@main] Found classpath entry '/C:/Users/Jes%c3%bas/.m2/repository/net/bytebuddy/byte-buddy/1.10.19/byte-buddy-1.10.19.jar' 
2022-06-02 21:07:36.981 DEBUG [acme.Launcher@main] Found classpath entry '/C:/Users/Jes%c3%bas/.m2/repository/org/apache/commons/commons-exec/1.3/commons-exec-1.3.jar' 
2022-06-02 21:07:36.982 DEBUG [acme.Launcher@main] Found classpath entry '/C:/Users/Jes%c3%bas/.m2/repository/com/google/guava/guava/25.0-jre/guava-25.0-jre.jar' 
2022-06-02 21:07:36.982 DEBUG [acme.Launcher@main] Found classpath entry '/C:/Users/Jes%c3%bas/.m2/repository/com/google/code/findbugs/jsr305/1.3.9/jsr305-1.3.9.jar' 
2022-06-02 21:07:36.982 DEBUG [acme.Launcher@main] Found classpath entry '/C:/Users/Jes%c3%bas/.m2/repository/org/checkerframework/checker-compat-qual/2.0.0/checker-compat-qual-2.0.0.jar' 
2022-06-02 21:07:36.982 DEBUG [acme.Launcher@main] Found classpath entry '/C:/Users/Jes%c3%bas/.m2/repository/com/google/errorprone/error_prone_annotations/2.1.3/error_prone_annotations-2.1.3.jar' 
2022-06-02 21:07:36.982 DEBUG [acme.Launcher@main] Found classpath entry '/C:/Users/Jes%c3%bas/.m2/repository/com/google/j2objc/j2objc-annotations/1.1/j2objc-annotations-1.1.jar' 
2022-06-02 21:07:36.982 DEBUG [acme.Launcher@main] Found classpath entry '/C:/Users/Jes%c3%bas/.m2/repository/org/codehaus/mojo/animal-sniffer-annotations/1.14/animal-sniffer-annotations-1.14.jar' 
2022-06-02 21:07:36.982 DEBUG [acme.Launcher@main] Found classpath entry '/C:/Users/Jes%c3%bas/.m2/repository/com/squareup/okhttp3/okhttp/3.14.9/okhttp-3.14.9.jar' 
2022-06-02 21:07:36.982 DEBUG [acme.Launcher@main] Found classpath entry '/C:/Users/Jes%c3%bas/.m2/repository/com/squareup/okio/okio/1.14.0/okio-1.14.0.jar' 
2022-06-02 21:07:36.982 DEBUG [acme.Launcher@main] Found classpath entry '/C:/Users/Jes%c3%bas/.m2/repository/org/apache/commons/commons-lang3/3.11/commons-lang3-3.11.jar' 
2022-06-02 21:07:36.982 DEBUG [acme.Launcher@main] Found classpath entry '/C:/Users/Jes%c3%bas/.m2/repository/org/apache/commons/commons-text/1.8/commons-text-1.8.jar' 
2022-06-02 21:07:36.982 DEBUG [acme.Launcher@main] Found classpath entry '/C:/Users/Jes%c3%bas/.m2/repository/commons-io/commons-io/2.6/commons-io-2.6.jar' 
2022-06-02 21:07:36.982 DEBUG [acme.Launcher@main] Found classpath entry '/C:/Users/Jes%c3%bas/.m2/repository/commons-cli/commons-cli/1.4/commons-cli-1.4.jar' 
2022-06-02 21:07:36.982 DEBUG [acme.Launcher@main] Found classpath entry '/C:/Users/Jes%c3%bas/.m2/repository/org/projectlombok/lombok/1.18.16/lombok-1.18.16.jar' 
2022-06-02 21:07:36.982 DEBUG [acme.Launcher@main] Found classpath entry '/C:/Users/Jes%c3%bas/.m2/repository/com/opencsv/opencsv/5.4/opencsv-5.4.jar' 
2022-06-02 21:07:36.982 DEBUG [acme.Launcher@main] Found classpath entry '/C:/Users/Jes%c3%bas/.m2/repository/commons-beanutils/commons-beanutils/1.9.4/commons-beanutils-1.9.4.jar' 
2022-06-02 21:07:36.982 DEBUG [acme.Launcher@main] Found classpath entry '/C:/Users/Jes%c3%bas/.m2/repository/commons-logging/commons-logging/1.2/commons-logging-1.2.jar' 
2022-06-02 21:07:36.983 DEBUG [acme.Launcher@main] Found classpath entry '/C:/Users/Jes%c3%bas/.m2/repository/commons-collections/commons-collections/3.2.2/commons-collections-3.2.2.jar' 
2022-06-02 21:07:36.983 DEBUG [acme.Launcher@main] Found classpath entry '/C:/Users/Jes%c3%bas/.m2/repository/org/apache/commons/commons-collections4/4.4/commons-collections4-4.4.jar' 
2022-06-02 21:07:36.983 DEBUG [acme.Launcher@main] Found classpath entry '/C:/Users/Jes%c3%bas/Downloads/Workspace-22.0/Projects/jesrivgal-D06/library/spamDetector.jar' 
2022-06-02 21:07:36.983 DEBUG [acme.Launcher@main] Found classpath entry '/C:/Users/Jes%c3%bas/Downloads/Workspace-22.0/Frameworks/Acme-Framework-22.7/target/classes/' 
2022-06-02 21:07:36.983 DEBUG [acme.Launcher@main] Found classpath entry '/C:/Users/Jes%c3%bas/Downloads/Workspace-22.0/Frameworks/Acme-Framework-22.7/target/test-classes/' 
2022-06-02 21:07:37.061 DEBUG [acme.Launcher@main] Found entity class 'acme.components.Currencies 
2022-06-02 21:07:37.061 DEBUG [acme.Launcher@main] Found entity class 'acme.entities.announcement.Announcement 
2022-06-02 21:07:37.061 DEBUG [acme.Launcher@main] Found entity class 'acme.entities.chimpum.Chimpum 
2022-06-02 21:07:37.061 DEBUG [acme.Launcher@main] Found entity class 'acme.entities.chirp.Chirp 
2022-06-02 21:07:37.061 DEBUG [acme.Launcher@main] Found entity class 'acme.entities.item.Item 
2022-06-02 21:07:37.061 DEBUG [acme.Launcher@main] Found entity class 'acme.entities.moneyExchange.MoneyExchange 
2022-06-02 21:07:37.061 DEBUG [acme.Launcher@main] Found entity class 'acme.entities.patronage.Patronage 
2022-06-02 21:07:37.061 DEBUG [acme.Launcher@main] Found entity class 'acme.entities.patronageReport.PatronageReport 
2022-06-02 21:07:37.061 DEBUG [acme.Launcher@main] Found entity class 'acme.entities.quantity.Quantity 
2022-06-02 21:07:37.062 DEBUG [acme.Launcher@main] Found entity class 'acme.entities.systemConfiguration.SystemConfiguration 
2022-06-02 21:07:37.062 DEBUG [acme.Launcher@main] Found entity class 'acme.entities.toolkit.Toolkit 
2022-06-02 21:07:37.062 DEBUG [acme.Launcher@main] Found entity class 'acme.roles.Consumer 
2022-06-02 21:07:37.062 DEBUG [acme.Launcher@main] Found entity class 'acme.roles.Inventor 
2022-06-02 21:07:37.062 DEBUG [acme.Launcher@main] Found entity class 'acme.roles.Patron 
2022-06-02 21:07:37.062 DEBUG [acme.Launcher@main] Found entity class 'acme.roles.Provider 
2022-06-02 21:07:37.062 DEBUG [acme.Launcher@main] Found entity class 'acme.framework.entities.UserAccount 
2022-06-02 21:07:37.062 DEBUG [acme.Launcher@main] Found entity class 'acme.framework.roles.Administrator 
2022-06-02 21:07:37.062 DEBUG [acme.Launcher@main] Found entity class 'acme.framework.roles.Anonymous 
2022-06-02 21:07:37.062 DEBUG [acme.Launcher@main] Found entity class 'acme.framework.roles.Any 
2022-06-02 21:07:37.062 DEBUG [acme.Launcher@main] Found entity class 'acme.framework.roles.Authenticated 
2022-06-02 21:07:37.064 INFO  [acme.Launcher@main] Running application (Standalone) 
2022-06-02 21:07:43.565 DEBUG [acme.framework.components.tiles.DynamicTilesView@http-nio-8080-exec-2] View name 'fragments/welcome', model {} 
2022-06-02 21:07:43.576 DEBUG [org.apache.tiles.definition.dao.BaseLocaleUrlDefinitionDAO@http-nio-8080-exec-2] File Resource file:/C:/Users/Jesús/Downloads/Workspace-22.0/Projects/jesrivgal-D06/target/classes/WEB-INF/views/master/tiles_en.xml at file:/C:/Users/Jesús/Downloads/Workspace-22.0/Projects/jesrivgal-D06/target/classes/WEB-INF/views/master/tiles_en.xml not found, continue 
2022-06-02 21:07:43.581 DEBUG [org.apache.jasper.servlet.JspServlet@http-nio-8080-exec-2] JspEngine --> /WEB-INF/views/master/page.jsp 
2022-06-02 21:07:43.581 DEBUG [org.apache.jasper.servlet.JspServlet@http-nio-8080-exec-2] ServletPath: /WEB-INF/views/master/page.jsp 
2022-06-02 21:07:43.581 DEBUG [org.apache.jasper.servlet.JspServlet@http-nio-8080-exec-2] PathInfo: null 
2022-06-02 21:07:43.583 DEBUG [org.apache.jasper.servlet.JspServlet@http-nio-8080-exec-2] RealPath: C:\Users\Jesús\Downloads\Workspace-22.0\Projects\jesrivgal-D06\target\classes\WEB-INF\views\master\page.jsp 
2022-06-02 21:07:43.583 DEBUG [org.apache.jasper.servlet.JspServlet@http-nio-8080-exec-2] RequestURI: /acme-toolkits-22.1/WEB-INF/views/master/page.jsp 
2022-06-02 21:07:43.583 DEBUG [org.apache.jasper.servlet.JspServlet@http-nio-8080-exec-2] QueryString: null 
2022-06-02 21:07:45.767 DEBUG [acme.framework.configuration.ExtendedMessageSource@http-nio-8080-exec-2] Loading properties [C:\Users\Jesús\Downloads\Workspace-22.0\Projects\jesrivgal-D06\target\classes\WEB-INF\views\administrator\administrator-dashboard\messages-en.i18n] with encoding 'utf-8' 
2022-06-02 21:07:45.768 DEBUG [acme.framework.configuration.ExtendedMessageSource@http-nio-8080-exec-2] Loading properties [C:\Users\Jesús\Downloads\Workspace-22.0\Projects\jesrivgal-D06\target\classes\WEB-INF\views\administrator\announcement\messages-en.i18n] with encoding 'utf-8' 
2022-06-02 21:07:45.769 DEBUG [acme.framework.configuration.ExtendedMessageSource@http-nio-8080-exec-2] Loading properties [C:\Users\Jesús\Downloads\Workspace-22.0\Projects\jesrivgal-D06\target\classes\WEB-INF\views\administrator\system-configuration\messages-en.i18n] with encoding 'utf-8' 
2022-06-02 21:07:45.769 DEBUG [acme.framework.configuration.ExtendedMessageSource@http-nio-8080-exec-2] Loading properties [C:\Users\Jesús\Downloads\Workspace-22.0\Projects\jesrivgal-D06\target\classes\WEB-INF\views\administrator\user-account\messages-en.i18n] with encoding 'utf-8' 
2022-06-02 21:07:45.769 DEBUG [acme.framework.configuration.ExtendedMessageSource@http-nio-8080-exec-2] Loading properties [C:\Users\Jesús\Downloads\Workspace-22.0\Projects\jesrivgal-D06\target\classes\WEB-INF\views\anonymous\user-account\messages-en.i18n] with encoding 'utf-8' 
2022-06-02 21:07:45.770 DEBUG [acme.framework.configuration.ExtendedMessageSource@http-nio-8080-exec-2] Loading properties [C:\Users\Jesús\Downloads\Workspace-22.0\Projects\jesrivgal-D06\target\classes\WEB-INF\views\any\chirp\messages-en.i18n] with encoding 'utf-8' 
2022-06-02 21:07:45.770 DEBUG [acme.framework.configuration.ExtendedMessageSource@http-nio-8080-exec-2] Loading properties [C:\Users\Jesús\Downloads\Workspace-22.0\Projects\jesrivgal-D06\target\classes\WEB-INF\views\any\item\messages-en.i18n] with encoding 'utf-8' 
2022-06-02 21:07:45.770 DEBUG [acme.framework.configuration.ExtendedMessageSource@http-nio-8080-exec-2] Loading properties [C:\Users\Jesús\Downloads\Workspace-22.0\Projects\jesrivgal-D06\target\classes\WEB-INF\views\any\toolkit\messages-en.i18n] with encoding 'utf-8' 
2022-06-02 21:07:45.771 DEBUG [acme.framework.configuration.ExtendedMessageSource@http-nio-8080-exec-2] Loading properties [C:\Users\Jesús\Downloads\Workspace-22.0\Projects\jesrivgal-D06\target\classes\WEB-INF\views\any\user-account\messages-en.i18n] with encoding 'utf-8' 
2022-06-02 21:07:45.771 DEBUG [acme.framework.configuration.ExtendedMessageSource@http-nio-8080-exec-2] Loading properties [C:\Users\Jesús\Downloads\Workspace-22.0\Projects\jesrivgal-D06\target\classes\WEB-INF\views\authenticated\announcement\messsages-en.i18n] with encoding 'utf-8' 
2022-06-02 21:07:45.771 DEBUG [acme.framework.configuration.ExtendedMessageSource@http-nio-8080-exec-2] Loading properties [C:\Users\Jesús\Downloads\Workspace-22.0\Projects\jesrivgal-D06\target\classes\WEB-INF\views\authenticated\consumer\messsages-en.i18n] with encoding 'utf-8' 
2022-06-02 21:07:45.772 DEBUG [acme.framework.configuration.ExtendedMessageSource@http-nio-8080-exec-2] Loading properties [C:\Users\Jesús\Downloads\Workspace-22.0\Projects\jesrivgal-D06\target\classes\WEB-INF\views\authenticated\inventor\messsages-en.i18n] with encoding 'utf-8' 
2022-06-02 21:07:45.772 DEBUG [acme.framework.configuration.ExtendedMessageSource@http-nio-8080-exec-2] Loading properties [C:\Users\Jesús\Downloads\Workspace-22.0\Projects\jesrivgal-D06\target\classes\WEB-INF\views\authenticated\patron\messsages-en.i18n] with encoding 'utf-8' 
2022-06-02 21:07:45.772 DEBUG [acme.framework.configuration.ExtendedMessageSource@http-nio-8080-exec-2] Loading properties [C:\Users\Jesús\Downloads\Workspace-22.0\Projects\jesrivgal-D06\target\classes\WEB-INF\views\authenticated\provider\messsages-en.i18n] with encoding 'utf-8' 
2022-06-02 21:07:45.773 DEBUG [acme.framework.configuration.ExtendedMessageSource@http-nio-8080-exec-2] Loading properties [C:\Users\Jesús\Downloads\Workspace-22.0\Projects\jesrivgal-D06\target\classes\WEB-INF\views\authenticated\system-configuration\messages-en.i18n] with encoding 'utf-8' 
2022-06-02 21:07:45.773 DEBUG [acme.framework.configuration.ExtendedMessageSource@http-nio-8080-exec-2] Loading properties [C:\Users\Jesús\Downloads\Workspace-22.0\Projects\jesrivgal-D06\target\classes\WEB-INF\views\authenticated\user-account\messages-en.i18n] with encoding 'utf-8' 
2022-06-02 21:07:45.773 DEBUG [acme.framework.configuration.ExtendedMessageSource@http-nio-8080-exec-2] Loading properties [C:\Users\Jesús\Downloads\Workspace-22.0\Projects\jesrivgal-D06\target\classes\WEB-INF\views\fragments\banner-en.i18n] with encoding 'utf-8' 
2022-06-02 21:07:45.774 DEBUG [acme.framework.configuration.ExtendedMessageSource@http-nio-8080-exec-2] Loading properties [C:\Users\Jesús\Downloads\Workspace-22.0\Projects\jesrivgal-D06\target\classes\WEB-INF\views\fragments\company-en.i18n] with encoding 'utf-8' 
2022-06-02 21:07:45.774 DEBUG [acme.framework.configuration.ExtendedMessageSource@http-nio-8080-exec-2] Loading properties [C:\Users\Jesús\Downloads\Workspace-22.0\Projects\jesrivgal-D06\target\classes\WEB-INF\views\fragments\footer-en.i18n] with encoding 'utf-8' 
2022-06-02 21:07:45.774 DEBUG [acme.framework.configuration.ExtendedMessageSource@http-nio-8080-exec-2] Loading properties [C:\Users\Jesús\Downloads\Workspace-22.0\Projects\jesrivgal-D06\target\classes\WEB-INF\views\fragments\license-en.i18n] with encoding 'utf-8' 
2022-06-02 21:07:45.775 DEBUG [acme.framework.configuration.ExtendedMessageSource@http-nio-8080-exec-2] Loading properties [C:\Users\Jesús\Downloads\Workspace-22.0\Projects\jesrivgal-D06\target\classes\WEB-INF\views\fragments\menu-en.i18n] with encoding 'utf-8' 
2022-06-02 21:07:45.775 DEBUG [acme.framework.configuration.ExtendedMessageSource@http-nio-8080-exec-2] Loading properties [C:\Users\Jesús\Downloads\Workspace-22.0\Projects\jesrivgal-D06\target\classes\WEB-INF\views\fragments\messsages-en.i18n] with encoding 'utf-8' 
2022-06-02 21:07:45.776 DEBUG [acme.framework.configuration.ExtendedMessageSource@http-nio-8080-exec-2] Loading properties [C:\Users\Jesús\Downloads\Workspace-22.0\Projects\jesrivgal-D06\target\classes\WEB-INF\views\fragments\title-en.i18n] with encoding 'utf-8' 
2022-06-02 21:07:45.776 DEBUG [acme.framework.configuration.ExtendedMessageSource@http-nio-8080-exec-2] Loading properties [C:\Users\Jesús\Downloads\Workspace-22.0\Projects\jesrivgal-D06\target\classes\WEB-INF\views\fragments\welcome-en.i18n] with encoding 'utf-8' 
2022-06-02 21:07:45.776 DEBUG [acme.framework.configuration.ExtendedMessageSource@http-nio-8080-exec-2] Loading properties [C:\Users\Jesús\Downloads\Workspace-22.0\Projects\jesrivgal-D06\target\classes\WEB-INF\views\inventor\chimpum\messages-en.i18n] with encoding 'utf-8' 
2022-06-02 21:07:45.777 DEBUG [acme.framework.configuration.ExtendedMessageSource@http-nio-8080-exec-2] Loading properties [C:\Users\Jesús\Downloads\Workspace-22.0\Projects\jesrivgal-D06\target\classes\WEB-INF\views\inventor\item\messages-en.i18n] with encoding 'utf-8' 
2022-06-02 21:07:45.777 DEBUG [acme.framework.configuration.ExtendedMessageSource@http-nio-8080-exec-2] Loading properties [C:\Users\Jesús\Downloads\Workspace-22.0\Projects\jesrivgal-D06\target\classes\WEB-INF\views\inventor\patronage\messages-en.i18n] with encoding 'utf-8' 
2022-06-02 21:07:45.777 DEBUG [acme.framework.configuration.ExtendedMessageSource@http-nio-8080-exec-2] Loading properties [C:\Users\Jesús\Downloads\Workspace-22.0\Projects\jesrivgal-D06\target\classes\WEB-INF\views\inventor\patronage-report\messages-en.i18n] with encoding 'utf-8' 
2022-06-02 21:07:45.778 DEBUG [acme.framework.configuration.ExtendedMessageSource@http-nio-8080-exec-2] Loading properties [C:\Users\Jesús\Downloads\Workspace-22.0\Projects\jesrivgal-D06\target\classes\WEB-INF\views\inventor\quantity\messages-en.i18n] with encoding 'utf-8' 
2022-06-02 21:07:45.778 DEBUG [acme.framework.configuration.ExtendedMessageSource@http-nio-8080-exec-2] Loading properties [C:\Users\Jesús\Downloads\Workspace-22.0\Projects\jesrivgal-D06\target\classes\WEB-INF\views\inventor\toolkit\messages-en.i18n] with encoding 'utf-8' 
2022-06-02 21:07:45.778 DEBUG [acme.framework.configuration.ExtendedMessageSource@http-nio-8080-exec-2] Loading properties [C:\Users\Jesús\Downloads\Workspace-22.0\Projects\jesrivgal-D06\target\classes\WEB-INF\views\master\defaults-en.i18n] with encoding 'utf-8' 
2022-06-02 21:07:45.778 DEBUG [acme.framework.configuration.ExtendedMessageSource@http-nio-8080-exec-2] Loading properties [C:\Users\Jesús\Downloads\Workspace-22.0\Projects\jesrivgal-D06\target\classes\WEB-INF\views\master\master-en.i18n] with encoding 'utf-8' 
2022-06-02 21:07:45.779 DEBUG [acme.framework.configuration.ExtendedMessageSource@http-nio-8080-exec-2] Loading properties [C:\Users\Jesús\Downloads\Workspace-22.0\Projects\jesrivgal-D06\target\classes\WEB-INF\views\master\throwables-en.i18n] with encoding 'utf-8' 
2022-06-02 21:07:45.779 DEBUG [acme.framework.configuration.ExtendedMessageSource@http-nio-8080-exec-2] Loading properties [C:\Users\Jesús\Downloads\Workspace-22.0\Projects\jesrivgal-D06\target\classes\WEB-INF\views\master\validation-en.i18n] with encoding 'utf-8' 
2022-06-02 21:07:45.779 DEBUG [acme.framework.configuration.ExtendedMessageSource@http-nio-8080-exec-2] Loading properties [C:\Users\Jesús\Downloads\Workspace-22.0\Projects\jesrivgal-D06\target\classes\WEB-INF\views\patron\patron-dashboard\messages-en.i18n] with encoding 'utf-8' 
2022-06-02 21:07:45.780 DEBUG [acme.framework.configuration.ExtendedMessageSource@http-nio-8080-exec-2] Loading properties [C:\Users\Jesús\Downloads\Workspace-22.0\Projects\jesrivgal-D06\target\classes\WEB-INF\views\patron\patronage\messages-en.i18n] with encoding 'utf-8' 
2022-06-02 21:07:45.780 DEBUG [acme.framework.configuration.ExtendedMessageSource@http-nio-8080-exec-2] Loading properties [C:\Users\Jesús\Downloads\Workspace-22.0\Projects\jesrivgal-D06\target\classes\WEB-INF\views\patron\patronage-report\messages-en.i18n] with encoding 'utf-8' 
2022-06-02 21:07:45.890 DEBUG [org.apache.jasper.servlet.JspServlet@http-nio-8080-exec-2] JspEngine --> /WEB-INF/views/fragments/welcome.jsp 
2022-06-02 21:07:45.890 DEBUG [org.apache.jasper.servlet.JspServlet@http-nio-8080-exec-2] ServletPath: /WEB-INF/views/master/page.jsp 
2022-06-02 21:07:45.890 DEBUG [org.apache.jasper.servlet.JspServlet@http-nio-8080-exec-2] PathInfo: null 
2022-06-02 21:07:45.891 DEBUG [org.apache.jasper.servlet.JspServlet@http-nio-8080-exec-2] RealPath: C:\Users\Jesús\Downloads\Workspace-22.0\Projects\jesrivgal-D06\target\classes\WEB-INF\views\fragments\welcome.jsp 
2022-06-02 21:07:45.892 DEBUG [org.apache.jasper.servlet.JspServlet@http-nio-8080-exec-2] RequestURI: /acme-toolkits-22.1/WEB-INF/views/master/page.jsp 
2022-06-02 21:07:45.892 DEBUG [org.apache.jasper.servlet.JspServlet@http-nio-8080-exec-2] QueryString: null 
2022-06-02 21:07:46.051 DEBUG [org.hibernate.SQL@http-nio-8080-exec-2] select useraccoun0_.id as id1_0_, useraccoun0_.version as version2_0_, useraccoun0_.enabled as enabled1_20_, useraccoun0_.identity as identity2_20_, useraccoun0_.password as password3_20_, useraccoun0_.username as username4_20_ from user_account useraccoun0_ where useraccoun0_.username=? 
2022-06-02 21:07:46.060 TRACE [org.hibernate.type.descriptor.sql.BasicBinder@http-nio-8080-exec-2] binding parameter [1] as [VARCHAR] - [anonymous] 
2022-06-02 21:07:46.085 DEBUG [org.hibernate.SQL@http-nio-8080-exec-2] select roles0_.user_account_id as user_acc1_21_0_, roles0_.id as id1_21_0_, roles0_.id as id1_0_1_, roles0_.version as version2_0_1_, roles0_.user_account_id as user_acc1_21_1_, roles0_.company as company1_8_1_, roles0_.sector as sector2_8_1_, roles0_.company as company1_10_1_, roles0_.info as info2_10_1_, roles0_.statement as statemen3_10_1_, roles0_.company as company1_13_1_, roles0_.info as info2_13_1_, roles0_.statement as statemen3_13_1_, roles0_.company as company1_16_1_, roles0_.sector as sector2_16_1_, roles0_.clazz_ as clazz_1_ from ( select id, version, user_account_id, company, sector, null as info, null as statement, 13 as clazz_ from consumer union all select id, version, user_account_id, company, null as sector, info, statement, 14 as clazz_ from inventor union all select id, version, user_account_id, company, null as sector, info, statement, 15 as clazz_ from patron union all select id, version, user_account_id, company, sector, null as info, null as statement, 16 as clazz_ from provider union all select id, version, user_account_id, null as company, null as sector, null as info, null as statement, 18 as clazz_ from administrator union all select id, version, user_account_id, null as company, null as sector, null as info, null as statement, 19 as clazz_ from anonymous union all select id, version, user_account_id, null as company, null as sector, null as info, null as statement, 20 as clazz_ from any union all select id, version, user_account_id, null as company, null as sector, null as info, null as statement, 21 as clazz_ from authenticated ) roles0_ where roles0_.user_account_id=? 
2022-06-02 21:07:46.085 TRACE [org.hibernate.type.descriptor.sql.BasicBinder@http-nio-8080-exec-2] binding parameter [1] as [INTEGER] - [1] 
2022-06-02 21:07:47.165 DEBUG [acme.framework.components.tiles.DynamicTilesView@http-nio-8080-exec-9] View name 'master/sign-in', model {username=, password=, remember=false} 
2022-06-02 21:07:47.166 DEBUG [org.apache.jasper.servlet.JspServlet@http-nio-8080-exec-9] JspEngine --> /WEB-INF/views/master/page.jsp 
2022-06-02 21:07:47.166 DEBUG [org.apache.jasper.servlet.JspServlet@http-nio-8080-exec-9] ServletPath: /WEB-INF/views/master/page.jsp 
2022-06-02 21:07:47.166 DEBUG [org.apache.jasper.servlet.JspServlet@http-nio-8080-exec-9] PathInfo: null 
2022-06-02 21:07:47.167 DEBUG [org.apache.jasper.servlet.JspServlet@http-nio-8080-exec-9] RealPath: C:\Users\Jesús\Downloads\Workspace-22.0\Projects\jesrivgal-D06\target\classes\WEB-INF\views\master\page.jsp 
2022-06-02 21:07:47.167 DEBUG [org.apache.jasper.servlet.JspServlet@http-nio-8080-exec-9] RequestURI: /acme-toolkits-22.1/WEB-INF/views/master/page.jsp 
2022-06-02 21:07:47.167 DEBUG [org.apache.jasper.servlet.JspServlet@http-nio-8080-exec-9] QueryString: null 
2022-06-02 21:07:47.233 DEBUG [org.apache.jasper.servlet.JspServlet@http-nio-8080-exec-9] JspEngine --> /WEB-INF/views/master/sign-in.jsp 
2022-06-02 21:07:47.233 DEBUG [org.apache.jasper.servlet.JspServlet@http-nio-8080-exec-9] ServletPath: /WEB-INF/views/master/page.jsp 
2022-06-02 21:07:47.233 DEBUG [org.apache.jasper.servlet.JspServlet@http-nio-8080-exec-9] PathInfo: null 
2022-06-02 21:07:47.233 DEBUG [org.apache.jasper.servlet.JspServlet@http-nio-8080-exec-9] RealPath: C:\Users\Jesús\Downloads\Workspace-22.0\Projects\jesrivgal-D06\target\classes\WEB-INF\views\master\sign-in.jsp 
2022-06-02 21:07:47.234 DEBUG [org.apache.jasper.servlet.JspServlet@http-nio-8080-exec-9] RequestURI: /acme-toolkits-22.1/WEB-INF/views/master/page.jsp 
2022-06-02 21:07:47.234 DEBUG [org.apache.jasper.servlet.JspServlet@http-nio-8080-exec-9] QueryString: null 
2022-06-02 21:07:48.051 DEBUG [org.hibernate.SQL@http-nio-8080-exec-9] select useraccoun0_.id as id1_0_, useraccoun0_.version as version2_0_, useraccoun0_.enabled as enabled1_20_, useraccoun0_.identity as identity2_20_, useraccoun0_.password as password3_20_, useraccoun0_.username as username4_20_ from user_account useraccoun0_ where useraccoun0_.username=? 
2022-06-02 21:07:48.052 TRACE [org.hibernate.type.descriptor.sql.BasicBinder@http-nio-8080-exec-9] binding parameter [1] as [VARCHAR] - [anonymous] 
2022-06-02 21:07:48.053 DEBUG [org.hibernate.SQL@http-nio-8080-exec-9] select roles0_.user_account_id as user_acc1_21_0_, roles0_.id as id1_21_0_, roles0_.id as id1_0_1_, roles0_.version as version2_0_1_, roles0_.user_account_id as user_acc1_21_1_, roles0_.company as company1_8_1_, roles0_.sector as sector2_8_1_, roles0_.company as company1_10_1_, roles0_.info as info2_10_1_, roles0_.statement as statemen3_10_1_, roles0_.company as company1_13_1_, roles0_.info as info2_13_1_, roles0_.statement as statemen3_13_1_, roles0_.company as company1_16_1_, roles0_.sector as sector2_16_1_, roles0_.clazz_ as clazz_1_ from ( select id, version, user_account_id, company, sector, null as info, null as statement, 13 as clazz_ from consumer union all select id, version, user_account_id, company, null as sector, info, statement, 14 as clazz_ from inventor union all select id, version, user_account_id, company, null as sector, info, statement, 15 as clazz_ from patron union all select id, version, user_account_id, company, sector, null as info, null as statement, 16 as clazz_ from provider union all select id, version, user_account_id, null as company, null as sector, null as info, null as statement, 18 as clazz_ from administrator union all select id, version, user_account_id, null as company, null as sector, null as info, null as statement, 19 as clazz_ from anonymous union all select id, version, user_account_id, null as company, null as sector, null as info, null as statement, 20 as clazz_ from any union all select id, version, user_account_id, null as company, null as sector, null as info, null as statement, 21 as clazz_ from authenticated ) roles0_ where roles0_.user_account_id=? 
2022-06-02 21:07:48.054 TRACE [org.hibernate.type.descriptor.sql.BasicBinder@http-nio-8080-exec-9] binding parameter [1] as [INTEGER] - [1] 
2022-06-02 21:07:53.376 DEBUG [org.hibernate.SQL@http-nio-8080-exec-1] select useraccoun0_.id as id1_0_, useraccoun0_.version as version2_0_, useraccoun0_.enabled as enabled1_20_, useraccoun0_.identity as identity2_20_, useraccoun0_.password as password3_20_, useraccoun0_.username as username4_20_ from user_account useraccoun0_ where useraccoun0_.username=? 
2022-06-02 21:07:53.377 TRACE [org.hibernate.type.descriptor.sql.BasicBinder@http-nio-8080-exec-1] binding parameter [1] as [VARCHAR] - [inventor1] 
2022-06-02 21:07:53.378 DEBUG [org.hibernate.SQL@http-nio-8080-exec-1] select roles0_.user_account_id as user_acc1_21_0_, roles0_.id as id1_21_0_, roles0_.id as id1_0_1_, roles0_.version as version2_0_1_, roles0_.user_account_id as user_acc1_21_1_, roles0_.company as company1_8_1_, roles0_.sector as sector2_8_1_, roles0_.company as company1_10_1_, roles0_.info as info2_10_1_, roles0_.statement as statemen3_10_1_, roles0_.company as company1_13_1_, roles0_.info as info2_13_1_, roles0_.statement as statemen3_13_1_, roles0_.company as company1_16_1_, roles0_.sector as sector2_16_1_, roles0_.clazz_ as clazz_1_ from ( select id, version, user_account_id, company, sector, null as info, null as statement, 13 as clazz_ from consumer union all select id, version, user_account_id, company, null as sector, info, statement, 14 as clazz_ from inventor union all select id, version, user_account_id, company, null as sector, info, statement, 15 as clazz_ from patron union all select id, version, user_account_id, company, sector, null as info, null as statement, 16 as clazz_ from provider union all select id, version, user_account_id, null as company, null as sector, null as info, null as statement, 18 as clazz_ from administrator union all select id, version, user_account_id, null as company, null as sector, null as info, null as statement, 19 as clazz_ from anonymous union all select id, version, user_account_id, null as company, null as sector, null as info, null as statement, 20 as clazz_ from any union all select id, version, user_account_id, null as company, null as sector, null as info, null as statement, 21 as clazz_ from authenticated ) roles0_ where roles0_.user_account_id=? 
2022-06-02 21:07:53.378 TRACE [org.hibernate.type.descriptor.sql.BasicBinder@http-nio-8080-exec-1] binding parameter [1] as [INTEGER] - [7] 
2022-06-02 21:07:53.392 DEBUG [acme.framework.components.tiles.DynamicTilesView@http-nio-8080-exec-5] View name 'fragments/welcome', model {} 
2022-06-02 21:07:53.393 DEBUG [org.apache.jasper.servlet.JspServlet@http-nio-8080-exec-5] JspEngine --> /WEB-INF/views/master/page.jsp 
2022-06-02 21:07:53.393 DEBUG [org.apache.jasper.servlet.JspServlet@http-nio-8080-exec-5] ServletPath: /WEB-INF/views/master/page.jsp 
2022-06-02 21:07:53.394 DEBUG [org.apache.jasper.servlet.JspServlet@http-nio-8080-exec-5] PathInfo: null 
2022-06-02 21:07:53.395 DEBUG [org.apache.jasper.servlet.JspServlet@http-nio-8080-exec-5] RealPath: C:\Users\Jesús\Downloads\Workspace-22.0\Projects\jesrivgal-D06\target\classes\WEB-INF\views\master\page.jsp 
2022-06-02 21:07:53.395 DEBUG [org.apache.jasper.servlet.JspServlet@http-nio-8080-exec-5] RequestURI: /acme-toolkits-22.1/WEB-INF/views/master/page.jsp 
2022-06-02 21:07:53.395 DEBUG [org.apache.jasper.servlet.JspServlet@http-nio-8080-exec-5] QueryString: null 
2022-06-02 21:07:53.475 DEBUG [org.apache.jasper.servlet.JspServlet@http-nio-8080-exec-5] JspEngine --> /WEB-INF/views/fragments/welcome.jsp 
2022-06-02 21:07:53.476 DEBUG [org.apache.jasper.servlet.JspServlet@http-nio-8080-exec-5] ServletPath: /WEB-INF/views/master/page.jsp 
2022-06-02 21:07:53.476 DEBUG [org.apache.jasper.servlet.JspServlet@http-nio-8080-exec-5] PathInfo: null 
2022-06-02 21:07:53.477 DEBUG [org.apache.jasper.servlet.JspServlet@http-nio-8080-exec-5] RealPath: C:\Users\Jesús\Downloads\Workspace-22.0\Projects\jesrivgal-D06\target\classes\WEB-INF\views\fragments\welcome.jsp 
2022-06-02 21:07:53.477 DEBUG [org.apache.jasper.servlet.JspServlet@http-nio-8080-exec-5] RequestURI: /acme-toolkits-22.1/WEB-INF/views/master/page.jsp 
2022-06-02 21:07:53.477 DEBUG [org.apache.jasper.servlet.JspServlet@http-nio-8080-exec-5] QueryString: null 
2022-06-02 21:07:54.649 DEBUG [acme.framework.controllers.AbstractController@http-nio-8080-exec-3] DISPATCHING GET /acme-toolkits-22.1/inventor/chimpum/list 
2022-06-02 21:07:54.649 DEBUG [acme.framework.controllers.AbstractController@http-nio-8080-exec-3] Command: list 
2022-06-02 21:07:54.649 DEBUG [acme.framework.controllers.AbstractController@http-nio-8080-exec-3] Model:   {} 
2022-06-02 21:07:54.649 DEBUG [acme.framework.controllers.AbstractController@http-nio-8080-exec-3] Locale:  en 
2022-06-02 21:07:54.649 DEBUG [acme.framework.controllers.AbstractController@http-nio-8080-exec-3] Starting transaction 184e1306-6556-4e6c-ba26-c6e37841d8f0 
2022-06-02 21:07:54.654 DEBUG [org.hibernate.SQL@http-nio-8080-exec-3] select chimpum1_.id as id1_0_, chimpum1_.version as version2_0_, chimpum1_.budget_amount as budget_a1_6_, chimpum1_.budget_currency as budget_c2_6_, chimpum1_.code as code3_6_, chimpum1_.creation_moment as creation4_6_, chimpum1_.description as descript5_6_, chimpum1_.end_date as end_date6_6_, chimpum1_.more_info as more_inf7_6_, chimpum1_.start_date as start_da8_6_, chimpum1_.title as title9_6_ from item item0_ inner join chimpum chimpum1_ on item0_.chimpum_id=chimpum1_.id where item0_.inventor_id=? 
2022-06-02 21:07:54.655 TRACE [org.hibernate.type.descriptor.sql.BasicBinder@http-nio-8080-exec-3] binding parameter [1] as [INTEGER] - [10] 
2022-06-02 21:07:54.662 DEBUG [org.hibernate.SQL@http-nio-8080-exec-3] select systemconf0_.id as id1_0_, systemconf0_.version as version2_0_, systemconf0_.accepted_currencies as accepted1_18_, systemconf0_.strong_spam_terms_en as strong_s2_18_, systemconf0_.strong_spam_terms_es as strong_s3_18_, systemconf0_.strong_threshold as strong_t4_18_, systemconf0_.system_currency as system_c5_18_, systemconf0_.weak_spam_terms_en as weak_spa6_18_, systemconf0_.weak_spam_terms_es as weak_spa7_18_, systemconf0_.weak_threshold as weak_thr8_18_ from system_configuration systemconf0_ 
2022-06-02 21:07:54.670 DEBUG [org.hibernate.SQL@http-nio-8080-exec-3] select systemconf0_.id as id1_0_, systemconf0_.version as version2_0_, systemconf0_.accepted_currencies as accepted1_18_, systemconf0_.strong_spam_terms_en as strong_s2_18_, systemconf0_.strong_spam_terms_es as strong_s3_18_, systemconf0_.strong_threshold as strong_t4_18_, systemconf0_.system_currency as system_c5_18_, systemconf0_.weak_spam_terms_en as weak_spa6_18_, systemconf0_.weak_spam_terms_es as weak_spa7_18_, systemconf0_.weak_threshold as weak_thr8_18_ from system_configuration systemconf0_ 
2022-06-02 21:07:54.671 DEBUG [org.hibernate.SQL@http-nio-8080-exec-3] select systemconf0_.id as id1_0_, systemconf0_.version as version2_0_, systemconf0_.accepted_currencies as accepted1_18_, systemconf0_.strong_spam_terms_en as strong_s2_18_, systemconf0_.strong_spam_terms_es as strong_s3_18_, systemconf0_.strong_threshold as strong_t4_18_, systemconf0_.system_currency as system_c5_18_, systemconf0_.weak_spam_terms_en as weak_spa6_18_, systemconf0_.weak_spam_terms_es as weak_spa7_18_, systemconf0_.weak_threshold as weak_thr8_18_ from system_configuration systemconf0_ 
2022-06-02 21:07:55.128 DEBUG [org.hibernate.SQL@http-nio-8080-exec-3] select systemconf0_.id as id1_0_, systemconf0_.version as version2_0_, systemconf0_.accepted_currencies as accepted1_18_, systemconf0_.strong_spam_terms_en as strong_s2_18_, systemconf0_.strong_spam_terms_es as strong_s3_18_, systemconf0_.strong_threshold as strong_t4_18_, systemconf0_.system_currency as system_c5_18_, systemconf0_.weak_spam_terms_en as weak_spa6_18_, systemconf0_.weak_spam_terms_es as weak_spa7_18_, systemconf0_.weak_threshold as weak_thr8_18_ from system_configuration systemconf0_ 
2022-06-02 21:07:55.178 DEBUG [acme.framework.controllers.AbstractController@http-nio-8080-exec-3] Committing transaction 184e1306-6556-4e6c-ba26-c6e37841d8f0 
2022-06-02 21:07:55.181 DEBUG [acme.framework.controllers.AbstractController@http-nio-8080-exec-3] Starting transaction 2c653817-bf5a-411e-aee5-741b9d2c4a4d 
2022-06-02 21:07:55.181 DEBUG [acme.framework.controllers.AbstractController@http-nio-8080-exec-3] Committing transaction 2c653817-bf5a-411e-aee5-741b9d2c4a4d 
2022-06-02 21:07:55.181 DEBUG [acme.framework.controllers.AbstractController@http-nio-8080-exec-3] SERVING GET /acme-toolkits-22.1/inventor/chimpum/list 
2022-06-02 21:07:55.182 DEBUG [acme.framework.controllers.AbstractController@http-nio-8080-exec-3] Result: ModelAndView [view="inventor/chimpum/list"; model={title[3]=Esto es una prueba4, version[3]=0, title[1]=Esto es una prueba2, version[1]=0, endDate[1]=2022-06-09 11:00:00.0, endDate[3]=2022-06-29 23:00:00.0, list$size=4, budget[1]=<<EUR 200.00>>, budget[3]=<<USD 50.00>>, startDate[2]=2022-06-10 22:00:00.0, code[0]=AAA-22-05-28, newBudget[2]=<<EUR 9.38>>, id[1]=12, code[2]=CCC-22-05-30, newBudget[0]=<<EUR 100.00>>, startDate[0]=2022-06-01 10:00:00.0, id[3]=14, version[2]=0, title[2]=Esto es una prueba3, endDate[0]=2022-06-08 10:00:00.0, endDate[2]=2022-06-20 22:00:00.0, budget[0]=<<EUR 100.00>>, budget[2]=<<USD 10.00>>, startDate[1]=2022-06-02 11:00:00.0, startDate[3]=2022-06-15 23:00:00.0, version[0]=0, newBudget[3]=<<EUR 46.90>>, title[0]=Esto es una prueba1, code[1]=BBB-22-05-29, newBudget[1]=<<EUR 200.00>>, id[0]=11, code[3]=DDD-22-05-30, id[2]=13, command=list, principal=acme.framework.entities.Principal@45501e6f}] 
2022-06-02 21:07:55.185 DEBUG [acme.framework.components.tiles.DynamicTilesView@http-nio-8080-exec-3] View name 'inventor/chimpum/list', model {title[3]=Esto es una prueba4, version[3]=0, title[1]=Esto es una prueba2, version[1]=0, endDate[1]=2022-06-09 11:00:00.0, endDate[3]=2022-06-29 23:00:00.0, list$size=4, budget[1]=<<EUR 200.00>>, budget[3]=<<USD 50.00>>, startDate[2]=2022-06-10 22:00:00.0, code[0]=AAA-22-05-28, newBudget[2]=<<EUR 9.38>>, id[1]=12, code[2]=CCC-22-05-30, newBudget[0]=<<EUR 100.00>>, startDate[0]=2022-06-01 10:00:00.0, id[3]=14, version[2]=0, title[2]=Esto es una prueba3, endDate[0]=2022-06-08 10:00:00.0, endDate[2]=2022-06-20 22:00:00.0, budget[0]=<<EUR 100.00>>, budget[2]=<<USD 10.00>>, startDate[1]=2022-06-02 11:00:00.0, startDate[3]=2022-06-15 23:00:00.0, version[0]=0, newBudget[3]=<<EUR 46.90>>, title[0]=Esto es una prueba1, code[1]=BBB-22-05-29, newBudget[1]=<<EUR 200.00>>, id[0]=11, code[3]=DDD-22-05-30, id[2]=13, command=list, principal=acme.framework.entities.Principal@45501e6f, org.springframework.validation.BindingResult.budget[1]=org.springframework.validation.BeanPropertyBindingResult: 0 errors, org.springframework.validation.BindingResult.budget[3]=org.springframework.validation.BeanPropertyBindingResult: 0 errors, org.springframework.validation.BindingResult.newBudget[2]=org.springframework.validation.BeanPropertyBindingResult: 0 errors, org.springframework.validation.BindingResult.newBudget[0]=org.springframework.validation.BeanPropertyBindingResult: 0 errors, org.springframework.validation.BindingResult.budget[0]=org.springframework.validation.BeanPropertyBindingResult: 0 errors, org.springframework.validation.BindingResult.budget[2]=org.springframework.validation.BeanPropertyBindingResult: 0 errors, org.springframework.validation.BindingResult.newBudget[3]=org.springframework.validation.BeanPropertyBindingResult: 0 errors, org.springframework.validation.BindingResult.newBudget[1]=org.springframework.validation.BeanPropertyBindingResult: 0 errors, org.springframework.validation.BindingResult.principal=org.springframework.validation.BeanPropertyBindingResult: 0 errors} 
2022-06-02 21:07:55.186 DEBUG [org.apache.jasper.servlet.JspServlet@http-nio-8080-exec-3] JspEngine --> /WEB-INF/views/master/page.jsp 
2022-06-02 21:07:55.186 DEBUG [org.apache.jasper.servlet.JspServlet@http-nio-8080-exec-3] ServletPath: /WEB-INF/views/master/page.jsp 
2022-06-02 21:07:55.186 DEBUG [org.apache.jasper.servlet.JspServlet@http-nio-8080-exec-3] PathInfo: null 
2022-06-02 21:07:55.186 DEBUG [org.apache.jasper.servlet.JspServlet@http-nio-8080-exec-3] RealPath: C:\Users\Jesús\Downloads\Workspace-22.0\Projects\jesrivgal-D06\target\classes\WEB-INF\views\master\page.jsp 
2022-06-02 21:07:55.187 DEBUG [org.apache.jasper.servlet.JspServlet@http-nio-8080-exec-3] RequestURI: /acme-toolkits-22.1/WEB-INF/views/master/page.jsp 
2022-06-02 21:07:55.187 DEBUG [org.apache.jasper.servlet.JspServlet@http-nio-8080-exec-3] QueryString: null 
2022-06-02 21:07:55.262 DEBUG [org.apache.jasper.servlet.JspServlet@http-nio-8080-exec-3] JspEngine --> /WEB-INF/views/inventor/chimpum/list.jsp 
2022-06-02 21:07:55.263 DEBUG [org.apache.jasper.servlet.JspServlet@http-nio-8080-exec-3] ServletPath: /WEB-INF/views/master/page.jsp 
2022-06-02 21:07:55.263 DEBUG [org.apache.jasper.servlet.JspServlet@http-nio-8080-exec-3] PathInfo: null 
2022-06-02 21:07:55.264 DEBUG [org.apache.jasper.servlet.JspServlet@http-nio-8080-exec-3] RealPath: C:\Users\Jesús\Downloads\Workspace-22.0\Projects\jesrivgal-D06\target\classes\WEB-INF\views\inventor\chimpum\list.jsp 
2022-06-02 21:07:55.264 DEBUG [org.apache.jasper.servlet.JspServlet@http-nio-8080-exec-3] RequestURI: /acme-toolkits-22.1/WEB-INF/views/master/page.jsp 
2022-06-02 21:07:55.264 DEBUG [org.apache.jasper.servlet.JspServlet@http-nio-8080-exec-3] QueryString: null 
2022-06-02 21:08:08.145 DEBUG [acme.framework.controllers.AbstractController@http-nio-8080-exec-5] DISPATCHING GET /acme-toolkits-22.1/inventor/chimpum/show 
2022-06-02 21:08:08.145 DEBUG [acme.framework.controllers.AbstractController@http-nio-8080-exec-5] Command: show 
2022-06-02 21:08:08.145 DEBUG [acme.framework.controllers.AbstractController@http-nio-8080-exec-5] Model:   {id=11} 
2022-06-02 21:08:08.145 DEBUG [acme.framework.controllers.AbstractController@http-nio-8080-exec-5] Locale:  en 
2022-06-02 21:08:08.145 DEBUG [acme.framework.controllers.AbstractController@http-nio-8080-exec-5] Starting transaction 47a61320-632f-42db-80e0-31284801d707 
2022-06-02 21:08:08.147 DEBUG [org.hibernate.SQL@http-nio-8080-exec-5] select item0_.id as id1_0_, item0_.version as version2_0_, item0_.chimpum_id as chimpum10_11_, item0_.code as code1_11_, item0_.description as descript2_11_, item0_.info as info3_11_, item0_.inventor_id as invento11_11_, item0_.item_type as item_typ4_11_, item0_.name as name5_11_, item0_.published as publishe6_11_, item0_.retail_price_amount as retail_p7_11_, item0_.retail_price_currency as retail_p8_11_, item0_.technology as technolo9_11_ from item item0_ where item0_.chimpum_id=? 
2022-06-02 21:08:08.147 TRACE [org.hibernate.type.descriptor.sql.BasicBinder@http-nio-8080-exec-5] binding parameter [1] as [INTEGER] - [11] 
2022-06-02 21:08:08.148 DEBUG [org.hibernate.SQL@http-nio-8080-exec-5] select chimpum0_.id as id1_0_0_, chimpum0_.version as version2_0_0_, chimpum0_.budget_amount as budget_a1_6_0_, chimpum0_.budget_currency as budget_c2_6_0_, chimpum0_.code as code3_6_0_, chimpum0_.creation_moment as creation4_6_0_, chimpum0_.description as descript5_6_0_, chimpum0_.end_date as end_date6_6_0_, chimpum0_.more_info as more_inf7_6_0_, chimpum0_.start_date as start_da8_6_0_, chimpum0_.title as title9_6_0_ from chimpum chimpum0_ where chimpum0_.id=? 
2022-06-02 21:08:08.148 TRACE [org.hibernate.type.descriptor.sql.BasicBinder@http-nio-8080-exec-5] binding parameter [1] as [INTEGER] - [11] 
2022-06-02 21:08:08.150 DEBUG [org.hibernate.SQL@http-nio-8080-exec-5] select inventor0_.id as id1_0_0_, inventor0_.version as version2_0_0_, inventor0_.user_account_id as user_acc1_21_0_, inventor0_.company as company1_10_0_, inventor0_.info as info2_10_0_, inventor0_.statement as statemen3_10_0_, useraccoun1_.id as id1_0_1_, useraccoun1_.version as version2_0_1_, useraccoun1_.enabled as enabled1_20_1_, useraccoun1_.identity as identity2_20_1_, useraccoun1_.password as password3_20_1_, useraccoun1_.username as username4_20_1_ from inventor inventor0_ inner join user_account useraccoun1_ on inventor0_.user_account_id=useraccoun1_.id where inventor0_.id=? 
2022-06-02 21:08:08.150 TRACE [org.hibernate.type.descriptor.sql.BasicBinder@http-nio-8080-exec-5] binding parameter [1] as [INTEGER] - [10] 
2022-06-02 21:08:08.154 DEBUG [org.hibernate.SQL@http-nio-8080-exec-5] select chimpum0_.id as id1_0_, chimpum0_.version as version2_0_, chimpum0_.budget_amount as budget_a1_6_, chimpum0_.budget_currency as budget_c2_6_, chimpum0_.code as code3_6_, chimpum0_.creation_moment as creation4_6_, chimpum0_.description as descript5_6_, chimpum0_.end_date as end_date6_6_, chimpum0_.more_info as more_inf7_6_, chimpum0_.start_date as start_da8_6_, chimpum0_.title as title9_6_ from chimpum chimpum0_ where chimpum0_.id=? 
2022-06-02 21:08:08.155 TRACE [org.hibernate.type.descriptor.sql.BasicBinder@http-nio-8080-exec-5] binding parameter [1] as [INTEGER] - [11] 
2022-06-02 21:08:08.156 DEBUG [org.hibernate.SQL@http-nio-8080-exec-5] select item0_.id as id1_0_, item0_.version as version2_0_, item0_.chimpum_id as chimpum10_11_, item0_.code as code1_11_, item0_.description as descript2_11_, item0_.info as info3_11_, item0_.inventor_id as invento11_11_, item0_.item_type as item_typ4_11_, item0_.name as name5_11_, item0_.published as publishe6_11_, item0_.retail_price_amount as retail_p7_11_, item0_.retail_price_currency as retail_p8_11_, item0_.technology as technolo9_11_ from item item0_ where item0_.chimpum_id=? 
2022-06-02 21:08:08.156 TRACE [org.hibernate.type.descriptor.sql.BasicBinder@http-nio-8080-exec-5] binding parameter [1] as [INTEGER] - [11] 
2022-06-02 21:08:08.157 DEBUG [org.hibernate.SQL@http-nio-8080-exec-5] select chimpum0_.id as id1_0_0_, chimpum0_.version as version2_0_0_, chimpum0_.budget_amount as budget_a1_6_0_, chimpum0_.budget_currency as budget_c2_6_0_, chimpum0_.code as code3_6_0_, chimpum0_.creation_moment as creation4_6_0_, chimpum0_.description as descript5_6_0_, chimpum0_.end_date as end_date6_6_0_, chimpum0_.more_info as more_inf7_6_0_, chimpum0_.start_date as start_da8_6_0_, chimpum0_.title as title9_6_0_ from chimpum chimpum0_ where chimpum0_.id=? 
2022-06-02 21:08:08.157 TRACE [org.hibernate.type.descriptor.sql.BasicBinder@http-nio-8080-exec-5] binding parameter [1] as [INTEGER] - [11] 
2022-06-02 21:08:08.158 DEBUG [org.hibernate.SQL@http-nio-8080-exec-5] select inventor0_.id as id1_0_0_, inventor0_.version as version2_0_0_, inventor0_.user_account_id as user_acc1_21_0_, inventor0_.company as company1_10_0_, inventor0_.info as info2_10_0_, inventor0_.statement as statemen3_10_0_, useraccoun1_.id as id1_0_1_, useraccoun1_.version as version2_0_1_, useraccoun1_.enabled as enabled1_20_1_, useraccoun1_.identity as identity2_20_1_, useraccoun1_.password as password3_20_1_, useraccoun1_.username as username4_20_1_ from inventor inventor0_ inner join user_account useraccoun1_ on inventor0_.user_account_id=useraccoun1_.id where inventor0_.id=? 
2022-06-02 21:08:08.158 TRACE [org.hibernate.type.descriptor.sql.BasicBinder@http-nio-8080-exec-5] binding parameter [1] as [INTEGER] - [10] 
2022-06-02 21:08:08.160 DEBUG [org.hibernate.SQL@http-nio-8080-exec-5] select systemconf0_.id as id1_0_, systemconf0_.version as version2_0_, systemconf0_.accepted_currencies as accepted1_18_, systemconf0_.strong_spam_terms_en as strong_s2_18_, systemconf0_.strong_spam_terms_es as strong_s3_18_, systemconf0_.strong_threshold as strong_t4_18_, systemconf0_.system_currency as system_c5_18_, systemconf0_.weak_spam_terms_en as weak_spa6_18_, systemconf0_.weak_spam_terms_es as weak_spa7_18_, systemconf0_.weak_threshold as weak_thr8_18_ from system_configuration systemconf0_ 
2022-06-02 21:08:08.161 DEBUG [acme.framework.controllers.AbstractController@http-nio-8080-exec-5] Committing transaction 47a61320-632f-42db-80e0-31284801d707 
2022-06-02 21:08:08.161 DEBUG [acme.framework.controllers.AbstractController@http-nio-8080-exec-5] Starting transaction f1f0e364-d656-4489-8eb6-184cc3114c1d 
2022-06-02 21:08:08.161 DEBUG [acme.framework.controllers.AbstractController@http-nio-8080-exec-5] Committing transaction f1f0e364-d656-4489-8eb6-184cc3114c1d 
2022-06-02 21:08:08.162 DEBUG [acme.framework.controllers.AbstractController@http-nio-8080-exec-5] SERVING GET /acme-toolkits-22.1/inventor/chimpum/show 
2022-06-02 21:08:08.162 DEBUG [acme.framework.controllers.AbstractController@http-nio-8080-exec-5] Result: ModelAndView [view="inventor/chimpum/form"; model={itemId=23, code=AAA-22-05-28, endDate=2022-06-08 10:00:00.0, newBudget=<<EUR 100.00>>, creationMoment=2022-05-28 10:00:00.0, description=Esto es una prueba5, id=11, title=Esto es una prueba1, moreInfo=https://moreinfo.com/, version=0, startDate=2022-06-01 10:00:00.0, budget=<<EUR 100.00>>, command=show, principal=acme.framework.entities.Principal@45501e6f}] 
2022-06-02 21:08:08.162 DEBUG [acme.framework.components.tiles.DynamicTilesView@http-nio-8080-exec-5] View name 'inventor/chimpum/form', model {itemId=23, code=AAA-22-05-28, endDate=2022-06-08 10:00:00.0, newBudget=<<EUR 100.00>>, creationMoment=2022-05-28 10:00:00.0, description=Esto es una prueba5, id=11, title=Esto es una prueba1, moreInfo=https://moreinfo.com/, version=0, startDate=2022-06-01 10:00:00.0, budget=<<EUR 100.00>>, command=show, principal=acme.framework.entities.Principal@45501e6f, org.springframework.validation.BindingResult.newBudget=org.springframework.validation.BeanPropertyBindingResult: 0 errors, org.springframework.validation.BindingResult.budget=org.springframework.validation.BeanPropertyBindingResult: 0 errors, org.springframework.validation.BindingResult.principal=org.springframework.validation.BeanPropertyBindingResult: 0 errors} 
2022-06-02 21:08:08.163 DEBUG [org.apache.jasper.servlet.JspServlet@http-nio-8080-exec-5] JspEngine --> /WEB-INF/views/master/page.jsp 
2022-06-02 21:08:08.163 DEBUG [org.apache.jasper.servlet.JspServlet@http-nio-8080-exec-5] ServletPath: /WEB-INF/views/master/page.jsp 
2022-06-02 21:08:08.163 DEBUG [org.apache.jasper.servlet.JspServlet@http-nio-8080-exec-5] PathInfo: null 
2022-06-02 21:08:08.165 DEBUG [org.apache.jasper.servlet.JspServlet@http-nio-8080-exec-5] RealPath: C:\Users\Jesús\Downloads\Workspace-22.0\Projects\jesrivgal-D06\target\classes\WEB-INF\views\master\page.jsp 
2022-06-02 21:08:08.165 DEBUG [org.apache.jasper.servlet.JspServlet@http-nio-8080-exec-5] RequestURI: /acme-toolkits-22.1/WEB-INF/views/master/page.jsp 
2022-06-02 21:08:08.165 DEBUG [org.apache.jasper.servlet.JspServlet@http-nio-8080-exec-5] QueryString: id=11 
2022-06-02 21:08:08.245 DEBUG [org.apache.jasper.servlet.JspServlet@http-nio-8080-exec-5] JspEngine --> /WEB-INF/views/inventor/chimpum/form.jsp 
2022-06-02 21:08:08.245 DEBUG [org.apache.jasper.servlet.JspServlet@http-nio-8080-exec-5] ServletPath: /WEB-INF/views/master/page.jsp 
2022-06-02 21:08:08.245 DEBUG [org.apache.jasper.servlet.JspServlet@http-nio-8080-exec-5] PathInfo: null 
2022-06-02 21:08:08.246 DEBUG [org.apache.jasper.servlet.JspServlet@http-nio-8080-exec-5] RealPath: C:\Users\Jesús\Downloads\Workspace-22.0\Projects\jesrivgal-D06\target\classes\WEB-INF\views\inventor\chimpum\form.jsp 
2022-06-02 21:08:08.247 DEBUG [org.apache.jasper.servlet.JspServlet@http-nio-8080-exec-5] RequestURI: /acme-toolkits-22.1/WEB-INF/views/master/page.jsp 
2022-06-02 21:08:08.247 DEBUG [org.apache.jasper.servlet.JspServlet@http-nio-8080-exec-5] QueryString: id=11 
2022-06-02 21:08:18.472 DEBUG [acme.framework.controllers.AbstractController@http-nio-8080-exec-7] DISPATCHING GET /acme-toolkits-22.1/inventor/item/list-my-components 
2022-06-02 21:08:18.472 DEBUG [acme.framework.controllers.AbstractController@http-nio-8080-exec-7] Command: list-my-components 
2022-06-02 21:08:18.472 DEBUG [acme.framework.controllers.AbstractController@http-nio-8080-exec-7] Model:   {} 
2022-06-02 21:08:18.472 DEBUG [acme.framework.controllers.AbstractController@http-nio-8080-exec-7] Locale:  en 
2022-06-02 21:08:18.472 DEBUG [acme.framework.controllers.AbstractController@http-nio-8080-exec-7] Starting transaction e3a0382d-9a9d-492f-9943-0d01187b6732 
2022-06-02 21:08:18.473 DEBUG [org.hibernate.SQL@http-nio-8080-exec-7] select item0_.id as id1_0_, item0_.version as version2_0_, item0_.chimpum_id as chimpum10_11_, item0_.code as code1_11_, item0_.description as descript2_11_, item0_.info as info3_11_, item0_.inventor_id as invento11_11_, item0_.item_type as item_typ4_11_, item0_.name as name5_11_, item0_.published as publishe6_11_, item0_.retail_price_amount as retail_p7_11_, item0_.retail_price_currency as retail_p8_11_, item0_.technology as technolo9_11_ from item item0_ where item0_.item_type='COMPONENT' and item0_.inventor_id=? 
2022-06-02 21:08:18.474 TRACE [org.hibernate.type.descriptor.sql.BasicBinder@http-nio-8080-exec-7] binding parameter [1] as [INTEGER] - [10] 
2022-06-02 21:08:18.475 DEBUG [org.hibernate.SQL@http-nio-8080-exec-7] select inventor0_.id as id1_0_0_, inventor0_.version as version2_0_0_, inventor0_.user_account_id as user_acc1_21_0_, inventor0_.company as company1_10_0_, inventor0_.info as info2_10_0_, inventor0_.statement as statemen3_10_0_, useraccoun1_.id as id1_0_1_, useraccoun1_.version as version2_0_1_, useraccoun1_.enabled as enabled1_20_1_, useraccoun1_.identity as identity2_20_1_, useraccoun1_.password as password3_20_1_, useraccoun1_.username as username4_20_1_ from inventor inventor0_ inner join user_account useraccoun1_ on inventor0_.user_account_id=useraccoun1_.id where inventor0_.id=? 
2022-06-02 21:08:18.475 TRACE [org.hibernate.type.descriptor.sql.BasicBinder@http-nio-8080-exec-7] binding parameter [1] as [INTEGER] - [10] 
2022-06-02 21:08:18.476 DEBUG [org.hibernate.SQL@http-nio-8080-exec-7] select systemconf0_.id as id1_0_, systemconf0_.version as version2_0_, systemconf0_.accepted_currencies as accepted1_18_, systemconf0_.strong_spam_terms_en as strong_s2_18_, systemconf0_.strong_spam_terms_es as strong_s3_18_, systemconf0_.strong_threshold as strong_t4_18_, systemconf0_.system_currency as system_c5_18_, systemconf0_.weak_spam_terms_en as weak_spa6_18_, systemconf0_.weak_spam_terms_es as weak_spa7_18_, systemconf0_.weak_threshold as weak_thr8_18_ from system_configuration systemconf0_ 
2022-06-02 21:08:18.480 DEBUG [org.hibernate.SQL@http-nio-8080-exec-7] select systemconf0_.id as id1_0_, systemconf0_.version as version2_0_, systemconf0_.accepted_currencies as accepted1_18_, systemconf0_.strong_spam_terms_en as strong_s2_18_, systemconf0_.strong_spam_terms_es as strong_s3_18_, systemconf0_.strong_threshold as strong_t4_18_, systemconf0_.system_currency as system_c5_18_, systemconf0_.weak_spam_terms_en as weak_spa6_18_, systemconf0_.weak_spam_terms_es as weak_spa7_18_, systemconf0_.weak_threshold as weak_thr8_18_ from system_configuration systemconf0_ 
2022-06-02 21:08:18.481 DEBUG [org.hibernate.SQL@http-nio-8080-exec-7] select systemconf0_.id as id1_0_, systemconf0_.version as version2_0_, systemconf0_.accepted_currencies as accepted1_18_, systemconf0_.strong_spam_terms_en as strong_s2_18_, systemconf0_.strong_spam_terms_es as strong_s3_18_, systemconf0_.strong_threshold as strong_t4_18_, systemconf0_.system_currency as system_c5_18_, systemconf0_.weak_spam_terms_en as weak_spa6_18_, systemconf0_.weak_spam_terms_es as weak_spa7_18_, systemconf0_.weak_threshold as weak_thr8_18_ from system_configuration systemconf0_ 
2022-06-02 21:08:18.482 DEBUG [org.hibernate.SQL@http-nio-8080-exec-7] select systemconf0_.id as id1_0_, systemconf0_.version as version2_0_, systemconf0_.accepted_currencies as accepted1_18_, systemconf0_.strong_spam_terms_en as strong_s2_18_, systemconf0_.strong_spam_terms_es as strong_s3_18_, systemconf0_.strong_threshold as strong_t4_18_, systemconf0_.system_currency as system_c5_18_, systemconf0_.weak_spam_terms_en as weak_spa6_18_, systemconf0_.weak_spam_terms_es as weak_spa7_18_, systemconf0_.weak_threshold as weak_thr8_18_ from system_configuration systemconf0_ 
2022-06-02 21:08:18.483 DEBUG [acme.framework.controllers.AbstractController@http-nio-8080-exec-7] Committing transaction e3a0382d-9a9d-492f-9943-0d01187b6732 
2022-06-02 21:08:18.483 DEBUG [acme.framework.controllers.AbstractController@http-nio-8080-exec-7] Starting transaction 01201441-16c6-452a-b24c-17d53825fd1e 
2022-06-02 21:08:18.483 DEBUG [acme.framework.controllers.AbstractController@http-nio-8080-exec-7] Committing transaction 01201441-16c6-452a-b24c-17d53825fd1e 
2022-06-02 21:08:18.484 DEBUG [acme.framework.controllers.AbstractController@http-nio-8080-exec-7] SERVING GET /acme-toolkits-22.1/inventor/item/list-my-components 
2022-06-02 21:08:18.484 DEBUG [acme.framework.controllers.AbstractController@http-nio-8080-exec-7] Result: ModelAndView [view="inventor/item/list"; model={published[1]=❌, newRetailPrice[3]=<<EUR 1025.00>>, version[3]=0, version[1]=0, retailPrice[2]=<<EUR 29.00>>, list$size=4, retailPrice[0]=<<EUR 28.00>>, published[3]=✔, retailPrice[3]=<<EUR 1025.00>>, code[0]=ABC-555-K, name[3]=keyboard, id[1]=17, code[2]=ABC-555-L, newRetailPrice[2]=<<EUR 29.00>>, id[3]=25, newRetailPrice[0]=<<EUR 28.00>>, name[1]=keyboardNP1, published[2]=❌, published[0]=❌, version[2]=0, retailPrice[1]=<<EUR 27.00>>, version[0]=0, code[1]=ABC-555-J, name[2]=keyboardNP3, id[0]=16, code[3]=ABC-124-C, newRetailPrice[1]=<<EUR 27.00>>, id[2]=20, name[0]=keyboardNP2, command=list-my-components, principal=acme.framework.entities.Principal@45501e6f}] 
2022-06-02 21:08:18.484 DEBUG [acme.framework.components.tiles.DynamicTilesView@http-nio-8080-exec-7] View name 'inventor/item/list', model {published[1]=❌, newRetailPrice[3]=<<EUR 1025.00>>, version[3]=0, version[1]=0, retailPrice[2]=<<EUR 29.00>>, list$size=4, retailPrice[0]=<<EUR 28.00>>, published[3]=✔, retailPrice[3]=<<EUR 1025.00>>, code[0]=ABC-555-K, name[3]=keyboard, id[1]=17, code[2]=ABC-555-L, newRetailPrice[2]=<<EUR 29.00>>, id[3]=25, newRetailPrice[0]=<<EUR 28.00>>, name[1]=keyboardNP1, published[2]=❌, published[0]=❌, version[2]=0, retailPrice[1]=<<EUR 27.00>>, version[0]=0, code[1]=ABC-555-J, name[2]=keyboardNP3, id[0]=16, code[3]=ABC-124-C, newRetailPrice[1]=<<EUR 27.00>>, id[2]=20, name[0]=keyboardNP2, command=list-my-components, principal=acme.framework.entities.Principal@45501e6f, org.springframework.validation.BindingResult.newRetailPrice[3]=org.springframework.validation.BeanPropertyBindingResult: 0 errors, org.springframework.validation.BindingResult.retailPrice[2]=org.springframework.validation.BeanPropertyBindingResult: 0 errors, org.springframework.validation.BindingResult.retailPrice[0]=org.springframework.validation.BeanPropertyBindingResult: 0 errors, org.springframework.validation.BindingResult.retailPrice[3]=org.springframework.validation.BeanPropertyBindingResult: 0 errors, org.springframework.validation.BindingResult.newRetailPrice[2]=org.springframework.validation.BeanPropertyBindingResult: 0 errors, org.springframework.validation.BindingResult.newRetailPrice[0]=org.springframework.validation.BeanPropertyBindingResult: 0 errors, org.springframework.validation.BindingResult.retailPrice[1]=org.springframework.validation.BeanPropertyBindingResult: 0 errors, org.springframework.validation.BindingResult.newRetailPrice[1]=org.springframework.validation.BeanPropertyBindingResult: 0 errors, org.springframework.validation.BindingResult.principal=org.springframework.validation.BeanPropertyBindingResult: 0 errors} 
2022-06-02 21:08:18.485 DEBUG [org.apache.jasper.servlet.JspServlet@http-nio-8080-exec-7] JspEngine --> /WEB-INF/views/master/page.jsp 
2022-06-02 21:08:18.485 DEBUG [org.apache.jasper.servlet.JspServlet@http-nio-8080-exec-7] ServletPath: /WEB-INF/views/master/page.jsp 
2022-06-02 21:08:18.485 DEBUG [org.apache.jasper.servlet.JspServlet@http-nio-8080-exec-7] PathInfo: null 
2022-06-02 21:08:18.486 DEBUG [org.apache.jasper.servlet.JspServlet@http-nio-8080-exec-7] RealPath: C:\Users\Jesús\Downloads\Workspace-22.0\Projects\jesrivgal-D06\target\classes\WEB-INF\views\master\page.jsp 
2022-06-02 21:08:18.486 DEBUG [org.apache.jasper.servlet.JspServlet@http-nio-8080-exec-7] RequestURI: /acme-toolkits-22.1/WEB-INF/views/master/page.jsp 
2022-06-02 21:08:18.487 DEBUG [org.apache.jasper.servlet.JspServlet@http-nio-8080-exec-7] QueryString: null 
2022-06-02 21:08:18.564 DEBUG [org.apache.jasper.servlet.JspServlet@http-nio-8080-exec-7] JspEngine --> /WEB-INF/views/inventor/item/list.jsp 
2022-06-02 21:08:18.564 DEBUG [org.apache.jasper.servlet.JspServlet@http-nio-8080-exec-7] ServletPath: /WEB-INF/views/master/page.jsp 
2022-06-02 21:08:18.564 DEBUG [org.apache.jasper.servlet.JspServlet@http-nio-8080-exec-7] PathInfo: null 
2022-06-02 21:08:18.565 DEBUG [org.apache.jasper.servlet.JspServlet@http-nio-8080-exec-7] RealPath: C:\Users\Jesús\Downloads\Workspace-22.0\Projects\jesrivgal-D06\target\classes\WEB-INF\views\inventor\item\list.jsp 
2022-06-02 21:08:18.565 DEBUG [org.apache.jasper.servlet.JspServlet@http-nio-8080-exec-7] RequestURI: /acme-toolkits-22.1/WEB-INF/views/master/page.jsp 
2022-06-02 21:08:18.565 DEBUG [org.apache.jasper.servlet.JspServlet@http-nio-8080-exec-7] QueryString: null 
2022-06-02 21:08:24.506 DEBUG [acme.framework.controllers.AbstractController@http-nio-8080-exec-4] DISPATCHING GET /acme-toolkits-22.1/inventor/item/show 
2022-06-02 21:08:24.507 DEBUG [acme.framework.controllers.AbstractController@http-nio-8080-exec-4] Command: show 
2022-06-02 21:08:24.507 DEBUG [acme.framework.controllers.AbstractController@http-nio-8080-exec-4] Model:   {id=25} 
2022-06-02 21:08:24.507 DEBUG [acme.framework.controllers.AbstractController@http-nio-8080-exec-4] Locale:  en 
2022-06-02 21:08:24.507 DEBUG [acme.framework.controllers.AbstractController@http-nio-8080-exec-4] Starting transaction 7cb65245-d831-456e-8ddd-ab7ecb92961e 
2022-06-02 21:08:24.508 DEBUG [org.hibernate.SQL@http-nio-8080-exec-4] select item0_.id as id1_0_, item0_.version as version2_0_, item0_.chimpum_id as chimpum10_11_, item0_.code as code1_11_, item0_.description as descript2_11_, item0_.info as info3_11_, item0_.inventor_id as invento11_11_, item0_.item_type as item_typ4_11_, item0_.name as name5_11_, item0_.published as publishe6_11_, item0_.retail_price_amount as retail_p7_11_, item0_.retail_price_currency as retail_p8_11_, item0_.technology as technolo9_11_ from item item0_ where item0_.id=? 
2022-06-02 21:08:24.508 TRACE [org.hibernate.type.descriptor.sql.BasicBinder@http-nio-8080-exec-4] binding parameter [1] as [INTEGER] - [25] 
2022-06-02 21:08:24.509 DEBUG [org.hibernate.SQL@http-nio-8080-exec-4] select inventor0_.id as id1_0_0_, inventor0_.version as version2_0_0_, inventor0_.user_account_id as user_acc1_21_0_, inventor0_.company as company1_10_0_, inventor0_.info as info2_10_0_, inventor0_.statement as statemen3_10_0_, useraccoun1_.id as id1_0_1_, useraccoun1_.version as version2_0_1_, useraccoun1_.enabled as enabled1_20_1_, useraccoun1_.identity as identity2_20_1_, useraccoun1_.password as password3_20_1_, useraccoun1_.username as username4_20_1_ from inventor inventor0_ inner join user_account useraccoun1_ on inventor0_.user_account_id=useraccoun1_.id where inventor0_.id=? 
2022-06-02 21:08:24.509 TRACE [org.hibernate.type.descriptor.sql.BasicBinder@http-nio-8080-exec-4] binding parameter [1] as [INTEGER] - [10] 
2022-06-02 21:08:24.511 DEBUG [org.hibernate.SQL@http-nio-8080-exec-4] select item0_.id as id1_0_, item0_.version as version2_0_, item0_.chimpum_id as chimpum10_11_, item0_.code as code1_11_, item0_.description as descript2_11_, item0_.info as info3_11_, item0_.inventor_id as invento11_11_, item0_.item_type as item_typ4_11_, item0_.name as name5_11_, item0_.published as publishe6_11_, item0_.retail_price_amount as retail_p7_11_, item0_.retail_price_currency as retail_p8_11_, item0_.technology as technolo9_11_ from item item0_ where item0_.id=? 
2022-06-02 21:08:24.511 TRACE [org.hibernate.type.descriptor.sql.BasicBinder@http-nio-8080-exec-4] binding parameter [1] as [INTEGER] - [25] 
2022-06-02 21:08:24.512 DEBUG [org.hibernate.SQL@http-nio-8080-exec-4] select systemconf0_.id as id1_0_, systemconf0_.version as version2_0_, systemconf0_.accepted_currencies as accepted1_18_, systemconf0_.strong_spam_terms_en as strong_s2_18_, systemconf0_.strong_spam_terms_es as strong_s3_18_, systemconf0_.strong_threshold as strong_t4_18_, systemconf0_.system_currency as system_c5_18_, systemconf0_.weak_spam_terms_en as weak_spa6_18_, systemconf0_.weak_spam_terms_es as weak_spa7_18_, systemconf0_.weak_threshold as weak_thr8_18_ from system_configuration systemconf0_ 
2022-06-02 21:08:24.513 DEBUG [acme.framework.controllers.AbstractController@http-nio-8080-exec-4] Committing transaction 7cb65245-d831-456e-8ddd-ab7ecb92961e 
2022-06-02 21:08:24.513 DEBUG [acme.framework.controllers.AbstractController@http-nio-8080-exec-4] Starting transaction ebb3cc77-8b0b-4cd6-922f-3d73f256ad80 
2022-06-02 21:08:24.513 DEBUG [acme.framework.controllers.AbstractController@http-nio-8080-exec-4] Committing transaction ebb3cc77-8b0b-4cd6-922f-3d73f256ad80 
2022-06-02 21:08:24.514 DEBUG [acme.framework.controllers.AbstractController@http-nio-8080-exec-4] SERVING GET /acme-toolkits-22.1/inventor/item/show 
2022-06-02 21:08:24.514 DEBUG [acme.framework.controllers.AbstractController@http-nio-8080-exec-4] Result: ModelAndView [view="inventor/item/form"; model={newRetailPrice=<<EUR 1025.00>>, itemId=25, itemType=COMPONENT, code=ABC-124-C, name=keyboard, description=Lorem Ipsum is simply dummy text of the printing and typesetting industry. Lorem Ipsum has been the industry's standard dummy text ever since the 1500s, when an unknown printer took a galley of type and scrambled it to make a type specimen book. It has s., technology=super, published=true, id=25, retailPrice=<<EUR 1025.00>>, version=0, info=https://regexr.com/, command=show, principal=acme.framework.entities.Principal@45501e6f}] 
2022-06-02 21:08:24.514 DEBUG [acme.framework.components.tiles.DynamicTilesView@http-nio-8080-exec-4] View name 'inventor/item/form', model {newRetailPrice=<<EUR 1025.00>>, itemId=25, itemType=COMPONENT, code=ABC-124-C, name=keyboard, description=Lorem Ipsum is simply dummy text of the printing and typesetting industry. Lorem Ipsum has been the industry's standard dummy text ever since the 1500s, when an unknown printer took a galley of type and scrambled it to make a type specimen book. It has s., technology=super, published=true, id=25, retailPrice=<<EUR 1025.00>>, version=0, info=https://regexr.com/, command=show, principal=acme.framework.entities.Principal@45501e6f, org.springframework.validation.BindingResult.newRetailPrice=org.springframework.validation.BeanPropertyBindingResult: 0 errors, org.springframework.validation.BindingResult.retailPrice=org.springframework.validation.BeanPropertyBindingResult: 0 errors, org.springframework.validation.BindingResult.principal=org.springframework.validation.BeanPropertyBindingResult: 0 errors} 
2022-06-02 21:08:24.515 DEBUG [org.apache.jasper.servlet.JspServlet@http-nio-8080-exec-4] JspEngine --> /WEB-INF/views/master/page.jsp 
2022-06-02 21:08:24.515 DEBUG [org.apache.jasper.servlet.JspServlet@http-nio-8080-exec-4] ServletPath: /WEB-INF/views/master/page.jsp 
2022-06-02 21:08:24.515 DEBUG [org.apache.jasper.servlet.JspServlet@http-nio-8080-exec-4] PathInfo: null 
2022-06-02 21:08:24.516 DEBUG [org.apache.jasper.servlet.JspServlet@http-nio-8080-exec-4] RealPath: C:\Users\Jesús\Downloads\Workspace-22.0\Projects\jesrivgal-D06\target\classes\WEB-INF\views\master\page.jsp 
2022-06-02 21:08:24.516 DEBUG [org.apache.jasper.servlet.JspServlet@http-nio-8080-exec-4] RequestURI: /acme-toolkits-22.1/WEB-INF/views/master/page.jsp 
2022-06-02 21:08:24.516 DEBUG [org.apache.jasper.servlet.JspServlet@http-nio-8080-exec-4] QueryString: id=25 
2022-06-02 21:08:24.594 DEBUG [org.apache.jasper.servlet.JspServlet@http-nio-8080-exec-4] JspEngine --> /WEB-INF/views/inventor/item/form.jsp 
2022-06-02 21:08:24.594 DEBUG [org.apache.jasper.servlet.JspServlet@http-nio-8080-exec-4] ServletPath: /WEB-INF/views/master/page.jsp 
2022-06-02 21:08:24.594 DEBUG [org.apache.jasper.servlet.JspServlet@http-nio-8080-exec-4] PathInfo: null 
2022-06-02 21:08:24.595 DEBUG [org.apache.jasper.servlet.JspServlet@http-nio-8080-exec-4] RealPath: C:\Users\Jesús\Downloads\Workspace-22.0\Projects\jesrivgal-D06\target\classes\WEB-INF\views\inventor\item\form.jsp 
2022-06-02 21:08:24.595 DEBUG [org.apache.jasper.servlet.JspServlet@http-nio-8080-exec-4] RequestURI: /acme-toolkits-22.1/WEB-INF/views/master/page.jsp 
2022-06-02 21:08:24.596 DEBUG [org.apache.jasper.servlet.JspServlet@http-nio-8080-exec-4] QueryString: id=25 
2022-06-02 21:08:30.090 DEBUG [acme.framework.controllers.AbstractController@http-nio-8080-exec-1] DISPATCHING GET /acme-toolkits-22.1/inventor/chimpum/create 
2022-06-02 21:08:30.090 DEBUG [acme.framework.controllers.AbstractController@http-nio-8080-exec-1] Command: create 
2022-06-02 21:08:30.090 DEBUG [acme.framework.controllers.AbstractController@http-nio-8080-exec-1] Model:   {itemId=25} 
2022-06-02 21:08:30.090 DEBUG [acme.framework.controllers.AbstractController@http-nio-8080-exec-1] Locale:  en 
2022-06-02 21:08:30.090 DEBUG [acme.framework.controllers.AbstractController@http-nio-8080-exec-1] Starting transaction 31c79288-b953-4a76-8418-4a67ebfb0481 
2022-06-02 21:08:30.091 DEBUG [org.hibernate.SQL@http-nio-8080-exec-1] select item0_.id as id1_0_, item0_.version as version2_0_, item0_.chimpum_id as chimpum10_11_, item0_.code as code1_11_, item0_.description as descript2_11_, item0_.info as info3_11_, item0_.inventor_id as invento11_11_, item0_.item_type as item_typ4_11_, item0_.name as name5_11_, item0_.published as publishe6_11_, item0_.retail_price_amount as retail_p7_11_, item0_.retail_price_currency as retail_p8_11_, item0_.technology as technolo9_11_ from item item0_ where item0_.id=? 
2022-06-02 21:08:30.091 TRACE [org.hibernate.type.descriptor.sql.BasicBinder@http-nio-8080-exec-1] binding parameter [1] as [INTEGER] - [25] 
2022-06-02 21:08:30.092 DEBUG [org.hibernate.SQL@http-nio-8080-exec-1] select inventor0_.id as id1_0_0_, inventor0_.version as version2_0_0_, inventor0_.user_account_id as user_acc1_21_0_, inventor0_.company as company1_10_0_, inventor0_.info as info2_10_0_, inventor0_.statement as statemen3_10_0_, useraccoun1_.id as id1_0_1_, useraccoun1_.version as version2_0_1_, useraccoun1_.enabled as enabled1_20_1_, useraccoun1_.identity as identity2_20_1_, useraccoun1_.password as password3_20_1_, useraccoun1_.username as username4_20_1_ from inventor inventor0_ inner join user_account useraccoun1_ on inventor0_.user_account_id=useraccoun1_.id where inventor0_.id=? 
2022-06-02 21:08:30.092 TRACE [org.hibernate.type.descriptor.sql.BasicBinder@http-nio-8080-exec-1] binding parameter [1] as [INTEGER] - [10] 
2022-06-02 21:08:30.094 DEBUG [org.hibernate.SQL@http-nio-8080-exec-1] select item0_.id as id1_0_, item0_.version as version2_0_, item0_.chimpum_id as chimpum10_11_, item0_.code as code1_11_, item0_.description as descript2_11_, item0_.info as info3_11_, item0_.inventor_id as invento11_11_, item0_.item_type as item_typ4_11_, item0_.name as name5_11_, item0_.published as publishe6_11_, item0_.retail_price_amount as retail_p7_11_, item0_.retail_price_currency as retail_p8_11_, item0_.technology as technolo9_11_ from item item0_ where item0_.id=? 
2022-06-02 21:08:30.094 TRACE [org.hibernate.type.descriptor.sql.BasicBinder@http-nio-8080-exec-1] binding parameter [1] as [INTEGER] - [25] 
2022-06-02 21:08:30.095 DEBUG [acme.framework.controllers.AbstractController@http-nio-8080-exec-1] Rolling transaction 31c79288-b953-4a76-8418-4a67ebfb0481 back 
2022-06-02 21:08:30.096 DEBUG [acme.framework.controllers.AbstractController@http-nio-8080-exec-1] Starting transaction 13c7086c-c934-4a7c-95bc-dbc41aa18710 
2022-06-02 21:08:30.097 DEBUG [acme.framework.controllers.AbstractController@http-nio-8080-exec-1] Committing transaction 13c7086c-c934-4a7c-95bc-dbc41aa18710 
2022-06-02 21:08:30.097 DEBUG [acme.framework.controllers.AbstractController@http-nio-8080-exec-1] SERVING GET /acme-toolkits-22.1/inventor/chimpum/create 
2022-06-02 21:08:30.097 DEBUG [acme.framework.controllers.AbstractController@http-nio-8080-exec-1] Result: ModelAndView [view="master/panic"; model={oops=java.lang.NullPointerException}] 
2022-06-02 21:08:30.097 DEBUG [acme.framework.components.tiles.DynamicTilesView@http-nio-8080-exec-1] View name 'master/panic', model {oops=java.lang.NullPointerException, org.springframework.validation.BindingResult.oops=org.springframework.validation.BeanPropertyBindingResult: 0 errors} 
2022-06-02 21:08:30.098 DEBUG [org.apache.jasper.servlet.JspServlet@http-nio-8080-exec-1] JspEngine --> /WEB-INF/views/master/page.jsp 
2022-06-02 21:08:30.098 DEBUG [org.apache.jasper.servlet.JspServlet@http-nio-8080-exec-1] ServletPath: /WEB-INF/views/master/page.jsp 
2022-06-02 21:08:30.098 DEBUG [org.apache.jasper.servlet.JspServlet@http-nio-8080-exec-1] PathInfo: null 
2022-06-02 21:08:30.099 DEBUG [org.apache.jasper.servlet.JspServlet@http-nio-8080-exec-1] RealPath: C:\Users\Jesús\Downloads\Workspace-22.0\Projects\jesrivgal-D06\target\classes\WEB-INF\views\master\page.jsp 
2022-06-02 21:08:30.099 DEBUG [org.apache.jasper.servlet.JspServlet@http-nio-8080-exec-1] RequestURI: /acme-toolkits-22.1/WEB-INF/views/master/page.jsp 
2022-06-02 21:08:30.099 DEBUG [org.apache.jasper.servlet.JspServlet@http-nio-8080-exec-1] QueryString: itemId=25 
2022-06-02 21:08:30.181 DEBUG [org.apache.jasper.servlet.JspServlet@http-nio-8080-exec-1] JspEngine --> /WEB-INF/views/master/panic.jsp 
2022-06-02 21:08:30.181 DEBUG [org.apache.jasper.servlet.JspServlet@http-nio-8080-exec-1] ServletPath: /WEB-INF/views/master/page.jsp 
2022-06-02 21:08:30.181 DEBUG [org.apache.jasper.servlet.JspServlet@http-nio-8080-exec-1] PathInfo: null 
2022-06-02 21:08:30.182 DEBUG [org.apache.jasper.servlet.JspServlet@http-nio-8080-exec-1] RealPath: C:\Users\Jesús\Downloads\Workspace-22.0\Projects\jesrivgal-D06\target\classes\WEB-INF\views\master\panic.jsp 
2022-06-02 21:08:30.182 DEBUG [org.apache.jasper.servlet.JspServlet@http-nio-8080-exec-1] RequestURI: /acme-toolkits-22.1/WEB-INF/views/master/page.jsp 
2022-06-02 21:08:30.182 DEBUG [org.apache.jasper.servlet.JspServlet@http-nio-8080-exec-1] QueryString: itemId=25 
2022-06-02 21:08:30.302 ERROR [org.apache.jsp.WEB_002dINF.views.master.panic_jsp@http-nio-8080-exec-1] HTTP GET /acme-toolkits-22.1/WEB-INF/views/master/page.jsp HTTP/1.1 
2022-06-02 21:08:30.302 ERROR [org.apache.jsp.WEB_002dINF.views.master.panic_jsp@http-nio-8080-exec-1] Status: 500 
2022-06-02 21:08:30.303 ERROR [org.apache.jsp.WEB_002dINF.views.master.panic_jsp@http-nio-8080-exec-1] Exception: acme.features.inventor.chimpum.InventorChimpumCreateService.unbind(InventorChimpumCreateService.java:58): java.lang.NullPointerException 
